#
# There is insufficient memory for the Java Runtime Environment to continue.
# Native memory allocation (malloc) failed to allocate 2097152 bytes. Error detail: AllocateHeap
# Possible reasons:
#   The system is out of physical RAM or swap space
#   This process is running with CompressedOops enabled, and the Java Heap may be blocking the growth of the native heap
# Possible solutions:
#   Reduce memory load on the system
#   Increase physical memory or swap space
#   Check if swap backing store is full
#   Decrease Java heap size (-Xmx/-Xms)
#   Decrease number of Java threads
#   Decrease Java thread stack sizes (-Xss)
#   Set larger code cache with -XX:ReservedCodeCacheSize=
#   JVM is running with Unscaled Compressed Oops mode in which the Java heap is
#     placed in the first 4GB address space. The Java Heap base address is the
#     maximum limit for the native heap growth. Please use -XX:HeapBaseMinAddress
#     to set the Java Heap base and to place the Java Heap above 4GB virtual address.
# This output file may be truncated or incomplete.
#
#  Out of Memory Error (allocation.cpp:44), pid=33252, tid=33180
#
# JRE version: OpenJDK Runtime Environment Temurin-17.0.11+9 (17.0.11+9) (build 17.0.11+9)
# Java VM: OpenJDK 64-Bit Server VM Temurin-17.0.11+9 (17.0.11+9, mixed mode, emulated-client, tiered, compressed oops, compressed class ptrs, g1 gc, windows-amd64)
# No core dump will be written. Minidumps are not enabled by default on client versions of Windows
#

---------------  S U M M A R Y ------------

Command Line: -Xmx1024m -Dsts.lsp.client=vscode -Dsts.log.file=/dev/null -XX:TieredStopAtLevel=1 -Xlog:jni+resolve=off -Dspring.config.location=file:c:\Users\nmene\.vscode\extensions\vmware.vscode-spring-boot-1.56.0\language-server\BOOT-INF\classes\application.properties org.springframework.ide.vscode.boot.app.BootLanguageServerBootApp

Host: AMD Ryzen 5 2500U with Radeon Vega Mobile Gfx  , 8 cores, 6G,  Windows 11 , 64 bit Build 22621 (10.0.22621.3958)
Time: Fri Aug 23 15:27:38 2024 Hora estándar central (México) elapsed time: 2234.272061 seconds (0d 0h 37m 14s)

---------------  T H R E A D  ---------------

Current thread (0x0000014bfedbca90):  VMThread "VM Thread" [stack: 0x0000000a3fd00000,0x0000000a3fe00000] [id=33180]

Stack: [0x0000000a3fd00000,0x0000000a3fe00000]
Native frames: (J=compiled Java code, j=interpreted, Vv=VM code, C=native code)
V  [jvm.dll+0x67d429]
V  [jvm.dll+0x834b7a]
V  [jvm.dll+0x83663e]
V  [jvm.dll+0x836ca3]
V  [jvm.dll+0x247dbf]
V  [jvm.dll+0xa6cb3]
V  [jvm.dll+0x2f8b61]
V  [jvm.dll+0x2f4750]
V  [jvm.dll+0x2dcf67]
V  [jvm.dll+0x31fb67]
V  [jvm.dll+0x83b19b]
V  [jvm.dll+0x83bed2]
V  [jvm.dll+0x83c3ed]
V  [jvm.dll+0x83c7c4]
V  [jvm.dll+0x83c890]
V  [jvm.dll+0x7e410a]
V  [jvm.dll+0x67c315]
C  [ucrtbase.dll+0x29333]
C  [KERNEL32.DLL+0x1257d]
C  [ntdll.dll+0x5af28]

VM_Operation (0x0000000a415ff180): G1CollectFull, mode: safepoint, requested by thread 0x0000014b84de85a0


---------------  P R O C E S S  ---------------

Threads class SMR info:
_java_thread_list=0x0000014bffa8bfc0, length=27, elements={
0x0000014bfedd1380, 0x0000014bfedd2110, 0x0000014bfedf9a40, 0x0000014bfedfa310,
0x0000014bfedfabe0, 0x0000014bfedfb4b0, 0x0000014bfedffe50, 0x0000014bfee00760,
0x0000014bff149d90, 0x0000014bff1535f0, 0x0000014b84e1e350, 0x0000014b84de85a0,
0x0000014b84e43ea0, 0x0000014bf3f87780, 0x0000014b84ec7eb0, 0x0000014b84f74d90,
0x0000014b84f9ba20, 0x0000014b84f98570, 0x0000014b84f95cf0, 0x0000014b84f96c20,
0x0000014b84f97640, 0x0000014b84f96200, 0x0000014b84f98060, 0x0000014b84f97130,
0x0000014b84f98a80, 0x0000014b84f957e0, 0x0000014b84fcc310
}

Java Threads: ( => current thread )
  0x0000014bfedd1380 JavaThread "Reference Handler" daemon [_thread_blocked, id=26900, stack(0x0000000a3fe00000,0x0000000a3ff00000)]
  0x0000014bfedd2110 JavaThread "Finalizer" daemon [_thread_blocked, id=20420, stack(0x0000000a3ff00000,0x0000000a40000000)]
  0x0000014bfedf9a40 JavaThread "Signal Dispatcher" daemon [_thread_blocked, id=27348, stack(0x0000000a40000000,0x0000000a40100000)]
  0x0000014bfedfa310 JavaThread "Attach Listener" daemon [_thread_blocked, id=10044, stack(0x0000000a40100000,0x0000000a40200000)]
  0x0000014bfedfabe0 JavaThread "Service Thread" daemon [_thread_blocked, id=29964, stack(0x0000000a40200000,0x0000000a40300000)]
  0x0000014bfedfb4b0 JavaThread "Monitor Deflation Thread" daemon [_thread_blocked, id=25120, stack(0x0000000a40300000,0x0000000a40400000)]
  0x0000014bfedffe50 JavaThread "C1 CompilerThread0" daemon [_thread_blocked, id=31116, stack(0x0000000a40400000,0x0000000a40500000)]
  0x0000014bfee00760 JavaThread "Sweeper thread" daemon [_thread_blocked, id=26656, stack(0x0000000a40500000,0x0000000a40600000)]
  0x0000014bff149d90 JavaThread "Notification Thread" daemon [_thread_blocked, id=22584, stack(0x0000000a40800000,0x0000000a40900000)]
  0x0000014bff1535f0 JavaThread "Common-Cleaner" daemon [_thread_blocked, id=26512, stack(0x0000000a40a00000,0x0000000a40b00000)]
  0x0000014b84e1e350 JavaThread "boundedElastic-evictor-1" daemon [_thread_blocked, id=33200, stack(0x0000000a41100000,0x0000000a41200000)]
  0x0000014b84de85a0 JavaThread "pool-13-thread-1" [_thread_blocked, id=33128, stack(0x0000000a41500000,0x0000000a41600000)]
  0x0000014b84e43ea0 JavaThread "LanguageServerApp-lifecycle" [_thread_blocked, id=29920, stack(0x0000000a41600000,0x0000000a41700000)]
  0x0000014bf3f87780 JavaThread "DestroyJavaVM" [_thread_blocked, id=21608, stack(0x0000000a3f700000,0x0000000a3f800000)]
  0x0000014b84ec7eb0 JavaThread "pool-14-thread-1" [_thread_in_native, id=34412, stack(0x0000000a41700000,0x0000000a41800000)]
  0x0000014b84f74d90 JavaThread "Simple-Language-Server main thread" daemon [_thread_blocked, id=32140, stack(0x0000000a41800000,0x0000000a41900000)]
  0x0000014b84f9ba20 JavaThread "parallel-1" daemon [_thread_blocked, id=21896, stack(0x0000000a41900000,0x0000000a41a00000)]
  0x0000014b84f98570 JavaThread "pool-8-thread-1" [_thread_blocked, id=12160, stack(0x0000000a41a00000,0x0000000a41b00000)]
  0x0000014b84f95cf0 JavaThread "parallel-2" daemon [_thread_blocked, id=16808, stack(0x0000000a41b00000,0x0000000a41c00000)]
  0x0000014b84f96c20 JavaThread "parallel-3" daemon [_thread_blocked, id=8312, stack(0x0000000a41c00000,0x0000000a41d00000)]
  0x0000014b84f97640 JavaThread "parallel-4" daemon [_thread_blocked, id=32948, stack(0x0000000a41d00000,0x0000000a41e00000)]
  0x0000014b84f96200 JavaThread "parallel-5" daemon [_thread_blocked, id=34736, stack(0x0000000a41e00000,0x0000000a41f00000)]
  0x0000014b84f98060 JavaThread "parallel-6" daemon [_thread_blocked, id=8180, stack(0x0000000a41f00000,0x0000000a42000000)]
  0x0000014b84f97130 JavaThread "parallel-7" daemon [_thread_blocked, id=34144, stack(0x0000000a42000000,0x0000000a42100000)]
  0x0000014b84f98a80 JavaThread "parallel-8" daemon [_thread_blocked, id=26744, stack(0x0000000a42100000,0x0000000a42200000)]
  0x0000014b84f957e0 JavaThread "pool-6-thread-1" [_thread_blocked, id=21924, stack(0x0000000a42300000,0x0000000a42400000)]
  0x0000014b84fcc310 JavaThread "Reconciler-1" daemon [_thread_blocked, id=12032, stack(0x0000000a42600000,0x0000000a42700000)]

Other Threads:
=>0x0000014bfedbca90 VMThread "VM Thread" [stack: 0x0000000a3fd00000,0x0000000a3fe00000] [id=33180]
  0x0000014bff14a270 WatcherThread [stack: 0x0000000a40900000,0x0000000a40a00000] [id=28572]
  0x0000014bf3fc66b0 GCTaskThread "GC Thread#0" [stack: 0x0000000a3f800000,0x0000000a3f900000] [id=25168]
  0x0000014b84088760 GCTaskThread "GC Thread#1" [stack: 0x0000000a40b00000,0x0000000a40c00000] [id=32528]
  0x0000014bffa02c40 GCTaskThread "GC Thread#2" [stack: 0x0000000a40c00000,0x0000000a40d00000] [id=26500]
  0x0000014b840a6020 GCTaskThread "GC Thread#3" [stack: 0x0000000a40d00000,0x0000000a40e00000] [id=26964]
  0x0000014b842e0670 GCTaskThread "GC Thread#4" [stack: 0x0000000a40e00000,0x0000000a40f00000] [id=28216]
  0x0000014b842e1940 GCTaskThread "GC Thread#5" [stack: 0x0000000a40f00000,0x0000000a41000000] [id=33560]
  0x0000014b8465e0a0 GCTaskThread "GC Thread#6" [stack: 0x0000000a41200000,0x0000000a41300000] [id=10352]
  0x0000014b8465ef80 GCTaskThread "GC Thread#7" [stack: 0x0000000a41300000,0x0000000a41400000] [id=10500]
  0x0000014bf3fcf510 ConcurrentGCThread "G1 Main Marker" [stack: 0x0000000a3f900000,0x0000000a3fa00000] [id=22772]
  0x0000014bf3fd0e50 ConcurrentGCThread "G1 Conc#0" [stack: 0x0000000a3fa00000,0x0000000a3fb00000] [id=20068]
  0x0000014b845ab8c0 ConcurrentGCThread "G1 Conc#1" [stack: 0x0000000a41400000,0x0000000a41500000] [id=24172]
  0x0000014bfec320b0 ConcurrentGCThread "G1 Refine#0" [stack: 0x0000000a3fb00000,0x0000000a3fc00000] [id=19836]
  0x0000014bfec329f0 ConcurrentGCThread "G1 Service" [stack: 0x0000000a3fc00000,0x0000000a3fd00000] [id=29800]

Threads with active compile tasks:

VM state: at safepoint (normal execution)

VM Mutex/Monitor currently owned by a thread:  ([mutex/lock_event])
[0x0000014bf1ccfcb0] Threads_lock - owner thread: 0x0000014bfedbca90
[0x0000014bf3f85550] Heap_lock - owner thread: 0x0000014b84de85a0

Heap address: 0x00000000c0000000, size: 1024 MB, Compressed Oops mode: 32-bit

CDS archive(s) not mapped
Compressed class space mapped at: 0x0000000100000000-0x0000000140000000, reserved size: 1073741824
Narrow klass base: 0x0000000000000000, Narrow klass shift: 3, Narrow klass range: 0x140000000

GC Precious Log:
 CPUs: 8 total, 8 available
 Memory: 7117M
 Large Page Support: Disabled
 NUMA Support: Disabled
 Compressed Oops: Enabled (32-bit)
 Heap Region Size: 1M
 Heap Min Capacity: 8M
 Heap Initial Capacity: 112M
 Heap Max Capacity: 1G
 Pre-touch: Disabled
 Parallel Workers: 8
 Concurrent Workers: 2
 Concurrent Refinement Workers: 8
 Periodic GC: Disabled

Heap:
 garbage-first heap   total 86016K, used 25431K [0x00000000c0000000, 0x0000000100000000)
  region size 1024K, 1 young (1024K), 0 survivors (0K)
 Metaspace       used 41644K, committed 42176K, reserved 1114112K
  class space    used 5342K, committed 5568K, reserved 1048576K

Heap Regions: E=young(eden), S=young(survivor), O=old, HS=humongous(starts), HC=humongous(continues), CS=collection set, F=free, OA=open archive, CA=closed archive, TAMS=top-at-mark-start (previous, next)
|   0|0x00000000c0000000, 0x00000000c0100000, 0x00000000c0100000|100%|HS|  |TAMS 0x00000000c0100000, 0x00000000c0000000| Untracked 
|   1|0x00000000c0100000, 0x00000000c0200000, 0x00000000c0200000|100%|HC|  |TAMS 0x00000000c0200000, 0x00000000c0100000| Untracked 
|   2|0x00000000c0200000, 0x00000000c0300000, 0x00000000c0300000|100%|HC|  |TAMS 0x00000000c0300000, 0x00000000c0200000| Untracked 
|   3|0x00000000c0300000, 0x00000000c0400000, 0x00000000c0400000|100%|HC|  |TAMS 0x00000000c0400000, 0x00000000c0300000| Untracked 
|   4|0x00000000c0400000, 0x00000000c0500000, 0x00000000c0500000|100%|HS|  |TAMS 0x00000000c0500000, 0x00000000c0400000| Untracked 
|   5|0x00000000c0500000, 0x00000000c0600000, 0x00000000c0600000|100%|HC|  |TAMS 0x00000000c0600000, 0x00000000c0500000| Untracked 
|   6|0x00000000c0600000, 0x00000000c0700000, 0x00000000c0700000|100%| O|  |TAMS 0x00000000c0700000, 0x00000000c0600000| Untracked 
|   7|0x00000000c0700000, 0x00000000c0800000, 0x00000000c0800000|100%| O|  |TAMS 0x00000000c0800000, 0x00000000c0700000| Untracked 
|   8|0x00000000c0800000, 0x00000000c0900000, 0x00000000c0900000|100%| O|  |TAMS 0x00000000c0900000, 0x00000000c0800000| Untracked 
|   9|0x00000000c0900000, 0x00000000c0a00000, 0x00000000c0a00000|100%| O|  |TAMS 0x00000000c0a00000, 0x00000000c0900000| Untracked 
|  10|0x00000000c0a00000, 0x00000000c0b00000, 0x00000000c0b00000|100%| O|  |TAMS 0x00000000c0b00000, 0x00000000c0a00000| Untracked 
|  11|0x00000000c0b00000, 0x00000000c0c00000, 0x00000000c0c00000|100%| O|  |TAMS 0x00000000c0c00000, 0x00000000c0b00000| Untracked 
|  12|0x00000000c0c00000, 0x00000000c0cffff8, 0x00000000c0d00000| 99%| O|  |TAMS 0x00000000c0cffff8, 0x00000000c0c00000| Untracked 
|  13|0x00000000c0d00000, 0x00000000c0e00000, 0x00000000c0e00000|100%| O|  |TAMS 0x00000000c0e00000, 0x00000000c0d00000| Untracked 
|  14|0x00000000c0e00000, 0x00000000c0effff8, 0x00000000c0f00000| 99%| O|  |TAMS 0x00000000c0effff8, 0x00000000c0e00000| Untracked 
|  15|0x00000000c0f00000, 0x00000000c0ffffe0, 0x00000000c1000000| 99%| O|  |TAMS 0x00000000c0ffffe0, 0x00000000c0f00000| Untracked 
|  16|0x00000000c1000000, 0x00000000c10ffff8, 0x00000000c1100000| 99%| O|  |TAMS 0x00000000c10ffff8, 0x00000000c1000000| Untracked 
|  17|0x00000000c1100000, 0x00000000c11fff90, 0x00000000c1200000| 99%| O|  |TAMS 0x00000000c11fff90, 0x00000000c1100000| Untracked 
|  18|0x00000000c1200000, 0x00000000c12ffff8, 0x00000000c1300000| 99%| O|  |TAMS 0x00000000c12ffff8, 0x00000000c1200000| Untracked 
|  19|0x00000000c1300000, 0x00000000c13ffff0, 0x00000000c1400000| 99%| O|  |TAMS 0x00000000c13ffff0, 0x00000000c1300000| Untracked 
|  20|0x00000000c1400000, 0x00000000c14f7a20, 0x00000000c1500000| 96%| O|  |TAMS 0x00000000c14f7a20, 0x00000000c1400000| Untracked 
|  21|0x00000000c1500000, 0x00000000c15fffe0, 0x00000000c1600000| 99%| O|  |TAMS 0x00000000c15fffe0, 0x00000000c1500000| Untracked 
|  22|0x00000000c1600000, 0x00000000c16fffe0, 0x00000000c1700000| 99%| O|  |TAMS 0x00000000c16fffe0, 0x00000000c1600000| Untracked 
|  23|0x00000000c1700000, 0x00000000c17ffff0, 0x00000000c1800000| 99%| O|  |TAMS 0x00000000c17ffff0, 0x00000000c1700000| Untracked 
|  24|0x00000000c1800000, 0x00000000c18dbf78, 0x00000000c1900000| 85%| O|  |TAMS 0x00000000c1800000, 0x00000000c1800000| Untracked 
|  25|0x00000000c1900000, 0x00000000c19024b8, 0x00000000c1a00000|  0%| O|  |TAMS 0x00000000c1900000, 0x00000000c1900000| Untracked 
|  26|0x00000000c1a00000, 0x00000000c1a00000, 0x00000000c1b00000|  0%| F|  |TAMS 0x00000000c1a00000, 0x00000000c1a00000| Untracked 
|  27|0x00000000c1b00000, 0x00000000c1b00000, 0x00000000c1c00000|  0%| F|  |TAMS 0x00000000c1b00000, 0x00000000c1b00000| Untracked 
|  28|0x00000000c1c00000, 0x00000000c1c00000, 0x00000000c1d00000|  0%| F|  |TAMS 0x00000000c1c00000, 0x00000000c1c00000| Untracked 
|  29|0x00000000c1d00000, 0x00000000c1d00000, 0x00000000c1e00000|  0%| F|  |TAMS 0x00000000c1d00000, 0x00000000c1d00000| Untracked 
|  30|0x00000000c1e00000, 0x00000000c1e00000, 0x00000000c1f00000|  0%| F|  |TAMS 0x00000000c1e00000, 0x00000000c1e00000| Untracked 
|  31|0x00000000c1f00000, 0x00000000c1f00000, 0x00000000c2000000|  0%| F|  |TAMS 0x00000000c1f00000, 0x00000000c1f00000| Untracked 
|  32|0x00000000c2000000, 0x00000000c2000000, 0x00000000c2100000|  0%| F|  |TAMS 0x00000000c2000000, 0x00000000c2000000| Untracked 
|  33|0x00000000c2100000, 0x00000000c2100000, 0x00000000c2200000|  0%| F|  |TAMS 0x00000000c2100000, 0x00000000c2100000| Untracked 
|  34|0x00000000c2200000, 0x00000000c2200000, 0x00000000c2300000|  0%| F|  |TAMS 0x00000000c2200000, 0x00000000c2200000| Untracked 
|  35|0x00000000c2300000, 0x00000000c2300000, 0x00000000c2400000|  0%| F|  |TAMS 0x00000000c2300000, 0x00000000c2300000| Untracked 
|  36|0x00000000c2400000, 0x00000000c2400000, 0x00000000c2500000|  0%| F|  |TAMS 0x00000000c2400000, 0x00000000c2400000| Untracked 
|  37|0x00000000c2500000, 0x00000000c2500000, 0x00000000c2600000|  0%| F|  |TAMS 0x00000000c2500000, 0x00000000c2500000| Untracked 
|  38|0x00000000c2600000, 0x00000000c2600000, 0x00000000c2700000|  0%| F|  |TAMS 0x00000000c2600000, 0x00000000c2600000| Untracked 
|  39|0x00000000c2700000, 0x00000000c2700000, 0x00000000c2800000|  0%| F|  |TAMS 0x00000000c2700000, 0x00000000c2700000| Untracked 
|  40|0x00000000c2800000, 0x00000000c2800000, 0x00000000c2900000|  0%| F|  |TAMS 0x00000000c2800000, 0x00000000c2800000| Untracked 
|  41|0x00000000c2900000, 0x00000000c2900000, 0x00000000c2a00000|  0%| F|  |TAMS 0x00000000c2900000, 0x00000000c2900000| Untracked 
|  42|0x00000000c2a00000, 0x00000000c2a00000, 0x00000000c2b00000|  0%| F|  |TAMS 0x00000000c2a00000, 0x00000000c2a00000| Untracked 
|  43|0x00000000c2b00000, 0x00000000c2b00000, 0x00000000c2c00000|  0%| F|  |TAMS 0x00000000c2b00000, 0x00000000c2b00000| Untracked 
|  44|0x00000000c2c00000, 0x00000000c2c00000, 0x00000000c2d00000|  0%| F|  |TAMS 0x00000000c2c00000, 0x00000000c2c00000| Untracked 
|  45|0x00000000c2d00000, 0x00000000c2d00000, 0x00000000c2e00000|  0%| F|  |TAMS 0x00000000c2d00000, 0x00000000c2d00000| Untracked 
|  46|0x00000000c2e00000, 0x00000000c2e00000, 0x00000000c2f00000|  0%| F|  |TAMS 0x00000000c2e00000, 0x00000000c2e00000| Untracked 
|  47|0x00000000c2f00000, 0x00000000c2f00000, 0x00000000c3000000|  0%| F|  |TAMS 0x00000000c2f00000, 0x00000000c2f00000| Untracked 
|  48|0x00000000c3000000, 0x00000000c3000000, 0x00000000c3100000|  0%| F|  |TAMS 0x00000000c3000000, 0x00000000c3000000| Untracked 
|  49|0x00000000c3100000, 0x00000000c3100000, 0x00000000c3200000|  0%| F|  |TAMS 0x00000000c3100000, 0x00000000c3100000| Untracked 
|  50|0x00000000c3200000, 0x00000000c3200000, 0x00000000c3300000|  0%| F|  |TAMS 0x00000000c3200000, 0x00000000c3200000| Untracked 
|  51|0x00000000c3300000, 0x00000000c3300000, 0x00000000c3400000|  0%| F|  |TAMS 0x00000000c3300000, 0x00000000c3300000| Untracked 
|  52|0x00000000c3400000, 0x00000000c3400000, 0x00000000c3500000|  0%| F|  |TAMS 0x00000000c3400000, 0x00000000c3400000| Untracked 
|  53|0x00000000c3500000, 0x00000000c3500000, 0x00000000c3600000|  0%| F|  |TAMS 0x00000000c3500000, 0x00000000c3500000| Untracked 
|  54|0x00000000c3600000, 0x00000000c3600000, 0x00000000c3700000|  0%| F|  |TAMS 0x00000000c3600000, 0x00000000c3600000| Untracked 
|  55|0x00000000c3700000, 0x00000000c3700000, 0x00000000c3800000|  0%| F|  |TAMS 0x00000000c3700000, 0x00000000c3700000| Untracked 
|  56|0x00000000c3800000, 0x00000000c3800000, 0x00000000c3900000|  0%| F|  |TAMS 0x00000000c3800000, 0x00000000c3800000| Untracked 
|  57|0x00000000c3900000, 0x00000000c3900000, 0x00000000c3a00000|  0%| F|  |TAMS 0x00000000c3900000, 0x00000000c3900000| Untracked 
|  58|0x00000000c3a00000, 0x00000000c3a00000, 0x00000000c3b00000|  0%| F|  |TAMS 0x00000000c3a00000, 0x00000000c3a00000| Untracked 
|  59|0x00000000c3b00000, 0x00000000c3b00000, 0x00000000c3c00000|  0%| F|  |TAMS 0x00000000c3b00000, 0x00000000c3b00000| Untracked 
|  60|0x00000000c3c00000, 0x00000000c3c00000, 0x00000000c3d00000|  0%| F|  |TAMS 0x00000000c3c00000, 0x00000000c3c00000| Untracked 
|  61|0x00000000c3d00000, 0x00000000c3d00000, 0x00000000c3e00000|  0%| F|  |TAMS 0x00000000c3d00000, 0x00000000c3d00000| Untracked 
|  62|0x00000000c3e00000, 0x00000000c3e00000, 0x00000000c3f00000|  0%| F|  |TAMS 0x00000000c3e00000, 0x00000000c3e00000| Untracked 
|  63|0x00000000c3f00000, 0x00000000c3f00000, 0x00000000c4000000|  0%| F|  |TAMS 0x00000000c3f00000, 0x00000000c3f00000| Untracked 
|  64|0x00000000c4000000, 0x00000000c4000000, 0x00000000c4100000|  0%| F|  |TAMS 0x00000000c4000000, 0x00000000c4000000| Untracked 
|  65|0x00000000c4100000, 0x00000000c4100000, 0x00000000c4200000|  0%| F|  |TAMS 0x00000000c4100000, 0x00000000c4100000| Untracked 
|  66|0x00000000c4200000, 0x00000000c4200000, 0x00000000c4300000|  0%| F|  |TAMS 0x00000000c4200000, 0x00000000c4200000| Untracked 
|  67|0x00000000c4300000, 0x00000000c4300000, 0x00000000c4400000|  0%| F|  |TAMS 0x00000000c4300000, 0x00000000c4300000| Untracked 
|  68|0x00000000c4400000, 0x00000000c4400000, 0x00000000c4500000|  0%| F|  |TAMS 0x00000000c4400000, 0x00000000c4400000| Untracked 
|  69|0x00000000c4500000, 0x00000000c4500000, 0x00000000c4600000|  0%| F|  |TAMS 0x00000000c4500000, 0x00000000c4500000| Untracked 
|  70|0x00000000c4600000, 0x00000000c4600000, 0x00000000c4700000|  0%| F|  |TAMS 0x00000000c4600000, 0x00000000c4600000| Untracked 
|  71|0x00000000c4700000, 0x00000000c4700000, 0x00000000c4800000|  0%| F|  |TAMS 0x00000000c4700000, 0x00000000c4700000| Untracked 
|  72|0x00000000c4800000, 0x00000000c4800000, 0x00000000c4900000|  0%| F|  |TAMS 0x00000000c4800000, 0x00000000c4800000| Untracked 
|  73|0x00000000c4900000, 0x00000000c4900000, 0x00000000c4a00000|  0%| F|  |TAMS 0x00000000c4900000, 0x00000000c4900000| Untracked 
|  74|0x00000000c4a00000, 0x00000000c4a00000, 0x00000000c4b00000|  0%| F|  |TAMS 0x00000000c4a00000, 0x00000000c4a00000| Untracked 
|  75|0x00000000c4b00000, 0x00000000c4b00000, 0x00000000c4c00000|  0%| F|  |TAMS 0x00000000c4b00000, 0x00000000c4b00000| Untracked 
|  76|0x00000000c4c00000, 0x00000000c4c00000, 0x00000000c4d00000|  0%| F|  |TAMS 0x00000000c4c00000, 0x00000000c4c00000| Untracked 
|  77|0x00000000c4d00000, 0x00000000c4d00000, 0x00000000c4e00000|  0%| F|  |TAMS 0x00000000c4d00000, 0x00000000c4d00000| Untracked 
|  78|0x00000000c4e00000, 0x00000000c4e00000, 0x00000000c4f00000|  0%| F|  |TAMS 0x00000000c4e00000, 0x00000000c4e00000| Untracked 
|  79|0x00000000c4f00000, 0x00000000c4f00000, 0x00000000c5000000|  0%| F|  |TAMS 0x00000000c4f00000, 0x00000000c4f00000| Untracked 
|  80|0x00000000c5000000, 0x00000000c5000000, 0x00000000c5100000|  0%| F|  |TAMS 0x00000000c5000000, 0x00000000c5000000| Untracked 
|  81|0x00000000c5100000, 0x00000000c5100000, 0x00000000c5200000|  0%| F|  |TAMS 0x00000000c5100000, 0x00000000c5100000| Untracked 
|  82|0x00000000c5200000, 0x00000000c5200000, 0x00000000c5300000|  0%| F|  |TAMS 0x00000000c5200000, 0x00000000c5200000| Untracked 
| 111|0x00000000c6f00000, 0x00000000c6f24e08, 0x00000000c7000000| 14%| E|  |TAMS 0x00000000c6f00000, 0x00000000c6f00000| Complete 

Card table byte_map: [0x0000014bf9f20000,0x0000014bfa120000] _byte_map_base: 0x0000014bf9920000

Marking Bits (Prev, Next): (CMBitMap*) 0x0000014bf3fc6be0, (CMBitMap*) 0x0000014bf3fc6c20
 Prev Bits: [0x0000014bfa320000, 0x0000014bfb320000)
 Next Bits: [0x0000014bfb320000, 0x0000014bfc320000)

Polling page: 0x0000014bf1f70000

Metaspace:

Usage:
  Non-class:     35.45 MB used.
      Class:      5.22 MB used.
       Both:     40.67 MB used.

Virtual space:
  Non-class space:       64.00 MB reserved,      35.75 MB ( 56%) committed,  1 nodes.
      Class space:        1.00 GB reserved,       5.44 MB ( <1%) committed,  1 nodes.
             Both:        1.06 GB reserved,      41.19 MB (  4%) committed. 

Chunk freelists:
   Non-Class:  11.59 MB
       Class:  10.59 MB
        Both:  22.18 MB

MaxMetaspaceSize: unlimited
CompressedClassSpaceSize: 1.00 GB
Initial GC threshold: 21.00 MB
Current GC threshold: 68.69 MB
CDS: off
MetaspaceReclaimPolicy: balanced
 - commit_granule_bytes: 65536.
 - commit_granule_words: 8192.
 - virtual_space_node_default_size: 8388608.
 - enlarge_chunks_in_place: 1.
 - new_chunks_are_fully_committed: 0.
 - uncommit_free_chunks: 1.
 - use_allocation_guard: 0.
 - handle_deallocations: 1.


Internal statistics:

num_allocs_failed_limit: 6.
num_arena_births: 508.
num_arena_deaths: 152.
num_vsnodes_births: 2.
num_vsnodes_deaths: 0.
num_space_committed: 658.
num_space_uncommitted: 0.
num_chunks_returned_to_freelist: 176.
num_chunks_taken_from_freelist: 1778.
num_chunk_merges: 55.
num_chunk_splits: 1221.
num_chunks_enlarged: 931.
num_inconsistent_stats: 0.

CodeCache: size=49152Kb used=7099Kb max_used=8537Kb free=42052Kb
 bounds [0x0000014bf6c10000, 0x0000014bf7470000, 0x0000014bf9c10000]
 total_blobs=4432 nmethods=3881 adapters=478
 compilation: enabled
              stopped_count=0, restarted_count=0
 full_count=0

Compilation events (20 events):
Event: 1344.941 Thread 0x0000014bfedffe50 3871       1       java.lang.ProcessImpl::getInputStream (5 bytes)
Event: 1344.941 Thread 0x0000014bfedffe50 nmethod 3871 0x0000014bf70e5090 code [0x0000014bf70e5220, 0x0000014bf70e52f8]
Event: 1344.941 Thread 0x0000014bfedffe50 3872       1       java.lang.ProcessImpl::getErrorStream (5 bytes)
Event: 1344.941 Thread 0x0000014bfedffe50 nmethod 3872 0x0000014bf70e4d90 code [0x0000014bf70e4f20, 0x0000014bf70e4ff8]
Event: 1344.941 Thread 0x0000014bfedffe50 3874       1       java.lang.ProcessImpl::getOutputStream (5 bytes)
Event: 1344.941 Thread 0x0000014bfedffe50 nmethod 3874 0x0000014bf70e4a90 code [0x0000014bf70e4c20, 0x0000014bf70e4cf8]
Event: 1467.506 Thread 0x0000014bfedffe50 3875  s    1       java.io.BufferedOutputStream::flush (12 bytes)
Event: 1467.539 Thread 0x0000014bfedffe50 nmethod 3875 0x0000014bf70e4610 code [0x0000014bf70e47c0, 0x0000014bf70e4998]
Event: 1998.582 Thread 0x0000014bfedffe50 3876       1       java.util.StringTokenizer::setMaxDelimCodePoint (156 bytes)
Event: 1998.583 Thread 0x0000014bfedffe50 nmethod 3876 0x0000014bf70e3b90 code [0x0000014bf70e3d80, 0x0000014bf70e42d8]
Event: 2104.756 Thread 0x0000014bfedffe50 3877       1       java.util.concurrent.ConcurrentLinkedDeque::first (65 bytes)
Event: 2104.757 Thread 0x0000014bfedffe50 nmethod 3877 0x0000014bf70e3190 code [0x0000014bf70e3380, 0x0000014bf70e3878]
Event: 2131.940 Thread 0x0000014bfedffe50 3878       1       java.lang.Runtime::exec (73 bytes)
Event: 2131.941 Thread 0x0000014bfedffe50 nmethod 3878 0x0000014bf70e2690 code [0x0000014bf70e28a0, 0x0000014bf70e2e38]
Event: 2131.941 Thread 0x0000014bfedffe50 3879       1       java.lang.ProcessBuilder::<init> (56 bytes)
Event: 2131.941 Thread 0x0000014bfedffe50 nmethod 3879 0x0000014bf70e2190 code [0x0000014bf70e2340, 0x0000014bf70e2578]
Event: 2162.594 Thread 0x0000014bfedffe50 3880       1       java.util.StringTokenizer::<init> (52 bytes)
Event: 2162.595 Thread 0x0000014bfedffe50 nmethod 3880 0x0000014bf70e1d10 code [0x0000014bf70e1ec0, 0x0000014bf70e2088]
Event: 2203.462 Thread 0x0000014bfedffe50 3881       1       java.util.Properties::getProperty (16 bytes)
Event: 2203.462 Thread 0x0000014bfedffe50 nmethod 3881 0x0000014bf70e1a10 code [0x0000014bf70e1ba0, 0x0000014bf70e1ca8]

GC Heap History (20 events):
Event: 2132.119 GC heap before
{Heap before GC invocations=214 (full 204):
 garbage-first heap   total 86016K, used 25431K [0x00000000c0000000, 0x0000000100000000)
  region size 1024K, 1 young (1024K), 0 survivors (0K)
 Metaspace       used 41644K, committed 42176K, reserved 1114112K
  class space    used 5342K, committed 5568K, reserved 1048576K
}
Event: 2132.143 GC heap after
{Heap after GC invocations=215 (full 205):
 garbage-first heap   total 86016K, used 25431K [0x00000000c0000000, 0x0000000100000000)
  region size 1024K, 0 young (0K), 0 survivors (0K)
 Metaspace       used 41644K, committed 42176K, reserved 1114112K
  class space    used 5342K, committed 5568K, reserved 1048576K
}
Event: 2142.329 GC heap before
{Heap before GC invocations=215 (full 205):
 garbage-first heap   total 86016K, used 25431K [0x00000000c0000000, 0x0000000100000000)
  region size 1024K, 1 young (1024K), 0 survivors (0K)
 Metaspace       used 41644K, committed 42176K, reserved 1114112K
  class space    used 5342K, committed 5568K, reserved 1048576K
}
Event: 2142.358 GC heap after
{Heap after GC invocations=216 (full 206):
 garbage-first heap   total 86016K, used 25431K [0x00000000c0000000, 0x0000000100000000)
  region size 1024K, 0 young (0K), 0 survivors (0K)
 Metaspace       used 41644K, committed 42176K, reserved 1114112K
  class space    used 5342K, committed 5568K, reserved 1048576K
}
Event: 2152.552 GC heap before
{Heap before GC invocations=216 (full 206):
 garbage-first heap   total 86016K, used 25431K [0x00000000c0000000, 0x0000000100000000)
  region size 1024K, 1 young (1024K), 0 survivors (0K)
 Metaspace       used 41644K, committed 42176K, reserved 1114112K
  class space    used 5342K, committed 5568K, reserved 1048576K
}
Event: 2152.586 GC heap after
{Heap after GC invocations=217 (full 207):
 garbage-first heap   total 86016K, used 25431K [0x00000000c0000000, 0x0000000100000000)
  region size 1024K, 0 young (0K), 0 survivors (0K)
 Metaspace       used 41644K, committed 42176K, reserved 1114112K
  class space    used 5342K, committed 5568K, reserved 1048576K
}
Event: 2162.763 GC heap before
{Heap before GC invocations=217 (full 207):
 garbage-first heap   total 86016K, used 25431K [0x00000000c0000000, 0x0000000100000000)
  region size 1024K, 1 young (1024K), 0 survivors (0K)
 Metaspace       used 41644K, committed 42176K, reserved 1114112K
  class space    used 5342K, committed 5568K, reserved 1048576K
}
Event: 2162.790 GC heap after
{Heap after GC invocations=218 (full 208):
 garbage-first heap   total 86016K, used 25431K [0x00000000c0000000, 0x0000000100000000)
  region size 1024K, 0 young (0K), 0 survivors (0K)
 Metaspace       used 41644K, committed 42176K, reserved 1114112K
  class space    used 5342K, committed 5568K, reserved 1048576K
}
Event: 2172.990 GC heap before
{Heap before GC invocations=218 (full 208):
 garbage-first heap   total 86016K, used 25431K [0x00000000c0000000, 0x0000000100000000)
  region size 1024K, 1 young (1024K), 0 survivors (0K)
 Metaspace       used 41644K, committed 42176K, reserved 1114112K
  class space    used 5342K, committed 5568K, reserved 1048576K
}
Event: 2173.020 GC heap after
{Heap after GC invocations=219 (full 209):
 garbage-first heap   total 86016K, used 25431K [0x00000000c0000000, 0x0000000100000000)
  region size 1024K, 0 young (0K), 0 survivors (0K)
 Metaspace       used 41644K, committed 42176K, reserved 1114112K
  class space    used 5342K, committed 5568K, reserved 1048576K
}
Event: 2183.216 GC heap before
{Heap before GC invocations=219 (full 209):
 garbage-first heap   total 86016K, used 25431K [0x00000000c0000000, 0x0000000100000000)
  region size 1024K, 1 young (1024K), 0 survivors (0K)
 Metaspace       used 41644K, committed 42176K, reserved 1114112K
  class space    used 5342K, committed 5568K, reserved 1048576K
}
Event: 2183.247 GC heap after
{Heap after GC invocations=220 (full 210):
 garbage-first heap   total 86016K, used 25431K [0x00000000c0000000, 0x0000000100000000)
  region size 1024K, 0 young (0K), 0 survivors (0K)
 Metaspace       used 41644K, committed 42176K, reserved 1114112K
  class space    used 5342K, committed 5568K, reserved 1048576K
}
Event: 2193.435 GC heap before
{Heap before GC invocations=220 (full 210):
 garbage-first heap   total 86016K, used 25431K [0x00000000c0000000, 0x0000000100000000)
  region size 1024K, 1 young (1024K), 0 survivors (0K)
 Metaspace       used 41644K, committed 42176K, reserved 1114112K
  class space    used 5342K, committed 5568K, reserved 1048576K
}
Event: 2193.459 GC heap after
{Heap after GC invocations=221 (full 211):
 garbage-first heap   total 86016K, used 25431K [0x00000000c0000000, 0x0000000100000000)
  region size 1024K, 0 young (0K), 0 survivors (0K)
 Metaspace       used 41644K, committed 42176K, reserved 1114112K
  class space    used 5342K, committed 5568K, reserved 1048576K
}
Event: 2203.627 GC heap before
{Heap before GC invocations=221 (full 211):
 garbage-first heap   total 86016K, used 25431K [0x00000000c0000000, 0x0000000100000000)
  region size 1024K, 1 young (1024K), 0 survivors (0K)
 Metaspace       used 41644K, committed 42176K, reserved 1114112K
  class space    used 5342K, committed 5568K, reserved 1048576K
}
Event: 2203.655 GC heap after
{Heap after GC invocations=222 (full 212):
 garbage-first heap   total 86016K, used 25431K [0x00000000c0000000, 0x0000000100000000)
  region size 1024K, 0 young (0K), 0 survivors (0K)
 Metaspace       used 41644K, committed 42176K, reserved 1114112K
  class space    used 5342K, committed 5568K, reserved 1048576K
}
Event: 2213.821 GC heap before
{Heap before GC invocations=222 (full 212):
 garbage-first heap   total 86016K, used 25431K [0x00000000c0000000, 0x0000000100000000)
  region size 1024K, 1 young (1024K), 0 survivors (0K)
 Metaspace       used 41644K, committed 42176K, reserved 1114112K
  class space    used 5342K, committed 5568K, reserved 1048576K
}
Event: 2213.848 GC heap after
{Heap after GC invocations=223 (full 213):
 garbage-first heap   total 86016K, used 25431K [0x00000000c0000000, 0x0000000100000000)
  region size 1024K, 0 young (0K), 0 survivors (0K)
 Metaspace       used 41644K, committed 42176K, reserved 1114112K
  class space    used 5342K, committed 5568K, reserved 1048576K
}
Event: 2224.037 GC heap before
{Heap before GC invocations=223 (full 213):
 garbage-first heap   total 86016K, used 25431K [0x00000000c0000000, 0x0000000100000000)
  region size 1024K, 1 young (1024K), 0 survivors (0K)
 Metaspace       used 41644K, committed 42176K, reserved 1114112K
  class space    used 5342K, committed 5568K, reserved 1048576K
}
Event: 2224.067 GC heap after
{Heap after GC invocations=224 (full 214):
 garbage-first heap   total 86016K, used 25431K [0x00000000c0000000, 0x0000000100000000)
  region size 1024K, 0 young (0K), 0 survivors (0K)
 Metaspace       used 41644K, committed 42176K, reserved 1114112K
  class space    used 5342K, committed 5568K, reserved 1048576K
}

Dll operation events (8 events):
Event: 0.021 Loaded shared library c:\Users\nmene\.vscode\extensions\redhat.java-1.33.0-win32-x64\jre\17.0.11-win32-x86_64\bin\java.dll
Event: 0.375 Loaded shared library C:\Users\nmene\.vscode\extensions\redhat.java-1.33.0-win32-x64\jre\17.0.11-win32-x86_64\bin\net.dll
Event: 0.378 Loaded shared library C:\Users\nmene\.vscode\extensions\redhat.java-1.33.0-win32-x64\jre\17.0.11-win32-x86_64\bin\nio.dll
Event: 0.388 Loaded shared library C:\Users\nmene\.vscode\extensions\redhat.java-1.33.0-win32-x64\jre\17.0.11-win32-x86_64\bin\zip.dll
Event: 0.812 Loaded shared library C:\Users\nmene\.vscode\extensions\redhat.java-1.33.0-win32-x64\jre\17.0.11-win32-x86_64\bin\jimage.dll
Event: 2.553 Loaded shared library c:\Users\nmene\.vscode\extensions\redhat.java-1.33.0-win32-x64\jre\17.0.11-win32-x86_64\bin\verify.dll
Event: 4.847 Loaded shared library C:\Users\nmene\.vscode\extensions\redhat.java-1.33.0-win32-x64\jre\17.0.11-win32-x86_64\bin\management.dll
Event: 4.850 Loaded shared library C:\Users\nmene\.vscode\extensions\redhat.java-1.33.0-win32-x64\jre\17.0.11-win32-x86_64\bin\management_ext.dll

Deoptimization events (4 events):
Event: 5.158 Thread 0x0000014b84ec7eb0 DEOPT PACKING pc=0x0000014bf71e8401 sp=0x0000000a417fde00
Event: 5.158 Thread 0x0000014b84ec7eb0 DEOPT UNPACKING pc=0x0000014bf6c67143 sp=0x0000000a417fd290 mode 3
Event: 5.180 Thread 0x0000014b84f74d90 DEOPT PACKING pc=0x0000014bf71cb597 sp=0x0000000a418ff0e0
Event: 5.180 Thread 0x0000014b84f74d90 DEOPT UNPACKING pc=0x0000014bf6c67143 sp=0x0000000a418fe538 mode 3

Classes unloaded (20 events):
Event: 76.581 Thread 0x0000014bfedbca90 Unloading class 0x0000000100268800 'java/lang/invoke/LambdaForm$MH+0x0000000100268800'
Event: 76.581 Thread 0x0000014bfedbca90 Unloading class 0x0000000100258400 'java/lang/invoke/LambdaForm$DMH+0x0000000100258400'
Event: 76.581 Thread 0x0000014bfedbca90 Unloading class 0x0000000100096000 'java/lang/invoke/LambdaForm$MH+0x0000000100096000'
Event: 76.581 Thread 0x0000014bfedbca90 Unloading class 0x0000000100095c00 'java/lang/invoke/LambdaForm$MH+0x0000000100095c00'
Event: 76.581 Thread 0x0000014bfedbca90 Unloading class 0x0000000100095800 'java/lang/invoke/LambdaForm$MH+0x0000000100095800'
Event: 76.581 Thread 0x0000014bfedbca90 Unloading class 0x0000000100095400 'java/lang/invoke/LambdaForm$MH+0x0000000100095400'
Event: 76.581 Thread 0x0000014bfedbca90 Unloading class 0x0000000100095000 'java/lang/invoke/LambdaForm$MH+0x0000000100095000'
Event: 76.581 Thread 0x0000014bfedbca90 Unloading class 0x0000000100094c00 'java/lang/invoke/LambdaForm$MH+0x0000000100094c00'
Event: 76.581 Thread 0x0000014bfedbca90 Unloading class 0x0000000100094800 'java/lang/invoke/LambdaForm$MH+0x0000000100094800'
Event: 76.581 Thread 0x0000014bfedbca90 Unloading class 0x0000000100094400 'java/lang/invoke/LambdaForm$MH+0x0000000100094400'
Event: 76.581 Thread 0x0000014bfedbca90 Unloading class 0x000000010008e800 'java/lang/invoke/LambdaForm$MH+0x000000010008e800'
Event: 76.581 Thread 0x0000014bfedbca90 Unloading class 0x000000010008e400 'java/lang/invoke/LambdaForm$MH+0x000000010008e400'
Event: 76.581 Thread 0x0000014bfedbca90 Unloading class 0x000000010008e000 'java/lang/invoke/LambdaForm$MH+0x000000010008e000'
Event: 76.581 Thread 0x0000014bfedbca90 Unloading class 0x000000010008dc00 'java/lang/invoke/LambdaForm$MH+0x000000010008dc00'
Event: 76.581 Thread 0x0000014bfedbca90 Unloading class 0x000000010008d800 'java/lang/invoke/LambdaForm$MH+0x000000010008d800'
Event: 76.581 Thread 0x0000014bfedbca90 Unloading class 0x000000010008d400 'java/lang/invoke/LambdaForm$MH+0x000000010008d400'
Event: 76.581 Thread 0x0000014bfedbca90 Unloading class 0x000000010008cc00 'java/lang/invoke/LambdaForm$MH+0x000000010008cc00'
Event: 76.581 Thread 0x0000014bfedbca90 Unloading class 0x000000010008c800 'java/lang/invoke/LambdaForm$MH+0x000000010008c800'
Event: 76.581 Thread 0x0000014bfedbca90 Unloading class 0x000000010008c000 'java/lang/invoke/LambdaForm$MH+0x000000010008c000'
Event: 76.581 Thread 0x0000014bfedbca90 Unloading class 0x000000010008bc00 'java/lang/invoke/LambdaForm$MH+0x000000010008bc00'

Classes redefined (0 events):
No events

Internal exceptions (20 events):
Event: 3.646 Thread 0x0000014bf3f87780 Exception <a 'java/lang/NoSuchMethodError'{0x00000000c36cfc98}: 'java.lang.Object java.lang.invoke.DirectMethodHandle$Holder.invokeSpecial(java.lang.Object, java.lang.Object, int, java.lang.Object, java.lang.Object)'> (0x00000000c36cfc98) 
thrown [s\src\hotspot\share\interpreter\linkResolver.cpp, line 759]
Event: 3.646 Thread 0x0000014bf3f87780 Exception <a 'java/lang/NoSuchMethodError'{0x00000000c36d3940}: 'java.lang.Object java.lang.invoke.DelegatingMethodHandle$Holder.delegate(java.lang.Object, int, java.lang.Object, java.lang.Object)'> (0x00000000c36d3940) 
thrown [s\src\hotspot\share\interpreter\linkResolver.cpp, line 759]
Event: 3.648 Thread 0x0000014bf3f87780 Exception <a 'java/lang/NoSuchMethodError'{0x00000000c36e47c8}: 'int java.lang.invoke.Invokers$Holder.linkToTargetMethod(java.lang.Object, java.lang.Object, java.lang.Object)'> (0x00000000c36e47c8) 
thrown [s\src\hotspot\share\interpreter\linkResolver.cpp, line 759]
Event: 3.760 Thread 0x0000014bf3f87780 Exception <a 'java/lang/NoSuchMethodError'{0x00000000c31a6ca0}: 'java.lang.Object java.lang.invoke.DirectMethodHandle$Holder.invokeStaticInit(java.lang.Object, int, int, int, int)'> (0x00000000c31a6ca0) 
thrown [s\src\hotspot\share\interpreter\linkResolver.cpp, line 759]
Event: 3.807 Thread 0x0000014bf3f87780 Exception <a 'java/lang/NoSuchMethodError'{0x00000000c30936b0}: 'java.lang.Object java.lang.invoke.DirectMethodHandle$Holder.invokeStaticInit(java.lang.Object, java.lang.Object, int, int, int, int)'> (0x00000000c30936b0) 
thrown [s\src\hotspot\share\interpreter\linkResolver.cpp, line 759]
Event: 4.014 Thread 0x0000014bf3f87780 Exception <a 'java/lang/NoSuchMethodError'{0x00000000c452bdc8}: 'void java.lang.invoke.DirectMethodHandle$Holder.invokeSpecialIFC(java.lang.Object, java.lang.Object, java.lang.Object)'> (0x00000000c452bdc8) 
thrown [s\src\hotspot\share\interpreter\linkResolver.cpp, line 759]
Event: 4.473 Thread 0x0000014bf3f87780 Exception <a 'java/lang/NoSuchMethodError'{0x00000000c6f7ab28}: 'int java.lang.invoke.DirectMethodHandle$Holder.invokeStaticInit(java.lang.Object, java.lang.Object, int, java.lang.Object)'> (0x00000000c6f7ab28) 
thrown [s\src\hotspot\share\interpreter\linkResolver.cpp, line 759]
Event: 4.519 Thread 0x0000014bf3f87780 Exception <a 'java/lang/NoSuchMethodError'{0x00000000c49b6e38}: 'void java.lang.invoke.DirectMethodHandle$Holder.invokeSpecial(java.lang.Object, java.lang.Object, java.lang.Object, java.lang.Object, java.lang.Object, java.lang.Object, java.lang.Object)'> (0x00000000c49b6e38) 
thrown [s\src\hotspot\share\interpreter\linkResolver.cpp, line 759]
Event: 4.687 Thread 0x0000014bf3f87780 Exception <a 'java/lang/NoSuchMethodError'{0x00000000c3d08c98}: 'java.lang.Object java.lang.invoke.DirectMethodHandle$Holder.invokeInterface(java.lang.Object, java.lang.Object, int)'> (0x00000000c3d08c98) 
thrown [s\src\hotspot\share\interpreter\linkResolver.cpp, line 759]
Event: 4.690 Thread 0x0000014bf3f87780 Exception <a 'java/lang/IncompatibleClassChangeError'{0x00000000c3d1fa20}: Found class java.lang.Object, but interface was expected> (0x00000000c3d1fa20) 
thrown [s\src\hotspot\share\interpreter\linkResolver.cpp, line 826]
Event: 4.837 Thread 0x0000014bf3f87780 Exception <a 'java/lang/NoSuchMethodError'{0x00000000c372a138}: 'java.lang.Object java.lang.invoke.DirectMethodHandle$Holder.newInvokeSpecial(java.lang.Object, java.lang.Object, int, java.lang.Object, java.lang.Object)'> (0x00000000c372a138) 
thrown [s\src\hotspot\share\interpreter\linkResolver.cpp, line 759]
Event: 4.839 Thread 0x0000014bf3f87780 Exception <a 'java/lang/NoSuchMethodError'{0x00000000c3741140}: 'java.lang.Object java.lang.invoke.DirectMethodHandle$Holder.newInvokeSpecial(java.lang.Object, java.lang.Object, java.lang.Object, int)'> (0x00000000c3741140) 
thrown [s\src\hotspot\share\interpreter\linkResolver.cpp, line 759]
Event: 4.840 Thread 0x0000014bf3f87780 Exception <a 'java/lang/NoSuchMethodError'{0x00000000c3745428}: 'java.lang.Object java.lang.invoke.DirectMethodHandle$Holder.invokeSpecial(java.lang.Object, java.lang.Object, java.lang.Object, java.lang.Object, int)'> (0x00000000c3745428) 
thrown [s\src\hotspot\share\interpreter\linkResolver.cpp, line 759]
Event: 4.840 Thread 0x0000014bf3f87780 Exception <a 'java/lang/NoSuchMethodError'{0x00000000c3748ff0}: 'java.lang.Object java.lang.invoke.Invokers$Holder.linkToTargetMethod(java.lang.Object, java.lang.Object, int, java.lang.Object)'> (0x00000000c3748ff0) 
thrown [s\src\hotspot\share\interpreter\linkResolver.cpp, line 759]
Event: 5.098 Thread 0x0000014b84ec7eb0 Exception <a 'java/lang/NoSuchMethodError'{0x00000000c2d85f10}: 'java.lang.Object java.lang.invoke.DirectMethodHandle$Holder.invokeStatic(java.lang.Object, java.lang.Object, java.lang.Object, int, java.lang.Object, java.lang.Object)'> (0x00000000c2d85f10) 
thrown [s\src\hotspot\share\interpreter\linkResolver.cpp, line 759]
Event: 5.101 Thread 0x0000014b84f74d90 Exception <a 'java/lang/NoSuchMethodError'{0x00000000c2da81f8}: 'java.lang.Object java.lang.invoke.DirectMethodHandle$Holder.invokeStatic(java.lang.Object, int, java.lang.Object)'> (0x00000000c2da81f8) 
thrown [s\src\hotspot\share\interpreter\linkResolver.cpp, line 759]
Event: 5.750 Thread 0x0000014b84fcc310 Exception <a 'java/lang/NoSuchMethodError'{0x00000000c4c93618}: 'int java.lang.invoke.DirectMethodHandle$Holder.invokeStatic(java.lang.Object)'> (0x00000000c4c93618) 
thrown [s\src\hotspot\share\interpreter\linkResolver.cpp, line 759]
Event: 5.750 Thread 0x0000014b84fcc310 Exception <a 'java/lang/NoSuchMethodError'{0x00000000c4c96a18}: 'int java.lang.invoke.DirectMethodHandle$Holder.invokeStaticInit(java.lang.Object)'> (0x00000000c4c96a18) 
thrown [s\src\hotspot\share\interpreter\linkResolver.cpp, line 759]
Event: 44.868 Thread 0x0000014b84de85a0 Exception <a 'java/lang/NoSuchMethodError'{0x00000000c49c4a88}: 'void java.lang.invoke.DirectMethodHandle$Holder.invokeStatic(java.lang.Object, long)'> (0x00000000c49c4a88) 
thrown [s\src\hotspot\share\interpreter\linkResolver.cpp, line 759]
Event: 44.869 Thread 0x0000014b84de85a0 Exception <a 'java/lang/NoSuchMethodError'{0x00000000c49c9e30}: 'java.lang.Object java.lang.invoke.DirectMethodHandle$Holder.newInvokeSpecial(java.lang.Object, long)'> (0x00000000c49c9e30) 
thrown [s\src\hotspot\share\interpreter\linkResolver.cpp, line 759]

VM Operations (20 events):
Event: 2132.144 Executing VM operation: G1CollectFull done
Event: 2142.329 Executing VM operation: G1CollectFull
Event: 2142.358 Executing VM operation: G1CollectFull done
Event: 2152.551 Executing VM operation: G1CollectFull
Event: 2152.586 Executing VM operation: G1CollectFull done
Event: 2162.763 Executing VM operation: G1CollectFull
Event: 2162.790 Executing VM operation: G1CollectFull done
Event: 2172.990 Executing VM operation: G1CollectFull
Event: 2173.020 Executing VM operation: G1CollectFull done
Event: 2183.216 Executing VM operation: G1CollectFull
Event: 2183.247 Executing VM operation: G1CollectFull done
Event: 2193.435 Executing VM operation: G1CollectFull
Event: 2193.459 Executing VM operation: G1CollectFull done
Event: 2203.627 Executing VM operation: G1CollectFull
Event: 2203.655 Executing VM operation: G1CollectFull done
Event: 2213.821 Executing VM operation: G1CollectFull
Event: 2213.848 Executing VM operation: G1CollectFull done
Event: 2224.036 Executing VM operation: G1CollectFull
Event: 2224.067 Executing VM operation: G1CollectFull done
Event: 2234.268 Executing VM operation: G1CollectFull

Events (20 events):
Event: 5.784 loading class java/util/ArrayList$ListItr done
Event: 5.823 loading class java/util/regex/Pattern$1
Event: 5.823 loading class java/util/regex/Pattern$1 done
Event: 10.834 Thread 0x0000014bff13d910 Thread exited: 0x0000014bff13d910
Event: 19.769 Thread 0x0000014bff13d340 Thread exited: 0x0000014bff13d340
Event: 44.855 loading class java/lang/ProcessBuilder
Event: 44.856 loading class java/lang/ProcessBuilder done
Event: 44.856 loading class java/lang/ProcessImpl
Event: 44.856 loading class java/lang/ProcessImpl done
Event: 44.869 loading class java/lang/ProcessImpl$2
Event: 44.869 loading class java/lang/ProcessImpl$2 done
Event: 44.870 loading class java/lang/Process$PipeInputStream
Event: 44.870 loading class java/lang/Process$PipeInputStream done
Event: 44.871 loading class jdk/internal/event/ProcessStartEvent
Event: 44.871 loading class jdk/internal/event/ProcessStartEvent done
Event: 45.049 loading class java/io/FileOutputStream$1
Event: 45.049 loading class java/io/FileOutputStream$1 done
Event: 65.178 Thread 0x0000014b84f952d0 Thread exited: 0x0000014b84f952d0
Event: 65.185 Thread 0x0000014b84f96710 Thread exited: 0x0000014b84f96710
Event: 65.474 Thread 0x0000014b84f97b50 Thread exited: 0x0000014b84f97b50


Dynamic libraries:
0x00007ff75bfa0000 - 0x00007ff75bfae000 	c:\Users\nmene\.vscode\extensions\redhat.java-1.33.0-win32-x64\jre\17.0.11-win32-x86_64\bin\java.exe
0x00007ff84f6b0000 - 0x00007ff84f8c7000 	C:\Windows\SYSTEM32\ntdll.dll
0x00007ff84dc30000 - 0x00007ff84dcf4000 	C:\Windows\System32\KERNEL32.DLL
0x00007ff84d030000 - 0x00007ff84d3dd000 	C:\Windows\System32\KERNELBASE.dll
0x00007ff84ceb0000 - 0x00007ff84cfc1000 	C:\Windows\System32\ucrtbase.dll
0x00007ff828820000 - 0x00007ff828837000 	c:\Users\nmene\.vscode\extensions\redhat.java-1.33.0-win32-x64\jre\17.0.11-win32-x86_64\bin\jli.dll
0x00007ff84efc0000 - 0x00007ff84f16e000 	C:\Windows\System32\USER32.dll
0x00007ff84cfd0000 - 0x00007ff84cff6000 	C:\Windows\System32\win32u.dll
0x00007ff84ebe0000 - 0x00007ff84ec09000 	C:\Windows\System32\GDI32.dll
0x00007ff84cd10000 - 0x00007ff84ce29000 	C:\Windows\System32\gdi32full.dll
0x00007ff84ca90000 - 0x00007ff84cb2a000 	C:\Windows\System32\msvcp_win.dll
0x00007ff82daf0000 - 0x00007ff82dd83000 	C:\Windows\WinSxS\amd64_microsoft.windows.common-controls_6595b64144ccf1df_6.0.22621.3672_none_2713b9d173822955\COMCTL32.dll
0x00007ff84e760000 - 0x00007ff84e807000 	C:\Windows\System32\msvcrt.dll
0x00007ff81dea0000 - 0x00007ff81debb000 	c:\Users\nmene\.vscode\extensions\redhat.java-1.33.0-win32-x64\jre\17.0.11-win32-x86_64\bin\VCRUNTIME140.dll
0x00007ff84eb40000 - 0x00007ff84eb71000 	C:\Windows\System32\IMM32.DLL
0x00007ff832a80000 - 0x00007ff832a8c000 	c:\Users\nmene\.vscode\extensions\redhat.java-1.33.0-win32-x64\jre\17.0.11-win32-x86_64\bin\vcruntime140_1.dll
0x00007ff8068e0000 - 0x00007ff80696d000 	c:\Users\nmene\.vscode\extensions\redhat.java-1.33.0-win32-x64\jre\17.0.11-win32-x86_64\bin\msvcp140.dll
0x00007fffea510000 - 0x00007fffeb172000 	c:\Users\nmene\.vscode\extensions\redhat.java-1.33.0-win32-x64\jre\17.0.11-win32-x86_64\bin\server\jvm.dll
0x00007ff84ec10000 - 0x00007ff84ecc2000 	C:\Windows\System32\ADVAPI32.dll
0x00007ff84d770000 - 0x00007ff84d819000 	C:\Windows\System32\sechost.dll
0x00007ff84d000000 - 0x00007ff84d028000 	C:\Windows\System32\bcrypt.dll
0x00007ff84e9e0000 - 0x00007ff84eaf4000 	C:\Windows\System32\RPCRT4.dll
0x00007ff84c890000 - 0x00007ff84c8dd000 	C:\Windows\SYSTEM32\POWRPROF.dll
0x00007ff847720000 - 0x00007ff847754000 	C:\Windows\SYSTEM32\WINMM.dll
0x00007ff844a80000 - 0x00007ff844a8a000 	C:\Windows\SYSTEM32\VERSION.dll
0x00007ff8328b0000 - 0x00007ff8328b9000 	C:\Windows\SYSTEM32\WSOCK32.dll
0x00007ff84e670000 - 0x00007ff84e6e1000 	C:\Windows\System32\ws2_32.DLL
0x00007ff84c870000 - 0x00007ff84c883000 	C:\Windows\SYSTEM32\UMPDC.dll
0x00007ff84b9c0000 - 0x00007ff84b9d8000 	C:\Windows\SYSTEM32\kernel.appcore.dll
0x00007ff830ac0000 - 0x00007ff830aca000 	c:\Users\nmene\.vscode\extensions\redhat.java-1.33.0-win32-x64\jre\17.0.11-win32-x86_64\bin\jimage.dll
0x00007ff8397a0000 - 0x00007ff8399d2000 	C:\Windows\SYSTEM32\DBGHELP.DLL
0x00007ff84d3e0000 - 0x00007ff84d76d000 	C:\Windows\System32\combase.dll
0x00007ff84ed30000 - 0x00007ff84ee07000 	C:\Windows\System32\OLEAUT32.dll
0x00007ff838bc0000 - 0x00007ff838bf2000 	C:\Windows\SYSTEM32\dbgcore.DLL
0x00007ff84ce30000 - 0x00007ff84ceab000 	C:\Windows\System32\bcryptPrimitives.dll
0x00007ff8068b0000 - 0x00007ff8068d5000 	c:\Users\nmene\.vscode\extensions\redhat.java-1.33.0-win32-x64\jre\17.0.11-win32-x86_64\bin\java.dll
0x00007ff8081e0000 - 0x00007ff8081f8000 	c:\Users\nmene\.vscode\extensions\redhat.java-1.33.0-win32-x64\jre\17.0.11-win32-x86_64\bin\zip.dll
0x00007ff84de00000 - 0x00007ff84e668000 	C:\Windows\System32\SHELL32.dll
0x00007ff84a8d0000 - 0x00007ff84b1ce000 	C:\Windows\SYSTEM32\windows.storage.dll
0x00007ff84a790000 - 0x00007ff84a8cf000 	C:\Windows\SYSTEM32\wintypes.dll
0x00007ff84daa0000 - 0x00007ff84db99000 	C:\Windows\System32\SHCORE.dll
0x00007ff84eb80000 - 0x00007ff84ebde000 	C:\Windows\System32\shlwapi.dll
0x00007ff84c900000 - 0x00007ff84c921000 	C:\Windows\SYSTEM32\profapi.dll
0x00007ff808060000 - 0x00007ff808079000 	C:\Users\nmene\.vscode\extensions\redhat.java-1.33.0-win32-x64\jre\17.0.11-win32-x86_64\bin\net.dll
0x00007ff847800000 - 0x00007ff847936000 	C:\Windows\SYSTEM32\WINHTTP.dll
0x00007ff84be30000 - 0x00007ff84be99000 	C:\Windows\system32\mswsock.dll
0x00007ff806890000 - 0x00007ff8068a6000 	C:\Users\nmene\.vscode\extensions\redhat.java-1.33.0-win32-x64\jre\17.0.11-win32-x86_64\bin\nio.dll
0x00007ff8304a0000 - 0x00007ff8304b0000 	c:\Users\nmene\.vscode\extensions\redhat.java-1.33.0-win32-x64\jre\17.0.11-win32-x86_64\bin\verify.dll
0x00007ff84c0b0000 - 0x00007ff84c0cb000 	C:\Windows\SYSTEM32\CRYPTSP.dll
0x00007ff84b920000 - 0x00007ff84b955000 	C:\Windows\system32\rsaenh.dll
0x00007ff84bf10000 - 0x00007ff84bf38000 	C:\Windows\SYSTEM32\USERENV.dll
0x00007ff84c0d0000 - 0x00007ff84c0dc000 	C:\Windows\SYSTEM32\CRYPTBASE.dll
0x00007ff84b430000 - 0x00007ff84b45d000 	C:\Windows\SYSTEM32\IPHLPAPI.DLL
0x00007ff84eb00000 - 0x00007ff84eb09000 	C:\Windows\System32\NSI.dll
0x00007ff847ce0000 - 0x00007ff847cf9000 	C:\Windows\SYSTEM32\dhcpcsvc6.DLL
0x00007ff847270000 - 0x00007ff84728f000 	C:\Windows\SYSTEM32\dhcpcsvc.DLL
0x00007ff84b4a0000 - 0x00007ff84b598000 	C:\Windows\SYSTEM32\DNSAPI.dll
0x00007ff848400000 - 0x00007ff848409000 	C:\Users\nmene\.vscode\extensions\redhat.java-1.33.0-win32-x64\jre\17.0.11-win32-x86_64\bin\management.dll
0x00007ff844a30000 - 0x00007ff844a3b000 	C:\Users\nmene\.vscode\extensions\redhat.java-1.33.0-win32-x64\jre\17.0.11-win32-x86_64\bin\management_ext.dll
0x00007ff84e6f0000 - 0x00007ff84e6f8000 	C:\Windows\System32\PSAPI.DLL

dbghelp: loaded successfully - version: 4.0.5 - missing functions: none
symbol engine: initialized successfully - sym options: 0x614 - pdb path: .;c:\Users\nmene\.vscode\extensions\redhat.java-1.33.0-win32-x64\jre\17.0.11-win32-x86_64\bin;C:\Windows\SYSTEM32;C:\Windows\WinSxS\amd64_microsoft.windows.common-controls_6595b64144ccf1df_6.0.22621.3672_none_2713b9d173822955;c:\Users\nmene\.vscode\extensions\redhat.java-1.33.0-win32-x64\jre\17.0.11-win32-x86_64\bin\server

VM Arguments:
jvm_args: -Xmx1024m -Dsts.lsp.client=vscode -Dsts.log.file=/dev/null -XX:TieredStopAtLevel=1 -Xlog:jni+resolve=off -Dspring.config.location=file:c:\Users\nmene\.vscode\extensions\vmware.vscode-spring-boot-1.56.0\language-server\BOOT-INF\classes\application.properties 
java_command: org.springframework.ide.vscode.boot.app.BootLanguageServerBootApp
java_class_path (initial): c:\Users\nmene\.vscode\extensions\vmware.vscode-spring-boot-1.56.0\language-server\BOOT-INF\classes;c:\Users\nmene\.vscode\extensions\vmware.vscode-spring-boot-1.56.0\language-server\BOOT-INF\lib\annotations-24.1.0.jar;c:\Users\nmene\.vscode\extensions\vmware.vscode-spring-boot-1.56.0\language-server\BOOT-INF\lib\antlr4-runtime-4.13.1.jar;c:\Users\nmene\.vscode\extensions\vmware.vscode-spring-boot-1.56.0\language-server\BOOT-INF\lib\asm-9.7.jar;c:\Users\nmene\.vscode\extensions\vmware.vscode-spring-boot-1.56.0\language-server\BOOT-INF\lib\asm-analysis-9.7.jar;c:\Users\nmene\.vscode\extensions\vmware.vscode-spring-boot-1.56.0\language-server\BOOT-INF\lib\asm-tree-9.7.jar;c:\Users\nmene\.vscode\extensions\vmware.vscode-spring-boot-1.56.0\language-server\BOOT-INF\lib\asm-util-9.7.jar;c:\Users\nmene\.vscode\extensions\vmware.vscode-spring-boot-1.56.0\language-server\BOOT-INF\lib\caffeine-3.1.8.jar;c:\Users\nmene\.vscode\extensions\vmware.vscode-spring-boot-1.56.0\language-server\BOOT-INF\lib\checker-qual-3.12.0.jar;c:\Users\nmene\.vscode\extensions\vmware.vscode-spring-boot-1.56.0\language-server\BOOT-INF\lib\classgraph-4.8.149.jar;c:\Users\nmene\.vscode\extensions\vmware.vscode-spring-boot-1.56.0\language-server\BOOT-INF\lib\commons-codec-1.16.1.jar;c:\Users\nmene\.vscode\extensions\vmware.vscode-spring-boot-1.56.0\language-server\BOOT-INF\lib\commons-compress-1.26.2.jar;c:\Users\nmene\.vscode\extensions\vmware.vscode-spring-boot-1.56.0\language-server\BOOT-INF\lib\commons-io-2.16.1.jar;c:\Users\nmene\.vscode\extensions\vmware.vscode-spring-boot-1.56.0\language-server\BOOT-INF\lib\commons-java-1.56.0-SNAPSHOT.jar;c:\Users\nmene\.vscode\extensions\vmware.vscode-spring-boot-1.56.0\language-server\BOOT-INF\lib\commons-lang3-3.14.0.jar;c:\Users\nmene\.vscode\extensions\vmware.vscode-spring-boot-1.56.0\language-server\BOOT-INF\lib\commons-language-server-1.56.0-SNAPSHOT.jar;c:\Users\nmene\.vscode\extensions\vmware.vscode-spring-boot-1.56.0\langu
Launcher Type: SUN_STANDARD

[Global flags]
     intx CICompilerCount                          = 4                                         {product} {ergonomic}
     uint ConcGCThreads                            = 2                                         {product} {ergonomic}
     uint G1ConcRefinementThreads                  = 8                                         {product} {ergonomic}
   size_t G1HeapRegionSize                         = 1048576                                   {product} {ergonomic}
    uintx GCDrainStackTargetSize                   = 64                                        {product} {ergonomic}
   size_t InitialHeapSize                          = 117440512                                 {product} {ergonomic}
   size_t MarkStackSize                            = 4194304                                   {product} {ergonomic}
   size_t MaxHeapSize                              = 1073741824                                {product} {command line}
   size_t MaxNewSize                               = 643825664                                 {product} {ergonomic}
   size_t MinHeapDeltaBytes                        = 1048576                                   {product} {ergonomic}
   size_t MinHeapSize                              = 8388608                                   {product} {ergonomic}
    uintx NonProfiledCodeHeapSize                  = 0                                      {pd product} {ergonomic}
     bool ProfileInterpreter                       = false                                  {pd product} {command line}
    uintx ProfiledCodeHeapSize                     = 0                                      {pd product} {ergonomic}
   size_t SoftMaxHeapSize                          = 1073741824                             {manageable} {ergonomic}
     intx TieredStopAtLevel                        = 1                                         {product} {command line}
     bool UseCompressedClassPointers               = true                           {product lp64_product} {ergonomic}
     bool UseCompressedOops                        = true                           {product lp64_product} {ergonomic}
     bool UseG1GC                                  = true                                      {product} {ergonomic}
     bool UseLargePagesIndividualAllocation        = false                                  {pd product} {ergonomic}

Logging:
Log output configuration:
 #0: stdout all=warning,jni+resolve=off uptime,level,tags
 #1: stderr all=off uptime,level,tags

Environment Variables:
JAVA_HOME=C:\Program Files\Java\jdk-23
PATH=C:\Windows\system32;C:\Windows;C:\Windows\System32\Wbem;C:\Windows\System32\WindowsPowerShell\v1.0\;C:\Windows\System32\OpenSSH\;C:\Program Files\Git\cmd;C:\Program Files\nodejs\;C:\Program Files\Docker\Docker\resources\bin;C:\Program Files\Java\maven\apache-maven-3.9.8\bin;C:\Program Files\MySQL\MySQL Shell 8.0\bin\;C:\Users\nmene\AppData\Local\Microsoft\WindowsApps;C:\Users\nmene\AppData\Local\Programs\Microsoft VS Code\bin;C:\Program Files\Java\jdk-23\bin;C:\Users\nmene\AppData\Roaming\npm
USERNAME=nmene
OS=Windows_NT
PROCESSOR_IDENTIFIER=AMD64 Family 23 Model 17 Stepping 0, AuthenticAMD
TMP=C:\Users\nmene\AppData\Local\Temp
TEMP=C:\Users\nmene\AppData\Local\Temp



Periodic native trim disabled


---------------  S Y S T E M  ---------------

OS:
 Windows 11 , 64 bit Build 22621 (10.0.22621.3958)
OS uptime: 2 days 21:41 hours
Hyper-V role detected

CPU: total 8 (initial active 8) (8 cores per cpu, 2 threads per core) family 23 model 17 stepping 0 microcode 0x0, cx8, cmov, fxsr, ht, mmx, 3dnowpref, sse, sse2, sse3, ssse3, sse4a, sse4.1, sse4.2, popcnt, lzcnt, tsc, tscinvbit, avx, avx2, aes, clmul, bmi1, bmi2, adx, sha, fma, vzeroupper, clflush, clflushopt, hv
Processor Information for all 8 processors :
  Max Mhz: 2000, Current Mhz: 2000, Mhz Limit: 2000

Memory: 4k page, system-wide physical 7117M (299M free)
TotalPageFile size 21313M (AvailPageFile size 11M)
current process WorkingSet (physical memory assigned to process): 58M, peak: 178M
current process commit charge ("private bytes"): 226M, peak: 237M

vm_info: OpenJDK 64-Bit Server VM (17.0.11+9) for windows-amd64 JRE (17.0.11+9), built on Apr 17 2024 06:07:48 by "admin" with MS VC++ 16.10 / 16.11 (VS2019)

END.
