#
# There is insufficient memory for the Java Runtime Environment to continue.
# Native memory allocation (malloc) failed to allocate 2097152 bytes. Error detail: AllocateHeap
# Possible reasons:
#   The system is out of physical RAM or swap space
#   This process is running with CompressedOops enabled, and the Java Heap may be blocking the growth of the native heap
# Possible solutions:
#   Reduce memory load on the system
#   Increase physical memory or swap space
#   Check if swap backing store is full
#   Decrease Java heap size (-Xmx/-Xms)
#   Decrease number of Java threads
#   Decrease Java thread stack sizes (-Xss)
#   Set larger code cache with -XX:ReservedCodeCacheSize=
#   JVM is running with Unscaled Compressed Oops mode in which the Java heap is
#     placed in the first 4GB address space. The Java Heap base address is the
#     maximum limit for the native heap growth. Please use -XX:HeapBaseMinAddress
#     to set the Java Heap base and to place the Java Heap above 4GB virtual address.
# This output file may be truncated or incomplete.
#
#  Out of Memory Error (allocation.cpp:44), pid=60004, tid=61612
#
# JRE version: OpenJDK Runtime Environment Temurin-17.0.11+9 (17.0.11+9) (build 17.0.11+9)
# Java VM: OpenJDK 64-Bit Server VM Temurin-17.0.11+9 (17.0.11+9, mixed mode, emulated-client, tiered, compressed oops, compressed class ptrs, g1 gc, windows-amd64)
# No core dump will be written. Minidumps are not enabled by default on client versions of Windows
#

---------------  S U M M A R Y ------------

Command Line: -Xmx1024m -Dsts.lsp.client=vscode -Dsts.log.file=/dev/null -XX:TieredStopAtLevel=1 -Xlog:jni+resolve=off -Dspring.config.location=file:c:\Users\nmene\.vscode\extensions\vmware.vscode-spring-boot-1.56.0\language-server\BOOT-INF\classes\application.properties org.springframework.ide.vscode.boot.app.BootLanguageServerBootApp

Host: AMD Ryzen 5 2500U with Radeon Vega Mobile Gfx  , 8 cores, 6G,  Windows 11 , 64 bit Build 22621 (10.0.22621.3672)
Time: Thu Aug  1 13:22:49 2024 Hora estándar central (México) elapsed time: 98407.709780 seconds (1d 3h 20m 7s)

---------------  T H R E A D  ---------------

Current thread (0x000001d395613eb0):  VMThread "VM Thread" [stack: 0x000000236c900000,0x000000236ca00000] [id=61612]

Stack: [0x000000236c900000,0x000000236ca00000]
Native frames: (J=compiled Java code, j=interpreted, Vv=VM code, C=native code)
V  [jvm.dll+0x67d429]
V  [jvm.dll+0x834b7a]
V  [jvm.dll+0x83663e]
V  [jvm.dll+0x836ca3]
V  [jvm.dll+0x247dbf]
V  [jvm.dll+0xa6cb3]
V  [jvm.dll+0x2f8b61]
V  [jvm.dll+0x2f4750]
V  [jvm.dll+0x2dcf67]
V  [jvm.dll+0x31fb67]
V  [jvm.dll+0x83b19b]
V  [jvm.dll+0x83bed2]
V  [jvm.dll+0x83c3ed]
V  [jvm.dll+0x83c7c4]
V  [jvm.dll+0x83c890]
V  [jvm.dll+0x7e410a]
V  [jvm.dll+0x67c315]
C  [ucrtbase.dll+0x29333]
C  [KERNEL32.DLL+0x1257d]
C  [ntdll.dll+0x5af28]

VM_Operation (0x000000236e1fecc0): G1CollectFull, mode: safepoint, requested by thread 0x000001d39b291840


---------------  P R O C E S S  ---------------

Threads class SMR info:
_java_thread_list=0x000001d39b708e30, length=28, elements={
0x000001d395628780, 0x000001d395629510, 0x000001d3957a08a0, 0x000001d3957a1370,
0x000001d39566e020, 0x000001d39566e8f0, 0x000001d3957a4140, 0x000001d3957a4a50,
0x000001d3959b3ad0, 0x000001d3959bca50, 0x000001d39b205fd0, 0x000001d39b291840,
0x000001d39b36dd50, 0x000001d38a855e30, 0x000001d39a53c6c0, 0x000001d39b56ddc0,
0x000001d39b56f500, 0x000001d39b570940, 0x000001d39b571870, 0x000001d39b56fa10,
0x000001d39b56ff20, 0x000001d39b5727a0, 0x000001d39b4c5fa0, 0x000001d39b4c69c0,
0x000001d39b4c8310, 0x000001d39b68d080, 0x000001d39b68a800, 0x000001d39b690320
}

Java Threads: ( => current thread )
  0x000001d395628780 JavaThread "Reference Handler" daemon [_thread_blocked, id=75164, stack(0x000000236ca00000,0x000000236cb00000)]
  0x000001d395629510 JavaThread "Finalizer" daemon [_thread_blocked, id=75276, stack(0x000000236cb00000,0x000000236cc00000)]
  0x000001d3957a08a0 JavaThread "Signal Dispatcher" daemon [_thread_blocked, id=67044, stack(0x000000236cc00000,0x000000236cd00000)]
  0x000001d3957a1370 JavaThread "Attach Listener" daemon [_thread_blocked, id=78868, stack(0x000000236cd00000,0x000000236ce00000)]
  0x000001d39566e020 JavaThread "Service Thread" daemon [_thread_blocked, id=8476, stack(0x000000236ce00000,0x000000236cf00000)]
  0x000001d39566e8f0 JavaThread "Monitor Deflation Thread" daemon [_thread_blocked, id=66688, stack(0x000000236cf00000,0x000000236d000000)]
  0x000001d3957a4140 JavaThread "C1 CompilerThread0" daemon [_thread_blocked, id=57412, stack(0x000000236d000000,0x000000236d100000)]
  0x000001d3957a4a50 JavaThread "Sweeper thread" daemon [_thread_blocked, id=62980, stack(0x000000236d100000,0x000000236d200000)]
  0x000001d3959b3ad0 JavaThread "Notification Thread" daemon [_thread_blocked, id=48112, stack(0x000000236d400000,0x000000236d500000)]
  0x000001d3959bca50 JavaThread "Common-Cleaner" daemon [_thread_blocked, id=59648, stack(0x000000236d600000,0x000000236d700000)]
  0x000001d39b205fd0 JavaThread "boundedElastic-evictor-1" daemon [_thread_blocked, id=50116, stack(0x000000236dd00000,0x000000236de00000)]
  0x000001d39b291840 JavaThread "pool-13-thread-1" [_thread_blocked, id=79688, stack(0x000000236e100000,0x000000236e200000)]
  0x000001d39b36dd50 JavaThread "LanguageServerApp-lifecycle" [_thread_blocked, id=78744, stack(0x000000236e200000,0x000000236e300000)]
  0x000001d38a855e30 JavaThread "DestroyJavaVM" [_thread_blocked, id=75952, stack(0x000000236c300000,0x000000236c400000)]
  0x000001d39a53c6c0 JavaThread "pool-14-thread-1" [_thread_in_native, id=76080, stack(0x000000236e300000,0x000000236e400000)]
  0x000001d39b56ddc0 JavaThread "Simple-Language-Server main thread" daemon [_thread_blocked, id=55728, stack(0x000000236e400000,0x000000236e500000)]
  0x000001d39b56f500 JavaThread "pool-8-thread-1" [_thread_blocked, id=57072, stack(0x000000236ea00000,0x000000236eb00000)]
  0x000001d39b570940 JavaThread "parallel-1" daemon [_thread_blocked, id=39216, stack(0x000000236eb00000,0x000000236ec00000)]
  0x000001d39b571870 JavaThread "pool-6-thread-1" [_thread_blocked, id=75152, stack(0x000000236ec00000,0x000000236ed00000)]
  0x000001d39b56fa10 JavaThread "parallel-2" daemon [_thread_blocked, id=35432, stack(0x000000236ed00000,0x000000236ee00000)]
  0x000001d39b56ff20 JavaThread "parallel-3" daemon [_thread_blocked, id=66308, stack(0x000000236ee00000,0x000000236ef00000)]
  0x000001d39b5727a0 JavaThread "parallel-4" daemon [_thread_blocked, id=68524, stack(0x000000236f400000,0x000000236f500000)]
  0x000001d39b4c5fa0 JavaThread "parallel-5" daemon [_thread_blocked, id=75684, stack(0x000000236f500000,0x000000236f600000)]
  0x000001d39b4c69c0 JavaThread "Reconciler-1" daemon [_thread_blocked, id=62428, stack(0x000000236f700000,0x000000236f800000)]
  0x000001d39b4c8310 JavaThread "parallel-6" daemon [_thread_blocked, id=69600, stack(0x000000236dc00000,0x000000236dd00000)]
  0x000001d39b68d080 JavaThread "parallel-7" daemon [_thread_blocked, id=71192, stack(0x0000002370300000,0x0000002370400000)]
  0x000001d39b68a800 JavaThread "parallel-8" daemon [_thread_blocked, id=73244, stack(0x0000002370500000,0x0000002370600000)]
  0x000001d39b690320 JavaThread "CompletableFutureDelayScheduler" daemon [_thread_blocked, id=54304, stack(0x000000236e500000,0x000000236e600000)]

Other Threads:
=>0x000001d395613eb0 VMThread "VM Thread" [stack: 0x000000236c900000,0x000000236ca00000] [id=61612]
  0x000001d3959b3fb0 WatcherThread [stack: 0x000000236d500000,0x000000236d600000] [id=75996]
  0x000001d38a894000 GCTaskThread "GC Thread#0" [stack: 0x000000236c400000,0x000000236c500000] [id=68156]
  0x000001d39a85a020 GCTaskThread "GC Thread#1" [stack: 0x000000236d300000,0x000000236d400000] [id=50724]
  0x000001d39a059d90 GCTaskThread "GC Thread#2" [stack: 0x000000236d700000,0x000000236d800000] [id=56604]
  0x000001d3958d8de0 GCTaskThread "GC Thread#3" [stack: 0x000000236d800000,0x000000236d900000] [id=48636]
  0x000001d39a9f3240 GCTaskThread "GC Thread#4" [stack: 0x000000236d900000,0x000000236da00000] [id=48576]
  0x000001d39aa4bcb0 GCTaskThread "GC Thread#5" [stack: 0x000000236da00000,0x000000236db00000] [id=78488]
  0x000001d39ad796b0 GCTaskThread "GC Thread#6" [stack: 0x000000236de00000,0x000000236df00000] [id=52928]
  0x000001d39ad48070 GCTaskThread "GC Thread#7" [stack: 0x000000236df00000,0x000000236e000000] [id=45924]
  0x000001d38a89ce60 ConcurrentGCThread "G1 Main Marker" [stack: 0x000000236c500000,0x000000236c600000] [id=61840]
  0x000001d38a89d790 ConcurrentGCThread "G1 Conc#0" [stack: 0x000000236c600000,0x000000236c700000] [id=38076]
  0x000001d39ac14ae0 ConcurrentGCThread "G1 Conc#1" [stack: 0x000000236e000000,0x000000236e100000] [id=61808]
  0x000001d38a8fe7c0 ConcurrentGCThread "G1 Refine#0" [stack: 0x000000236c700000,0x000000236c800000] [id=74080]
  0x000001d395482200 ConcurrentGCThread "G1 Service" [stack: 0x000000236c800000,0x000000236c900000] [id=62076]

Threads with active compile tasks:

VM state: at safepoint (normal execution)

VM Mutex/Monitor currently owned by a thread:  ([mutex/lock_event])
[0x000001d38863ca60] Threads_lock - owner thread: 0x000001d395613eb0
[0x000001d38a852f50] Heap_lock - owner thread: 0x000001d39b291840

Heap address: 0x00000000c0000000, size: 1024 MB, Compressed Oops mode: 32-bit

CDS archive(s) not mapped
Compressed class space mapped at: 0x0000000100000000-0x0000000140000000, reserved size: 1073741824
Narrow klass base: 0x0000000000000000, Narrow klass shift: 3, Narrow klass range: 0x140000000

GC Precious Log:
 CPUs: 8 total, 8 available
 Memory: 7117M
 Large Page Support: Disabled
 NUMA Support: Disabled
 Compressed Oops: Enabled (32-bit)
 Heap Region Size: 1M
 Heap Min Capacity: 8M
 Heap Initial Capacity: 112M
 Heap Max Capacity: 1G
 Pre-touch: Disabled
 Parallel Workers: 8
 Concurrent Workers: 2
 Concurrent Refinement Workers: 8
 Periodic GC: Disabled

Heap:
 garbage-first heap   total 100352K, used 39542K [0x00000000c0000000, 0x0000000100000000)
  region size 1024K, 1 young (1024K), 0 survivors (0K)
 Metaspace       used 64103K, committed 64576K, reserved 1114112K
  class space    used 8015K, committed 8256K, reserved 1048576K

Heap Regions: E=young(eden), S=young(survivor), O=old, HS=humongous(starts), HC=humongous(continues), CS=collection set, F=free, OA=open archive, CA=closed archive, TAMS=top-at-mark-start (previous, next)
|   0|0x00000000c0000000, 0x00000000c0100000, 0x00000000c0100000|100%|HS|  |TAMS 0x00000000c0100000, 0x00000000c0000000| Untracked 
|   1|0x00000000c0100000, 0x00000000c0200000, 0x00000000c0200000|100%|HC|  |TAMS 0x00000000c0200000, 0x00000000c0100000| Untracked 
|   2|0x00000000c0200000, 0x00000000c0300000, 0x00000000c0300000|100%|HC|  |TAMS 0x00000000c0300000, 0x00000000c0200000| Untracked 
|   3|0x00000000c0300000, 0x00000000c0400000, 0x00000000c0400000|100%|HC|  |TAMS 0x00000000c0400000, 0x00000000c0300000| Untracked 
|   4|0x00000000c0400000, 0x00000000c0500000, 0x00000000c0500000|100%|HS|  |TAMS 0x00000000c0500000, 0x00000000c0400000| Untracked 
|   5|0x00000000c0500000, 0x00000000c0600000, 0x00000000c0600000|100%|HC|  |TAMS 0x00000000c0600000, 0x00000000c0500000| Untracked 
|   6|0x00000000c0600000, 0x00000000c0700000, 0x00000000c0700000|100%| O|  |TAMS 0x00000000c0700000, 0x00000000c0600000| Untracked 
|   7|0x00000000c0700000, 0x00000000c07fcf30, 0x00000000c0800000| 98%| O|  |TAMS 0x00000000c07fcf30, 0x00000000c0700000| Untracked 
|   8|0x00000000c0800000, 0x00000000c0900000, 0x00000000c0900000|100%| O|  |TAMS 0x00000000c0900000, 0x00000000c0800000| Untracked 
|   9|0x00000000c0900000, 0x00000000c09fffe0, 0x00000000c0a00000| 99%| O|  |TAMS 0x00000000c09fffe0, 0x00000000c0900000| Untracked 
|  10|0x00000000c0a00000, 0x00000000c0b00000, 0x00000000c0b00000|100%| O|  |TAMS 0x00000000c0b00000, 0x00000000c0a00000| Untracked 
|  11|0x00000000c0b00000, 0x00000000c0c00000, 0x00000000c0c00000|100%| O|  |TAMS 0x00000000c0c00000, 0x00000000c0b00000| Untracked 
|  12|0x00000000c0c00000, 0x00000000c0cffff0, 0x00000000c0d00000| 99%| O|  |TAMS 0x00000000c0cffff0, 0x00000000c0c00000| Untracked 
|  13|0x00000000c0d00000, 0x00000000c0e00000, 0x00000000c0e00000|100%| O|  |TAMS 0x00000000c0e00000, 0x00000000c0d00000| Untracked 
|  14|0x00000000c0e00000, 0x00000000c0f00000, 0x00000000c0f00000|100%| O|  |TAMS 0x00000000c0f00000, 0x00000000c0e00000| Untracked 
|  15|0x00000000c0f00000, 0x00000000c0fff788, 0x00000000c1000000| 99%| O|  |TAMS 0x00000000c0fff788, 0x00000000c0f00000| Untracked 
|  16|0x00000000c1000000, 0x00000000c10fff38, 0x00000000c1100000| 99%| O|  |TAMS 0x00000000c10fff38, 0x00000000c1000000| Untracked 
|  17|0x00000000c1100000, 0x00000000c11fffb8, 0x00000000c1200000| 99%| O|  |TAMS 0x00000000c11fffb8, 0x00000000c1100000| Untracked 
|  18|0x00000000c1200000, 0x00000000c12fffe0, 0x00000000c1300000| 99%| O|  |TAMS 0x00000000c12fffe0, 0x00000000c1200000| Untracked 
|  19|0x00000000c1300000, 0x00000000c13fffe8, 0x00000000c1400000| 99%| O|  |TAMS 0x00000000c13fffe8, 0x00000000c1300000| Untracked 
|  20|0x00000000c1400000, 0x00000000c14fffd0, 0x00000000c1500000| 99%| O|  |TAMS 0x00000000c14fffd0, 0x00000000c1400000| Untracked 
|  21|0x00000000c1500000, 0x00000000c15fffd8, 0x00000000c1600000| 99%| O|  |TAMS 0x00000000c15fffd8, 0x00000000c1500000| Untracked 
|  22|0x00000000c1600000, 0x00000000c16ffff8, 0x00000000c1700000| 99%| O|  |TAMS 0x00000000c16ffff8, 0x00000000c1600000| Untracked 
|  23|0x00000000c1700000, 0x00000000c1800000, 0x00000000c1800000|100%|HS|  |TAMS 0x00000000c1800000, 0x00000000c1700000| Untracked 
|  24|0x00000000c1800000, 0x00000000c18fc688, 0x00000000c1900000| 98%| O|  |TAMS 0x00000000c18fc688, 0x00000000c1800000| Untracked 
|  25|0x00000000c1900000, 0x00000000c19fff60, 0x00000000c1a00000| 99%| O|  |TAMS 0x00000000c19fff60, 0x00000000c1900000| Untracked 
|  26|0x00000000c1a00000, 0x00000000c1affff8, 0x00000000c1b00000| 99%| O|  |TAMS 0x00000000c1affff8, 0x00000000c1a00000| Untracked 
|  27|0x00000000c1b00000, 0x00000000c1c00000, 0x00000000c1c00000|100%| O|  |TAMS 0x00000000c1c00000, 0x00000000c1b00000| Untracked 
|  28|0x00000000c1c00000, 0x00000000c1cffff0, 0x00000000c1d00000| 99%| O|  |TAMS 0x00000000c1cffff0, 0x00000000c1c00000| Untracked 
|  29|0x00000000c1d00000, 0x00000000c1dffff8, 0x00000000c1e00000| 99%| O|  |TAMS 0x00000000c1dffff8, 0x00000000c1d00000| Untracked 
|  30|0x00000000c1e00000, 0x00000000c1efff80, 0x00000000c1f00000| 99%| O|  |TAMS 0x00000000c1efff80, 0x00000000c1e00000| Untracked 
|  31|0x00000000c1f00000, 0x00000000c1fffff8, 0x00000000c2000000| 99%| O|  |TAMS 0x00000000c1fffff8, 0x00000000c1f00000| Untracked 
|  32|0x00000000c2000000, 0x00000000c2100000, 0x00000000c2100000|100%| O|  |TAMS 0x00000000c2100000, 0x00000000c2000000| Untracked 
|  33|0x00000000c2100000, 0x00000000c21f5fb8, 0x00000000c2200000| 96%| O|  |TAMS 0x00000000c21f5fb8, 0x00000000c2100000| Untracked 
|  34|0x00000000c2200000, 0x00000000c22ffff8, 0x00000000c2300000| 99%| O|  |TAMS 0x00000000c22ffff8, 0x00000000c2200000| Untracked 
|  35|0x00000000c2300000, 0x00000000c23ffff8, 0x00000000c2400000| 99%| O|  |TAMS 0x00000000c23ffff8, 0x00000000c2300000| Untracked 
|  36|0x00000000c2400000, 0x00000000c24fffe0, 0x00000000c2500000| 99%| O|  |TAMS 0x00000000c24fffe0, 0x00000000c2400000| Untracked 
|  37|0x00000000c2500000, 0x00000000c25ffff8, 0x00000000c2600000| 99%| O|  |TAMS 0x00000000c25ffff8, 0x00000000c2500000| Untracked 
|  38|0x00000000c2600000, 0x00000000c26aeef8, 0x00000000c2700000| 68%| O|  |TAMS 0x00000000c2600000, 0x00000000c2600000| Untracked 
|  39|0x00000000c2700000, 0x00000000c2700068, 0x00000000c2800000|  0%| O|  |TAMS 0x00000000c2700000, 0x00000000c2700000| Untracked 
|  40|0x00000000c2800000, 0x00000000c2800000, 0x00000000c2900000|  0%| F|  |TAMS 0x00000000c2800000, 0x00000000c2800000| Untracked 
|  41|0x00000000c2900000, 0x00000000c2900000, 0x00000000c2a00000|  0%| F|  |TAMS 0x00000000c2900000, 0x00000000c2900000| Untracked 
|  42|0x00000000c2a00000, 0x00000000c2a00000, 0x00000000c2b00000|  0%| F|  |TAMS 0x00000000c2a00000, 0x00000000c2a00000| Untracked 
|  43|0x00000000c2b00000, 0x00000000c2b00000, 0x00000000c2c00000|  0%| F|  |TAMS 0x00000000c2b00000, 0x00000000c2b00000| Untracked 
|  44|0x00000000c2c00000, 0x00000000c2c00000, 0x00000000c2d00000|  0%| F|  |TAMS 0x00000000c2c00000, 0x00000000c2c00000| Untracked 
|  45|0x00000000c2d00000, 0x00000000c2d00000, 0x00000000c2e00000|  0%| F|  |TAMS 0x00000000c2d00000, 0x00000000c2d00000| Untracked 
|  46|0x00000000c2e00000, 0x00000000c2e00000, 0x00000000c2f00000|  0%| F|  |TAMS 0x00000000c2e00000, 0x00000000c2e00000| Untracked 
|  47|0x00000000c2f00000, 0x00000000c2f00000, 0x00000000c3000000|  0%| F|  |TAMS 0x00000000c2f00000, 0x00000000c2f00000| Untracked 
|  48|0x00000000c3000000, 0x00000000c3000000, 0x00000000c3100000|  0%| F|  |TAMS 0x00000000c3000000, 0x00000000c3000000| Untracked 
|  49|0x00000000c3100000, 0x00000000c3100000, 0x00000000c3200000|  0%| F|  |TAMS 0x00000000c3100000, 0x00000000c3100000| Untracked 
|  50|0x00000000c3200000, 0x00000000c3200000, 0x00000000c3300000|  0%| F|  |TAMS 0x00000000c3200000, 0x00000000c3200000| Untracked 
|  51|0x00000000c3300000, 0x00000000c3300000, 0x00000000c3400000|  0%| F|  |TAMS 0x00000000c3300000, 0x00000000c3300000| Untracked 
|  52|0x00000000c3400000, 0x00000000c3400000, 0x00000000c3500000|  0%| F|  |TAMS 0x00000000c3400000, 0x00000000c3400000| Untracked 
|  53|0x00000000c3500000, 0x00000000c3500000, 0x00000000c3600000|  0%| F|  |TAMS 0x00000000c3500000, 0x00000000c3500000| Untracked 
|  54|0x00000000c3600000, 0x00000000c3600000, 0x00000000c3700000|  0%| F|  |TAMS 0x00000000c3600000, 0x00000000c3600000| Untracked 
|  55|0x00000000c3700000, 0x00000000c3700000, 0x00000000c3800000|  0%| F|  |TAMS 0x00000000c3700000, 0x00000000c3700000| Untracked 
|  56|0x00000000c3800000, 0x00000000c3800000, 0x00000000c3900000|  0%| F|  |TAMS 0x00000000c3800000, 0x00000000c3800000| Untracked 
|  57|0x00000000c3900000, 0x00000000c3900000, 0x00000000c3a00000|  0%| F|  |TAMS 0x00000000c3900000, 0x00000000c3900000| Untracked 
|  58|0x00000000c3a00000, 0x00000000c3a00000, 0x00000000c3b00000|  0%| F|  |TAMS 0x00000000c3a00000, 0x00000000c3a00000| Untracked 
|  59|0x00000000c3b00000, 0x00000000c3b00000, 0x00000000c3c00000|  0%| F|  |TAMS 0x00000000c3b00000, 0x00000000c3b00000| Untracked 
|  60|0x00000000c3c00000, 0x00000000c3c00000, 0x00000000c3d00000|  0%| F|  |TAMS 0x00000000c3c00000, 0x00000000c3c00000| Untracked 
|  61|0x00000000c3d00000, 0x00000000c3d00000, 0x00000000c3e00000|  0%| F|  |TAMS 0x00000000c3d00000, 0x00000000c3d00000| Untracked 
|  62|0x00000000c3e00000, 0x00000000c3e00000, 0x00000000c3f00000|  0%| F|  |TAMS 0x00000000c3e00000, 0x00000000c3e00000| Untracked 
|  63|0x00000000c3f00000, 0x00000000c3f00000, 0x00000000c4000000|  0%| F|  |TAMS 0x00000000c3f00000, 0x00000000c3f00000| Untracked 
|  64|0x00000000c4000000, 0x00000000c4000000, 0x00000000c4100000|  0%| F|  |TAMS 0x00000000c4000000, 0x00000000c4000000| Untracked 
|  65|0x00000000c4100000, 0x00000000c4100000, 0x00000000c4200000|  0%| F|  |TAMS 0x00000000c4100000, 0x00000000c4100000| Untracked 
|  66|0x00000000c4200000, 0x00000000c4200000, 0x00000000c4300000|  0%| F|  |TAMS 0x00000000c4200000, 0x00000000c4200000| Untracked 
|  67|0x00000000c4300000, 0x00000000c4300000, 0x00000000c4400000|  0%| F|  |TAMS 0x00000000c4300000, 0x00000000c4300000| Untracked 
|  68|0x00000000c4400000, 0x00000000c4400000, 0x00000000c4500000|  0%| F|  |TAMS 0x00000000c4400000, 0x00000000c4400000| Untracked 
|  69|0x00000000c4500000, 0x00000000c4500000, 0x00000000c4600000|  0%| F|  |TAMS 0x00000000c4500000, 0x00000000c4500000| Untracked 
|  70|0x00000000c4600000, 0x00000000c4600000, 0x00000000c4700000|  0%| F|  |TAMS 0x00000000c4600000, 0x00000000c4600000| Untracked 
|  71|0x00000000c4700000, 0x00000000c4700000, 0x00000000c4800000|  0%| F|  |TAMS 0x00000000c4700000, 0x00000000c4700000| Untracked 
|  72|0x00000000c4800000, 0x00000000c4800000, 0x00000000c4900000|  0%| F|  |TAMS 0x00000000c4800000, 0x00000000c4800000| Untracked 
|  73|0x00000000c4900000, 0x00000000c4900000, 0x00000000c4a00000|  0%| F|  |TAMS 0x00000000c4900000, 0x00000000c4900000| Untracked 
|  74|0x00000000c4a00000, 0x00000000c4a00000, 0x00000000c4b00000|  0%| F|  |TAMS 0x00000000c4a00000, 0x00000000c4a00000| Untracked 
|  75|0x00000000c4b00000, 0x00000000c4b00000, 0x00000000c4c00000|  0%| F|  |TAMS 0x00000000c4b00000, 0x00000000c4b00000| Untracked 
|  76|0x00000000c4c00000, 0x00000000c4c00000, 0x00000000c4d00000|  0%| F|  |TAMS 0x00000000c4c00000, 0x00000000c4c00000| Untracked 
|  77|0x00000000c4d00000, 0x00000000c4d00000, 0x00000000c4e00000|  0%| F|  |TAMS 0x00000000c4d00000, 0x00000000c4d00000| Untracked 
|  78|0x00000000c4e00000, 0x00000000c4e00000, 0x00000000c4f00000|  0%| F|  |TAMS 0x00000000c4e00000, 0x00000000c4e00000| Untracked 
|  79|0x00000000c4f00000, 0x00000000c4f00000, 0x00000000c5000000|  0%| F|  |TAMS 0x00000000c4f00000, 0x00000000c4f00000| Untracked 
|  80|0x00000000c5000000, 0x00000000c5000000, 0x00000000c5100000|  0%| F|  |TAMS 0x00000000c5000000, 0x00000000c5000000| Untracked 
|  81|0x00000000c5100000, 0x00000000c5100000, 0x00000000c5200000|  0%| F|  |TAMS 0x00000000c5100000, 0x00000000c5100000| Untracked 
|  82|0x00000000c5200000, 0x00000000c5200000, 0x00000000c5300000|  0%| F|  |TAMS 0x00000000c5200000, 0x00000000c5200000| Untracked 
|  83|0x00000000c5300000, 0x00000000c5300000, 0x00000000c5400000|  0%| F|  |TAMS 0x00000000c5300000, 0x00000000c5300000| Untracked 
|  84|0x00000000c5400000, 0x00000000c5400000, 0x00000000c5500000|  0%| F|  |TAMS 0x00000000c5400000, 0x00000000c5400000| Untracked 
|  85|0x00000000c5500000, 0x00000000c5500000, 0x00000000c5600000|  0%| F|  |TAMS 0x00000000c5500000, 0x00000000c5500000| Untracked 
|  86|0x00000000c5600000, 0x00000000c5600000, 0x00000000c5700000|  0%| F|  |TAMS 0x00000000c5600000, 0x00000000c5600000| Untracked 
|  87|0x00000000c5700000, 0x00000000c5700000, 0x00000000c5800000|  0%| F|  |TAMS 0x00000000c5700000, 0x00000000c5700000| Untracked 
|  88|0x00000000c5800000, 0x00000000c5800000, 0x00000000c5900000|  0%| F|  |TAMS 0x00000000c5800000, 0x00000000c5800000| Untracked 
|  89|0x00000000c5900000, 0x00000000c5900000, 0x00000000c5a00000|  0%| F|  |TAMS 0x00000000c5900000, 0x00000000c5900000| Untracked 
|  90|0x00000000c5a00000, 0x00000000c5a00000, 0x00000000c5b00000|  0%| F|  |TAMS 0x00000000c5a00000, 0x00000000c5a00000| Untracked 
|  91|0x00000000c5b00000, 0x00000000c5b00000, 0x00000000c5c00000|  0%| F|  |TAMS 0x00000000c5b00000, 0x00000000c5b00000| Untracked 
|  92|0x00000000c5c00000, 0x00000000c5c00000, 0x00000000c5d00000|  0%| F|  |TAMS 0x00000000c5c00000, 0x00000000c5c00000| Untracked 
|  93|0x00000000c5d00000, 0x00000000c5d00000, 0x00000000c5e00000|  0%| F|  |TAMS 0x00000000c5d00000, 0x00000000c5d00000| Untracked 
|  94|0x00000000c5e00000, 0x00000000c5e00000, 0x00000000c5f00000|  0%| F|  |TAMS 0x00000000c5e00000, 0x00000000c5e00000| Untracked 
|  95|0x00000000c5f00000, 0x00000000c5f00000, 0x00000000c6000000|  0%| F|  |TAMS 0x00000000c5f00000, 0x00000000c5f00000| Untracked 
|  96|0x00000000c6000000, 0x00000000c6000000, 0x00000000c6100000|  0%| F|  |TAMS 0x00000000c6000000, 0x00000000c6000000| Untracked 
| 111|0x00000000c6f00000, 0x00000000c6f058a8, 0x00000000c7000000|  2%| E|  |TAMS 0x00000000c6f00000, 0x00000000c6f00000| Complete 

Card table byte_map: [0x000001d3907f0000,0x000001d3909f0000] _byte_map_base: 0x000001d3901f0000

Marking Bits (Prev, Next): (CMBitMap*) 0x000001d38a894530, (CMBitMap*) 0x000001d38a894570
 Prev Bits: [0x000001d390bf0000, 0x000001d391bf0000)
 Next Bits: [0x000001d391bf0000, 0x000001d392bf0000)

Polling page: 0x000001d3887b0000

Metaspace:

Usage:
  Non-class:     54.77 MB used.
      Class:      7.83 MB used.
       Both:     62.60 MB used.

Virtual space:
  Non-class space:       64.00 MB reserved,      55.00 MB ( 86%) committed,  1 nodes.
      Class space:        1.00 GB reserved,       8.06 MB ( <1%) committed,  1 nodes.
             Both:        1.06 GB reserved,      63.06 MB (  6%) committed. 

Chunk freelists:
   Non-Class:  8.53 MB
       Class:  7.85 MB
        Both:  16.38 MB

MaxMetaspaceSize: unlimited
CompressedClassSpaceSize: 1.00 GB
Initial GC threshold: 21.00 MB
Current GC threshold: 105.00 MB
CDS: off
MetaspaceReclaimPolicy: balanced
 - commit_granule_bytes: 65536.
 - commit_granule_words: 8192.
 - virtual_space_node_default_size: 8388608.
 - enlarge_chunks_in_place: 1.
 - new_chunks_are_fully_committed: 0.
 - uncommit_free_chunks: 1.
 - use_allocation_guard: 0.
 - handle_deallocations: 1.


Internal statistics:

num_allocs_failed_limit: 6.
num_arena_births: 958.
num_arena_deaths: 418.
num_vsnodes_births: 2.
num_vsnodes_deaths: 0.
num_space_committed: 1009.
num_space_uncommitted: 1.
num_chunks_returned_to_freelist: 524.
num_chunks_taken_from_freelist: 3172.
num_chunk_merges: 180.
num_chunk_splits: 2052.
num_chunks_enlarged: 1497.
num_inconsistent_stats: 0.

CodeCache: size=49152Kb used=20885Kb max_used=21758Kb free=28266Kb
 bounds [0x000001d38d4e0000, 0x000001d38ea80000, 0x000001d3904e0000]
 total_blobs=11572 nmethods=10887 adapters=611
 compilation: enabled
              stopped_count=0, restarted_count=0
 full_count=0

Compilation events (20 events):
Event: 88447.859 Thread 0x000001d3957a4140 11053       1       org.apache.commons.lang3.tuple.Pair::<init> (5 bytes)
Event: 88447.860 Thread 0x000001d3957a4140 nmethod 11053 0x000001d38ea13910 code [0x000001d38ea13aa0, 0x000001d38ea13b58]
Event: 88447.860 Thread 0x000001d3957a4140 11054       1       org.apache.commons.lang3.tuple.ImmutablePair::of (24 bytes)
Event: 88447.861 Thread 0x000001d3957a4140 nmethod 11054 0x000001d38ea13510 code [0x000001d38ea136a0, 0x000001d38ea13898]
Event: 88458.087 Thread 0x000001d3957a4140 11055       1       java.util.HashMap$KeySpliterator::characteristics (30 bytes)
Event: 88458.090 Thread 0x000001d3957a4140 nmethod 11055 0x000001d38ea13210 code [0x000001d38ea133a0, 0x000001d38ea13498]
Event: 88458.090 Thread 0x000001d3957a4140 11056       1       org.springframework.ide.vscode.commons.util.BasicFileObserver$$Lambda$1181/0x00000001007a2a40::apply (12 bytes)
Event: 88458.110 Thread 0x000001d3957a4140 nmethod 11056 0x000001d38ea12490 code [0x000001d38ea126e0, 0x000001d38ea12e38]
Event: 88458.110 Thread 0x000001d3957a4140 11057       1       org.springframework.ide.vscode.commons.util.BasicFileObserver::lambda$notify$4 (33 bytes)
Event: 88458.111 Thread 0x000001d3957a4140 nmethod 11057 0x000001d38ea11790 code [0x000001d38ea119e0, 0x000001d38ea120d8]
Event: 88458.111 Thread 0x000001d3957a4140 11058       1       org.springframework.ide.vscode.commons.util.BasicFileObserver$$Lambda$1184/0x00000001007a30f0::<init> (10 bytes)
Event: 88458.111 Thread 0x000001d3957a4140 nmethod 11058 0x000001d38ea11490 code [0x000001d38ea11620, 0x000001d38ea11738]
Event: 88458.111 Thread 0x000001d3957a4140 11059       1       org.springframework.ide.vscode.commons.util.BasicFileObserver$$Lambda$1185/0x00000001007a3340::apply (5 bytes)
Event: 88458.112 Thread 0x000001d3957a4140 nmethod 11059 0x000001d38ea11110 code [0x000001d38ea112a0, 0x000001d38ea113f8]
Event: 88458.112 Thread 0x000001d3957a4140 11060       1       org.springframework.ide.vscode.commons.util.BasicFileObserver::lambda$notify$3 (5 bytes)
Event: 88458.112 Thread 0x000001d3957a4140 nmethod 11060 0x000001d38ea10d90 code [0x000001d38ea10f20, 0x000001d38ea11058]
Event: 88458.112 Thread 0x000001d3957a4140 11061       1       org.springframework.ide.vscode.commons.util.BasicFileObserver$$Lambda$1182/0x00000001007a2c80::test (8 bytes)
Event: 88458.112 Thread 0x000001d3957a4140 nmethod 11061 0x000001d38ea10990 code [0x000001d38ea10b20, 0x000001d38ea10c78]
Event: 88538.185 Thread 0x000001d3957a4140 11062       1       java.security.AccessControlContext::combine (205 bytes)
Event: 88538.186 Thread 0x000001d3957a4140 nmethod 11062 0x000001d38ea0fe90 code [0x000001d38ea10080, 0x000001d38ea106d8]

GC Heap History (20 events):
Event: 98304.621 GC heap before
{Heap before GC invocations=2623 (full 2455):
 garbage-first heap   total 100352K, used 39542K [0x00000000c0000000, 0x0000000100000000)
  region size 1024K, 1 young (1024K), 0 survivors (0K)
 Metaspace       used 64103K, committed 64576K, reserved 1114112K
  class space    used 8015K, committed 8256K, reserved 1048576K
}
Event: 98304.667 GC heap after
{Heap after GC invocations=2624 (full 2456):
 garbage-first heap   total 100352K, used 39542K [0x00000000c0000000, 0x0000000100000000)
  region size 1024K, 0 young (0K), 0 survivors (0K)
 Metaspace       used 64103K, committed 64576K, reserved 1114112K
  class space    used 8015K, committed 8256K, reserved 1048576K
}
Event: 98314.882 GC heap before
{Heap before GC invocations=2624 (full 2456):
 garbage-first heap   total 100352K, used 39542K [0x00000000c0000000, 0x0000000100000000)
  region size 1024K, 1 young (1024K), 0 survivors (0K)
 Metaspace       used 64103K, committed 64576K, reserved 1114112K
  class space    used 8015K, committed 8256K, reserved 1048576K
}
Event: 98314.941 GC heap after
{Heap after GC invocations=2625 (full 2457):
 garbage-first heap   total 100352K, used 39542K [0x00000000c0000000, 0x0000000100000000)
  region size 1024K, 0 young (0K), 0 survivors (0K)
 Metaspace       used 64103K, committed 64576K, reserved 1114112K
  class space    used 8015K, committed 8256K, reserved 1048576K
}
Event: 98325.171 GC heap before
{Heap before GC invocations=2625 (full 2457):
 garbage-first heap   total 100352K, used 39542K [0x00000000c0000000, 0x0000000100000000)
  region size 1024K, 1 young (1024K), 0 survivors (0K)
 Metaspace       used 64103K, committed 64576K, reserved 1114112K
  class space    used 8015K, committed 8256K, reserved 1048576K
}
Event: 98325.228 GC heap after
{Heap after GC invocations=2626 (full 2458):
 garbage-first heap   total 100352K, used 39542K [0x00000000c0000000, 0x0000000100000000)
  region size 1024K, 0 young (0K), 0 survivors (0K)
 Metaspace       used 64103K, committed 64576K, reserved 1114112K
  class space    used 8015K, committed 8256K, reserved 1048576K
}
Event: 98335.445 GC heap before
{Heap before GC invocations=2626 (full 2458):
 garbage-first heap   total 100352K, used 39542K [0x00000000c0000000, 0x0000000100000000)
  region size 1024K, 1 young (1024K), 0 survivors (0K)
 Metaspace       used 64103K, committed 64576K, reserved 1114112K
  class space    used 8015K, committed 8256K, reserved 1048576K
}
Event: 98335.500 GC heap after
{Heap after GC invocations=2627 (full 2459):
 garbage-first heap   total 100352K, used 39542K [0x00000000c0000000, 0x0000000100000000)
  region size 1024K, 0 young (0K), 0 survivors (0K)
 Metaspace       used 64103K, committed 64576K, reserved 1114112K
  class space    used 8015K, committed 8256K, reserved 1048576K
}
Event: 98345.707 GC heap before
{Heap before GC invocations=2627 (full 2459):
 garbage-first heap   total 100352K, used 39542K [0x00000000c0000000, 0x0000000100000000)
  region size 1024K, 1 young (1024K), 0 survivors (0K)
 Metaspace       used 64103K, committed 64576K, reserved 1114112K
  class space    used 8015K, committed 8256K, reserved 1048576K
}
Event: 98345.755 GC heap after
{Heap after GC invocations=2628 (full 2460):
 garbage-first heap   total 100352K, used 39542K [0x00000000c0000000, 0x0000000100000000)
  region size 1024K, 0 young (0K), 0 survivors (0K)
 Metaspace       used 64103K, committed 64576K, reserved 1114112K
  class space    used 8015K, committed 8256K, reserved 1048576K
}
Event: 98356.063 GC heap before
{Heap before GC invocations=2628 (full 2460):
 garbage-first heap   total 100352K, used 39542K [0x00000000c0000000, 0x0000000100000000)
  region size 1024K, 1 young (1024K), 0 survivors (0K)
 Metaspace       used 64103K, committed 64576K, reserved 1114112K
  class space    used 8015K, committed 8256K, reserved 1048576K
}
Event: 98356.124 GC heap after
{Heap after GC invocations=2629 (full 2461):
 garbage-first heap   total 100352K, used 39542K [0x00000000c0000000, 0x0000000100000000)
  region size 1024K, 0 young (0K), 0 survivors (0K)
 Metaspace       used 64103K, committed 64576K, reserved 1114112K
  class space    used 8015K, committed 8256K, reserved 1048576K
}
Event: 98366.338 GC heap before
{Heap before GC invocations=2629 (full 2461):
 garbage-first heap   total 100352K, used 39542K [0x00000000c0000000, 0x0000000100000000)
  region size 1024K, 1 young (1024K), 0 survivors (0K)
 Metaspace       used 64103K, committed 64576K, reserved 1114112K
  class space    used 8015K, committed 8256K, reserved 1048576K
}
Event: 98366.392 GC heap after
{Heap after GC invocations=2630 (full 2462):
 garbage-first heap   total 100352K, used 39542K [0x00000000c0000000, 0x0000000100000000)
  region size 1024K, 0 young (0K), 0 survivors (0K)
 Metaspace       used 64103K, committed 64576K, reserved 1114112K
  class space    used 8015K, committed 8256K, reserved 1048576K
}
Event: 98376.607 GC heap before
{Heap before GC invocations=2630 (full 2462):
 garbage-first heap   total 100352K, used 39542K [0x00000000c0000000, 0x0000000100000000)
  region size 1024K, 1 young (1024K), 0 survivors (0K)
 Metaspace       used 64103K, committed 64576K, reserved 1114112K
  class space    used 8015K, committed 8256K, reserved 1048576K
}
Event: 98376.659 GC heap after
{Heap after GC invocations=2631 (full 2463):
 garbage-first heap   total 100352K, used 39542K [0x00000000c0000000, 0x0000000100000000)
  region size 1024K, 0 young (0K), 0 survivors (0K)
 Metaspace       used 64103K, committed 64576K, reserved 1114112K
  class space    used 8015K, committed 8256K, reserved 1048576K
}
Event: 98387.038 GC heap before
{Heap before GC invocations=2631 (full 2463):
 garbage-first heap   total 100352K, used 39542K [0x00000000c0000000, 0x0000000100000000)
  region size 1024K, 1 young (1024K), 0 survivors (0K)
 Metaspace       used 64103K, committed 64576K, reserved 1114112K
  class space    used 8015K, committed 8256K, reserved 1048576K
}
Event: 98387.092 GC heap after
{Heap after GC invocations=2632 (full 2464):
 garbage-first heap   total 100352K, used 39542K [0x00000000c0000000, 0x0000000100000000)
  region size 1024K, 0 young (0K), 0 survivors (0K)
 Metaspace       used 64103K, committed 64576K, reserved 1114112K
  class space    used 8015K, committed 8256K, reserved 1048576K
}
Event: 98397.356 GC heap before
{Heap before GC invocations=2632 (full 2464):
 garbage-first heap   total 100352K, used 39542K [0x00000000c0000000, 0x0000000100000000)
  region size 1024K, 1 young (1024K), 0 survivors (0K)
 Metaspace       used 64103K, committed 64576K, reserved 1114112K
  class space    used 8015K, committed 8256K, reserved 1048576K
}
Event: 98397.416 GC heap after
{Heap after GC invocations=2633 (full 2465):
 garbage-first heap   total 100352K, used 39542K [0x00000000c0000000, 0x0000000100000000)
  region size 1024K, 0 young (0K), 0 survivors (0K)
 Metaspace       used 64103K, committed 64576K, reserved 1114112K
  class space    used 8015K, committed 8256K, reserved 1048576K
}

Dll operation events (10 events):
Event: 0.023 Loaded shared library c:\Users\nmene\.vscode\extensions\redhat.java-1.32.0-win32-x64\jre\17.0.11-win32-x86_64\bin\java.dll
Event: 1.149 Loaded shared library C:\Users\nmene\.vscode\extensions\redhat.java-1.32.0-win32-x64\jre\17.0.11-win32-x86_64\bin\net.dll
Event: 1.156 Loaded shared library C:\Users\nmene\.vscode\extensions\redhat.java-1.32.0-win32-x64\jre\17.0.11-win32-x86_64\bin\nio.dll
Event: 2.148 Loaded shared library C:\Users\nmene\.vscode\extensions\redhat.java-1.32.0-win32-x64\jre\17.0.11-win32-x86_64\bin\zip.dll
Event: 20.780 Loaded shared library C:\Users\nmene\.vscode\extensions\redhat.java-1.32.0-win32-x64\jre\17.0.11-win32-x86_64\bin\jimage.dll
Event: 23.895 Loaded shared library c:\Users\nmene\.vscode\extensions\redhat.java-1.32.0-win32-x64\jre\17.0.11-win32-x86_64\bin\verify.dll
Event: 31.586 Loaded shared library C:\Users\nmene\.vscode\extensions\redhat.java-1.32.0-win32-x64\jre\17.0.11-win32-x86_64\bin\management.dll
Event: 31.593 Loaded shared library C:\Users\nmene\.vscode\extensions\redhat.java-1.32.0-win32-x64\jre\17.0.11-win32-x86_64\bin\management_ext.dll
Event: 33.031 Loaded shared library C:\Users\nmene\.vscode\extensions\redhat.java-1.32.0-win32-x64\jre\17.0.11-win32-x86_64\bin\sunmscapi.dll
Event: 33.328 Loaded shared library C:\Users\nmene\.vscode\extensions\redhat.java-1.32.0-win32-x64\jre\17.0.11-win32-x86_64\bin\extnet.dll

Deoptimization events (18 events):
Event: 32.054 Thread 0x000001d39a53c6c0 DEOPT PACKING pc=0x000001d38daae581 sp=0x000000236e3fdc90
Event: 32.054 Thread 0x000001d39a53c6c0 DEOPT UNPACKING pc=0x000001d38d537143 sp=0x000000236e3fd120 mode 3
Event: 32.097 Thread 0x000001d39b56ddc0 DEOPT PACKING pc=0x000001d38da8f497 sp=0x000000236e4ff120
Event: 32.097 Thread 0x000001d39b56ddc0 DEOPT UNPACKING pc=0x000001d38d537143 sp=0x000000236e4fe578 mode 3
Event: 33.115 Thread 0x000001d39b4c8310 DEOPT PACKING pc=0x000001d38d6cc20c sp=0x000000236f8fad40
Event: 33.115 Thread 0x000001d39b4c8310 DEOPT UNPACKING pc=0x000001d38d537143 sp=0x000000236f8fa208 mode 0
Event: 33.698 Thread 0x000001d39b571360 DEOPT PACKING pc=0x000001d38dc61924 sp=0x000000236f2fefc0
Event: 33.698 Thread 0x000001d39b571d80 DEOPT PACKING pc=0x000001d38dc61924 sp=0x000000236efff050
Event: 33.698 Thread 0x000001d39b571d80 DEOPT UNPACKING pc=0x000001d38d537143 sp=0x000000236effe538 mode 0
Event: 33.698 Thread 0x000001d39b571360 DEOPT UNPACKING pc=0x000001d38d537143 sp=0x000000236f2fe4a8 mode 0
Event: 193.792 Thread 0x000001d39b68a2f0 DEOPT PACKING pc=0x000001d38db8d24c sp=0x00000023704fdab0
Event: 193.792 Thread 0x000001d39b68a2f0 DEOPT UNPACKING pc=0x000001d38d537143 sp=0x00000023704fcf70 mode 0
Event: 829.553 Thread 0x000001d39a53c6c0 DEOPT PACKING pc=0x000001d38db84b54 sp=0x000000236e3fef60
Event: 829.553 Thread 0x000001d39a53c6c0 DEOPT UNPACKING pc=0x000001d38d537143 sp=0x000000236e3fe3e8 mode 0
Event: 31712.750 Thread 0x000001d39b68b220 DEOPT PACKING pc=0x000001d38e0afba6 sp=0x000000236c2fe730
Event: 31712.751 Thread 0x000001d39b68b220 DEOPT UNPACKING pc=0x000001d38d537143 sp=0x000000236c2fdcb8 mode 0
Event: 31713.128 Thread 0x000001d39b68b220 DEOPT PACKING pc=0x000001d38e3063bc sp=0x000000236c2fe170
Event: 31713.128 Thread 0x000001d39b68b220 DEOPT UNPACKING pc=0x000001d38d537143 sp=0x000000236c2fd658 mode 0

Classes unloaded (20 events):
Event: 38894.806 Thread 0x000001d395613eb0 Unloading class 0x00000001007e6400 'jdk/internal/reflect/GeneratedMethodAccessor44'
Event: 38894.806 Thread 0x000001d395613eb0 Unloading class 0x00000001007e6000 'jdk/internal/reflect/GeneratedMethodAccessor43'
Event: 39296.680 Thread 0x000001d395613eb0 Unloading class 0x00000001007e8000 'jdk/internal/reflect/GeneratedMethodAccessor50'
Event: 39296.680 Thread 0x000001d395613eb0 Unloading class 0x0000000100829c00 'jdk/internal/reflect/GeneratedConstructorAccessor81'
Event: 39296.680 Thread 0x000001d395613eb0 Unloading class 0x00000001007e8800 'jdk/internal/reflect/GeneratedConstructorAccessor80'
Event: 39306.943 Thread 0x000001d395613eb0 Unloading class 0x0000000100829400 'jdk/internal/reflect/GeneratedMethodAccessor55'
Event: 39306.943 Thread 0x000001d395613eb0 Unloading class 0x0000000100829000 'jdk/internal/reflect/GeneratedConstructorAccessor83'
Event: 39306.943 Thread 0x000001d395613eb0 Unloading class 0x00000001007e6400 'jdk/internal/reflect/GeneratedMethodAccessor54'
Event: 39306.943 Thread 0x000001d395613eb0 Unloading class 0x00000001007e6000 'jdk/internal/reflect/GeneratedConstructorAccessor82'
Event: 39306.943 Thread 0x000001d395613eb0 Unloading class 0x00000001007e7c00 'jdk/internal/reflect/GeneratedMethodAccessor53'
Event: 39306.943 Thread 0x000001d395613eb0 Unloading class 0x00000001007e7800 'jdk/internal/reflect/GeneratedMethodAccessor52'
Event: 39306.943 Thread 0x000001d395613eb0 Unloading class 0x00000001007e8400 'jdk/internal/reflect/GeneratedMethodAccessor51'
Event: 88491.619 Thread 0x000001d395613eb0 Unloading class 0x00000001007e8000 'java/lang/invoke/LambdaForm$MH+0x00000001007e8000'
Event: 88491.620 Thread 0x000001d395613eb0 Unloading class 0x00000001007e7c00 'java/lang/invoke/LambdaForm$MH+0x00000001007e7c00'
Event: 88491.620 Thread 0x000001d395613eb0 Unloading class 0x00000001007e6000 'java/lang/invoke/LambdaForm$MH+0x00000001007e6000'
Event: 88491.620 Thread 0x000001d395613eb0 Unloading class 0x0000000100829000 'java/lang/invoke/LambdaForm$MH+0x0000000100829000'
Event: 88491.620 Thread 0x000001d395613eb0 Unloading class 0x00000001007e8800 'java/lang/invoke/LambdaForm$DMH+0x00000001007e8800'
Event: 88502.183 Thread 0x000001d395613eb0 Unloading class 0x00000001007e7800 'java/lang/invoke/LambdaForm$MH+0x00000001007e7800'
Event: 88502.183 Thread 0x000001d395613eb0 Unloading class 0x00000001007e6400 'java/lang/invoke/LambdaForm$MH+0x00000001007e6400'
Event: 88502.183 Thread 0x000001d395613eb0 Unloading class 0x0000000100829400 'java/lang/invoke/LambdaForm$MH+0x0000000100829400'

Classes redefined (0 events):
No events

Internal exceptions (20 events):
Event: 38558.689 Thread 0x000001d39b68d590 Exception <a 'java/lang/ArrayIndexOutOfBoundsException'{0x00000000c558df00}> (0x00000000c558df00) 
thrown [s\src\hotspot\share\runtime\sharedRuntime.cpp, line 631]
Event: 38558.720 Thread 0x000001d39b4c69c0 Exception <a 'java/lang/ArrayIndexOutOfBoundsException'{0x00000000c55ec770}> (0x00000000c55ec770) 
thrown [s\src\hotspot\share\runtime\sharedRuntime.cpp, line 631]
Event: 38558.991 Thread 0x000001d39b68d590 Exception <a 'java/lang/ArrayIndexOutOfBoundsException'{0x00000000c5408960}> (0x00000000c5408960) 
thrown [s\src\hotspot\share\runtime\sharedRuntime.cpp, line 631]
Event: 38791.499 Thread 0x000001d39b68d590 Exception <a 'java/lang/ArrayIndexOutOfBoundsException'{0x00000000c60ab4a0}> (0x00000000c60ab4a0) 
thrown [s\src\hotspot\share\runtime\sharedRuntime.cpp, line 631]
Event: 38791.595 Thread 0x000001d39b68e4c0 Exception <a 'java/lang/ArrayIndexOutOfBoundsException'{0x00000000c5e13528}> (0x00000000c5e13528) 
thrown [s\src\hotspot\share\runtime\sharedRuntime.cpp, line 631]
Event: 38791.595 Thread 0x000001d39b68d590 Exception <a 'java/lang/ArrayIndexOutOfBoundsException'{0x00000000c5e28a18}> (0x00000000c5e28a18) 
thrown [s\src\hotspot\share\runtime\sharedRuntime.cpp, line 631]
Event: 38791.726 Thread 0x000001d39b4c69c0 Exception <a 'java/lang/ArrayIndexOutOfBoundsException'{0x00000000c5d04c60}> (0x00000000c5d04c60) 
thrown [s\src\hotspot\share\runtime\sharedRuntime.cpp, line 631]
Event: 38792.004 Thread 0x000001d39b68d590 Exception <a 'java/lang/ArrayIndexOutOfBoundsException'{0x00000000c5dbea38}> (0x00000000c5dbea38) 
thrown [s\src\hotspot\share\runtime\sharedRuntime.cpp, line 631]
Event: 38794.837 Thread 0x000001d39b68d590 Exception <a 'java/lang/ArrayIndexOutOfBoundsException'{0x00000000c417e618}> (0x00000000c417e618) 
thrown [s\src\hotspot\share\runtime\sharedRuntime.cpp, line 631]
Event: 38794.911 Thread 0x000001d39b68d590 Exception <a 'java/lang/ArrayIndexOutOfBoundsException'{0x00000000c3f03e70}> (0x00000000c3f03e70) 
thrown [s\src\hotspot\share\runtime\sharedRuntime.cpp, line 631]
Event: 38794.911 Thread 0x000001d39b68e4c0 Exception <a 'java/lang/ArrayIndexOutOfBoundsException'{0x00000000c3f203a8}> (0x00000000c3f203a8) 
thrown [s\src\hotspot\share\runtime\sharedRuntime.cpp, line 631]
Event: 38795.058 Thread 0x000001d39b4c69c0 Exception <a 'java/lang/ArrayIndexOutOfBoundsException'{0x00000000c3fe43e8}> (0x00000000c3fe43e8) 
thrown [s\src\hotspot\share\runtime\sharedRuntime.cpp, line 631]
Event: 88397.079 Thread 0x000001d39b56ddc0 Exception <a 'sun/nio/fs/WindowsException'{0x00000000c5cefad8}> (0x00000000c5cefad8) 
thrown [s\src\hotspot\share\prims\jni.cpp, line 516]
Event: 88397.083 Thread 0x000001d39b56ddc0 Exception <a 'sun/nio/fs/WindowsException'{0x00000000c5cf0170}> (0x00000000c5cf0170) 
thrown [s\src\hotspot\share\prims\jni.cpp, line 516]
Event: 88409.732 Thread 0x000001d39b56ddc0 Exception <a 'sun/nio/fs/WindowsException'{0x00000000c5cfa3e8}> (0x00000000c5cfa3e8) 
thrown [s\src\hotspot\share\prims\jni.cpp, line 516]
Event: 88409.732 Thread 0x000001d39b56ddc0 Exception <a 'sun/nio/fs/WindowsException'{0x00000000c5cfaab0}> (0x00000000c5cfaab0) 
thrown [s\src\hotspot\share\prims\jni.cpp, line 516]
Event: 88442.186 Thread 0x000001d39b68c150 Exception <a 'java/lang/NoSuchMethodError'{0x00000000c5b0b4b0}: 'java.lang.Object java.lang.invoke.DirectMethodHandle$Holder.invokeStatic(java.lang.Object, java.lang.Object, java.lang.Object, java.lang.Object, int)'> (0x00000000c5b0b4b0) 
thrown [s\src\hotspot\share\interpreter\linkResolver.cpp, line 759]
Event: 88442.186 Thread 0x000001d39b68dfb0 Exception <a 'java/lang/NoSuchMethodError'{0x00000000c5cba000}: 'java.lang.Object java.lang.invoke.DirectMethodHandle$Holder.invokeStatic(java.lang.Object, java.lang.Object, java.lang.Object, java.lang.Object, int)'> (0x00000000c5cba000) 
thrown [s\src\hotspot\share\interpreter\linkResolver.cpp, line 759]
Event: 88458.087 Thread 0x000001d39b56ddc0 Exception <a 'sun/nio/fs/WindowsException'{0x00000000c56175a0}> (0x00000000c56175a0) 
thrown [s\src\hotspot\share\prims\jni.cpp, line 516]
Event: 88458.087 Thread 0x000001d39b56ddc0 Exception <a 'sun/nio/fs/WindowsException'{0x00000000c5617c60}> (0x00000000c5617c60) 
thrown [s\src\hotspot\share\prims\jni.cpp, line 516]

VM Operations (20 events):
Event: 98304.668 Executing VM operation: G1CollectFull done
Event: 98314.881 Executing VM operation: G1CollectFull
Event: 98314.941 Executing VM operation: G1CollectFull done
Event: 98325.171 Executing VM operation: G1CollectFull
Event: 98325.228 Executing VM operation: G1CollectFull done
Event: 98335.445 Executing VM operation: G1CollectFull
Event: 98335.500 Executing VM operation: G1CollectFull done
Event: 98345.707 Executing VM operation: G1CollectFull
Event: 98345.755 Executing VM operation: G1CollectFull done
Event: 98356.063 Executing VM operation: G1CollectFull
Event: 98356.124 Executing VM operation: G1CollectFull done
Event: 98366.338 Executing VM operation: G1CollectFull
Event: 98366.392 Executing VM operation: G1CollectFull done
Event: 98376.606 Executing VM operation: G1CollectFull
Event: 98376.659 Executing VM operation: G1CollectFull done
Event: 98387.038 Executing VM operation: G1CollectFull
Event: 98387.092 Executing VM operation: G1CollectFull done
Event: 98397.355 Executing VM operation: G1CollectFull
Event: 98397.416 Executing VM operation: G1CollectFull done
Event: 98407.696 Executing VM operation: G1CollectFull

Events (20 events):
Event: 88445.027 Thread 0x000001d39b68cb70 Thread added: 0x000001d39b68cb70
Event: 88445.317 Thread 0x000001d39b68a2f0 Thread exited: 0x000001d39b68a2f0
Event: 88447.674 Thread 0x000001d39b68d590 Thread added: 0x000001d39b68d590
Event: 88505.031 Thread 0x000001d39b68e4c0 Thread exited: 0x000001d39b68e4c0
Event: 88505.032 Thread 0x000001d39b68b220 Thread exited: 0x000001d39b68b220
Event: 88505.078 Thread 0x000001d39b68bc40 Thread exited: 0x000001d39b68bc40
Event: 88505.078 Thread 0x000001d39b68c660 Thread exited: 0x000001d39b68c660
Event: 88505.134 Thread 0x000001d39b688eb0 Thread exited: 0x000001d39b688eb0
Event: 88505.134 Thread 0x000001d39b68cb70 Thread exited: 0x000001d39b68cb70
Event: 88505.506 Thread 0x000001d39b68dfb0 Thread exited: 0x000001d39b68dfb0
Event: 88511.505 Thread 0x000001d39b68c150 Thread exited: 0x000001d39b68c150
Event: 88512.525 Thread 0x000001d39b68d590 Thread exited: 0x000001d39b68d590
Event: 88538.184 Thread 0x000001d39b688eb0 Thread added: 0x000001d39b688eb0
Event: 88538.185 Thread 0x000001d39b68d590 Thread added: 0x000001d39b68d590
Event: 88538.187 Thread 0x000001d39b68f3f0 Thread added: 0x000001d39b68f3f0
Event: 88598.224 Thread 0x000001d39b68f3f0 Thread exited: 0x000001d39b68f3f0
Event: 88599.899 Thread 0x000001d39b688eb0 Thread exited: 0x000001d39b688eb0
Event: 88600.423 Thread 0x000001d39b68f3f0 Thread added: 0x000001d39b68f3f0
Event: 88660.465 Thread 0x000001d39b68f3f0 Thread exited: 0x000001d39b68f3f0
Event: 88660.465 Thread 0x000001d39b68d590 Thread exited: 0x000001d39b68d590


Dynamic libraries:
0x00007ff612a30000 - 0x00007ff612a3e000 	c:\Users\nmene\.vscode\extensions\redhat.java-1.32.0-win32-x64\jre\17.0.11-win32-x86_64\bin\java.exe
0x00007ff8ac0d0000 - 0x00007ff8ac2e7000 	C:\Windows\SYSTEM32\ntdll.dll
0x00007ff8aab20000 - 0x00007ff8aabe4000 	C:\Windows\System32\KERNEL32.DLL
0x00007ff8a97d0000 - 0x00007ff8a9b7d000 	C:\Windows\System32\KERNELBASE.dll
0x00007ff8a9680000 - 0x00007ff8a9791000 	C:\Windows\System32\ucrtbase.dll
0x00007ff8a1530000 - 0x00007ff8a1547000 	c:\Users\nmene\.vscode\extensions\redhat.java-1.32.0-win32-x64\jre\17.0.11-win32-x86_64\bin\jli.dll
0x00007ff8aa950000 - 0x00007ff8aaafe000 	C:\Windows\System32\USER32.dll
0x00007ff8a97a0000 - 0x00007ff8a97c6000 	C:\Windows\System32\win32u.dll
0x00007ff8aabf0000 - 0x00007ff8aac19000 	C:\Windows\System32\GDI32.dll
0x00007ff8a9560000 - 0x00007ff8a9679000 	C:\Windows\System32\gdi32full.dll
0x00007ff8a9400000 - 0x00007ff8a949a000 	C:\Windows\System32\msvcp_win.dll
0x00007ff89f840000 - 0x00007ff89f85b000 	c:\Users\nmene\.vscode\extensions\redhat.java-1.32.0-win32-x64\jre\17.0.11-win32-x86_64\bin\VCRUNTIME140.dll
0x00007ff891350000 - 0x00007ff8915e3000 	C:\Windows\WinSxS\amd64_microsoft.windows.common-controls_6595b64144ccf1df_6.0.22621.3672_none_2713b9d173822955\COMCTL32.dll
0x00007ff8aa7a0000 - 0x00007ff8aa847000 	C:\Windows\System32\msvcrt.dll
0x00007ff8ac050000 - 0x00007ff8ac081000 	C:\Windows\System32\IMM32.DLL
0x00007ff8a3db0000 - 0x00007ff8a3dbc000 	c:\Users\nmene\.vscode\extensions\redhat.java-1.32.0-win32-x64\jre\17.0.11-win32-x86_64\bin\vcruntime140_1.dll
0x00007ff89f950000 - 0x00007ff89f9dd000 	c:\Users\nmene\.vscode\extensions\redhat.java-1.32.0-win32-x64\jre\17.0.11-win32-x86_64\bin\msvcp140.dll
0x00007ff860880000 - 0x00007ff8614e2000 	c:\Users\nmene\.vscode\extensions\redhat.java-1.32.0-win32-x64\jre\17.0.11-win32-x86_64\bin\server\jvm.dll
0x00007ff8abf10000 - 0x00007ff8abfc2000 	C:\Windows\System32\ADVAPI32.dll
0x00007ff8aac20000 - 0x00007ff8aacc9000 	C:\Windows\System32\sechost.dll
0x00007ff8a9cf0000 - 0x00007ff8a9d18000 	C:\Windows\System32\bcrypt.dll
0x00007ff8aa680000 - 0x00007ff8aa794000 	C:\Windows\System32\RPCRT4.dll
0x00007ff8a92c0000 - 0x00007ff8a930d000 	C:\Windows\SYSTEM32\POWRPROF.dll
0x00007ff8a3da0000 - 0x00007ff8a3da9000 	C:\Windows\SYSTEM32\WSOCK32.dll
0x00007ff8ab590000 - 0x00007ff8ab601000 	C:\Windows\System32\WS2_32.dll
0x00007ff8a3420000 - 0x00007ff8a3454000 	C:\Windows\SYSTEM32\WINMM.dll
0x00007ff8a1380000 - 0x00007ff8a138a000 	C:\Windows\SYSTEM32\VERSION.dll
0x00007ff8a9290000 - 0x00007ff8a92a3000 	C:\Windows\SYSTEM32\UMPDC.dll
0x00007ff8a8430000 - 0x00007ff8a8448000 	C:\Windows\SYSTEM32\kernel.appcore.dll
0x00007ff8a3d50000 - 0x00007ff8a3d5a000 	c:\Users\nmene\.vscode\extensions\redhat.java-1.32.0-win32-x64\jre\17.0.11-win32-x86_64\bin\jimage.dll
0x00007ff8949f0000 - 0x00007ff894c22000 	C:\Windows\SYSTEM32\DBGHELP.DLL
0x00007ff8aa2e0000 - 0x00007ff8aa668000 	C:\Windows\System32\combase.dll
0x00007ff8abe00000 - 0x00007ff8abed7000 	C:\Windows\System32\OLEAUT32.dll
0x00007ff893d80000 - 0x00007ff893db2000 	C:\Windows\SYSTEM32\dbgcore.DLL
0x00007ff8a9d20000 - 0x00007ff8a9d9b000 	C:\Windows\System32\bcryptPrimitives.dll
0x00007ff89f8b0000 - 0x00007ff89f8d5000 	c:\Users\nmene\.vscode\extensions\redhat.java-1.32.0-win32-x64\jre\17.0.11-win32-x86_64\bin\java.dll
0x00007ff89f890000 - 0x00007ff89f8a8000 	c:\Users\nmene\.vscode\extensions\redhat.java-1.32.0-win32-x64\jre\17.0.11-win32-x86_64\bin\zip.dll
0x00007ff8aacd0000 - 0x00007ff8ab52f000 	C:\Windows\System32\SHELL32.dll
0x00007ff8a7350000 - 0x00007ff8a7c4c000 	C:\Windows\SYSTEM32\windows.storage.dll
0x00007ff8a7210000 - 0x00007ff8a734f000 	C:\Windows\SYSTEM32\wintypes.dll
0x00007ff8aa120000 - 0x00007ff8aa214000 	C:\Windows\System32\SHCORE.dll
0x00007ff8aa280000 - 0x00007ff8aa2de000 	C:\Windows\System32\shlwapi.dll
0x00007ff8a9330000 - 0x00007ff8a9351000 	C:\Windows\SYSTEM32\profapi.dll
0x00007ff8a3d80000 - 0x00007ff8a3d99000 	C:\Users\nmene\.vscode\extensions\redhat.java-1.32.0-win32-x64\jre\17.0.11-win32-x86_64\bin\net.dll
0x00007ff8a49b0000 - 0x00007ff8a4ae6000 	C:\Windows\SYSTEM32\WINHTTP.dll
0x00007ff8a88a0000 - 0x00007ff8a8909000 	C:\Windows\system32\mswsock.dll
0x00007ff89f930000 - 0x00007ff89f946000 	C:\Users\nmene\.vscode\extensions\redhat.java-1.32.0-win32-x64\jre\17.0.11-win32-x86_64\bin\nio.dll
0x00007ff8a3c70000 - 0x00007ff8a3c80000 	c:\Users\nmene\.vscode\extensions\redhat.java-1.32.0-win32-x64\jre\17.0.11-win32-x86_64\bin\verify.dll
0x00007ff8a8b10000 - 0x00007ff8a8b2b000 	C:\Windows\SYSTEM32\CRYPTSP.dll
0x00007ff8a8390000 - 0x00007ff8a83c5000 	C:\Windows\system32\rsaenh.dll
0x00007ff8a89a0000 - 0x00007ff8a89c8000 	C:\Windows\SYSTEM32\USERENV.dll
0x00007ff8a8b00000 - 0x00007ff8a8b0c000 	C:\Windows\SYSTEM32\CRYPTBASE.dll
0x00007ff8a7eb0000 - 0x00007ff8a7edd000 	C:\Windows\SYSTEM32\IPHLPAPI.DLL
0x00007ff8aa670000 - 0x00007ff8aa679000 	C:\Windows\System32\NSI.dll
0x00007ff8a46f0000 - 0x00007ff8a4709000 	C:\Windows\SYSTEM32\dhcpcsvc6.DLL
0x00007ff8a46d0000 - 0x00007ff8a46ef000 	C:\Windows\SYSTEM32\dhcpcsvc.DLL
0x00007ff8a7f20000 - 0x00007ff8a8018000 	C:\Windows\SYSTEM32\DNSAPI.dll
0x00007ff8a50b0000 - 0x00007ff8a50b9000 	C:\Users\nmene\.vscode\extensions\redhat.java-1.32.0-win32-x64\jre\17.0.11-win32-x86_64\bin\management.dll
0x00007ff8a50a0000 - 0x00007ff8a50ab000 	C:\Users\nmene\.vscode\extensions\redhat.java-1.32.0-win32-x64\jre\17.0.11-win32-x86_64\bin\management_ext.dll
0x00007ff8abee0000 - 0x00007ff8abee8000 	C:\Windows\System32\PSAPI.DLL
0x00007ff8a5140000 - 0x00007ff8a514e000 	C:\Users\nmene\.vscode\extensions\redhat.java-1.32.0-win32-x64\jre\17.0.11-win32-x86_64\bin\sunmscapi.dll
0x00007ff8a9b80000 - 0x00007ff8a9ce7000 	C:\Windows\System32\CRYPT32.dll
0x00007ff8a8cc0000 - 0x00007ff8a8cee000 	C:\Windows\SYSTEM32\ncrypt.dll
0x00007ff8a8c80000 - 0x00007ff8a8cb7000 	C:\Windows\SYSTEM32\NTASN1.dll
0x00007ff8a19a0000 - 0x00007ff8a19aa000 	C:\Windows\System32\rasadhlp.dll
0x00007ff8a1bb0000 - 0x00007ff8a1c33000 	C:\Windows\System32\fwpuclnt.dll
0x00007ff8a5130000 - 0x00007ff8a5139000 	C:\Users\nmene\.vscode\extensions\redhat.java-1.32.0-win32-x64\jre\17.0.11-win32-x86_64\bin\extnet.dll

dbghelp: loaded successfully - version: 4.0.5 - missing functions: none
symbol engine: initialized successfully - sym options: 0x614 - pdb path: .;c:\Users\nmene\.vscode\extensions\redhat.java-1.32.0-win32-x64\jre\17.0.11-win32-x86_64\bin;C:\Windows\SYSTEM32;C:\Windows\WinSxS\amd64_microsoft.windows.common-controls_6595b64144ccf1df_6.0.22621.3672_none_2713b9d173822955;c:\Users\nmene\.vscode\extensions\redhat.java-1.32.0-win32-x64\jre\17.0.11-win32-x86_64\bin\server

VM Arguments:
jvm_args: -Xmx1024m -Dsts.lsp.client=vscode -Dsts.log.file=/dev/null -XX:TieredStopAtLevel=1 -Xlog:jni+resolve=off -Dspring.config.location=file:c:\Users\nmene\.vscode\extensions\vmware.vscode-spring-boot-1.56.0\language-server\BOOT-INF\classes\application.properties 
java_command: org.springframework.ide.vscode.boot.app.BootLanguageServerBootApp
java_class_path (initial): c:\Users\nmene\.vscode\extensions\vmware.vscode-spring-boot-1.56.0\language-server\BOOT-INF\classes;c:\Users\nmene\.vscode\extensions\vmware.vscode-spring-boot-1.56.0\language-server\BOOT-INF\lib\annotations-24.1.0.jar;c:\Users\nmene\.vscode\extensions\vmware.vscode-spring-boot-1.56.0\language-server\BOOT-INF\lib\antlr4-runtime-4.13.1.jar;c:\Users\nmene\.vscode\extensions\vmware.vscode-spring-boot-1.56.0\language-server\BOOT-INF\lib\asm-9.7.jar;c:\Users\nmene\.vscode\extensions\vmware.vscode-spring-boot-1.56.0\language-server\BOOT-INF\lib\asm-analysis-9.7.jar;c:\Users\nmene\.vscode\extensions\vmware.vscode-spring-boot-1.56.0\language-server\BOOT-INF\lib\asm-tree-9.7.jar;c:\Users\nmene\.vscode\extensions\vmware.vscode-spring-boot-1.56.0\language-server\BOOT-INF\lib\asm-util-9.7.jar;c:\Users\nmene\.vscode\extensions\vmware.vscode-spring-boot-1.56.0\language-server\BOOT-INF\lib\caffeine-3.1.8.jar;c:\Users\nmene\.vscode\extensions\vmware.vscode-spring-boot-1.56.0\language-server\BOOT-INF\lib\checker-qual-3.12.0.jar;c:\Users\nmene\.vscode\extensions\vmware.vscode-spring-boot-1.56.0\language-server\BOOT-INF\lib\classgraph-4.8.149.jar;c:\Users\nmene\.vscode\extensions\vmware.vscode-spring-boot-1.56.0\language-server\BOOT-INF\lib\commons-codec-1.16.1.jar;c:\Users\nmene\.vscode\extensions\vmware.vscode-spring-boot-1.56.0\language-server\BOOT-INF\lib\commons-compress-1.26.2.jar;c:\Users\nmene\.vscode\extensions\vmware.vscode-spring-boot-1.56.0\language-server\BOOT-INF\lib\commons-io-2.16.1.jar;c:\Users\nmene\.vscode\extensions\vmware.vscode-spring-boot-1.56.0\language-server\BOOT-INF\lib\commons-java-1.56.0-SNAPSHOT.jar;c:\Users\nmene\.vscode\extensions\vmware.vscode-spring-boot-1.56.0\language-server\BOOT-INF\lib\commons-lang3-3.14.0.jar;c:\Users\nmene\.vscode\extensions\vmware.vscode-spring-boot-1.56.0\language-server\BOOT-INF\lib\commons-language-server-1.56.0-SNAPSHOT.jar;c:\Users\nmene\.vscode\extensions\vmware.vscode-spring-boot-1.56.0\langu
Launcher Type: SUN_STANDARD

[Global flags]
     intx CICompilerCount                          = 4                                         {product} {ergonomic}
     uint ConcGCThreads                            = 2                                         {product} {ergonomic}
     uint G1ConcRefinementThreads                  = 8                                         {product} {ergonomic}
   size_t G1HeapRegionSize                         = 1048576                                   {product} {ergonomic}
    uintx GCDrainStackTargetSize                   = 64                                        {product} {ergonomic}
   size_t InitialHeapSize                          = 117440512                                 {product} {ergonomic}
   size_t MarkStackSize                            = 4194304                                   {product} {ergonomic}
   size_t MaxHeapSize                              = 1073741824                                {product} {command line}
   size_t MaxNewSize                               = 643825664                                 {product} {ergonomic}
   size_t MinHeapDeltaBytes                        = 1048576                                   {product} {ergonomic}
   size_t MinHeapSize                              = 8388608                                   {product} {ergonomic}
    uintx NonProfiledCodeHeapSize                  = 0                                      {pd product} {ergonomic}
     bool ProfileInterpreter                       = false                                  {pd product} {command line}
    uintx ProfiledCodeHeapSize                     = 0                                      {pd product} {ergonomic}
   size_t SoftMaxHeapSize                          = 1073741824                             {manageable} {ergonomic}
     intx TieredStopAtLevel                        = 1                                         {product} {command line}
     bool UseCompressedClassPointers               = true                           {product lp64_product} {ergonomic}
     bool UseCompressedOops                        = true                           {product lp64_product} {ergonomic}
     bool UseG1GC                                  = true                                      {product} {ergonomic}
     bool UseLargePagesIndividualAllocation        = false                                  {pd product} {ergonomic}

Logging:
Log output configuration:
 #0: stdout all=warning,jni+resolve=off uptime,level,tags
 #1: stderr all=off uptime,level,tags

Environment Variables:
JAVA_HOME=C:\Program Files\Java\jdk-23
PATH=C:\Windows\system32;C:\Windows;C:\Windows\System32\Wbem;C:\Windows\System32\WindowsPowerShell\v1.0\;C:\Windows\System32\OpenSSH\;C:\Program Files\Git\cmd;C:\Program Files\nodejs\;C:\Program Files\MySQL\MySQL Shell 8.0\bin\;C:\Users\nmene\AppData\Local\Microsoft\WindowsApps;C:\Users\nmene\AppData\Local\Programs\Microsoft VS Code\bin;C:\Program Files\Java\jdk-23\bin;C:\Users\nmene\AppData\Roaming\npm
USERNAME=nmene
OS=Windows_NT
PROCESSOR_IDENTIFIER=AMD64 Family 23 Model 17 Stepping 0, AuthenticAMD
TMP=C:\Users\nmene\AppData\Local\Temp
TEMP=C:\Users\nmene\AppData\Local\Temp



Periodic native trim disabled


---------------  S Y S T E M  ---------------

OS:
 Windows 11 , 64 bit Build 22621 (10.0.22621.3672)
OS uptime: 12 days 2:40 hours

CPU: total 8 (initial active 8) (8 cores per cpu, 2 threads per core) family 23 model 17 stepping 0 microcode 0x0, cx8, cmov, fxsr, ht, mmx, 3dnowpref, sse, sse2, sse3, ssse3, sse4a, sse4.1, sse4.2, popcnt, lzcnt, tsc, tscinvbit, avx, avx2, aes, clmul, bmi1, bmi2, adx, sha, fma, vzeroupper, clflush, clflushopt
Processor Information for all 8 processors :
  Max Mhz: 2000, Current Mhz: 2000, Mhz Limit: 2000

Memory: 4k page, system-wide physical 7117M (478M free)
TotalPageFile size 21313M (AvailPageFile size 6M)
current process WorkingSet (physical memory assigned to process): 82M, peak: 241M
current process commit charge ("private bytes"): 289M, peak: 301M

vm_info: OpenJDK 64-Bit Server VM (17.0.11+9) for windows-amd64 JRE (17.0.11+9), built on Apr 17 2024 06:07:48 by "admin" with MS VC++ 16.10 / 16.11 (VS2019)

END.
