#
# There is insufficient memory for the Java Runtime Environment to continue.
# Native memory allocation (mmap) failed to map 65536 bytes. Error detail: Failed to commit metaspace.
# Possible reasons:
#   The system is out of physical RAM or swap space
#   This process is running with CompressedOops enabled, and the Java Heap may be blocking the growth of the native heap
# Possible solutions:
#   Reduce memory load on the system
#   Increase physical memory or swap space
#   Check if swap backing store is full
#   Decrease Java heap size (-Xmx/-Xms)
#   Decrease Java thread stack sizes (-Xss)
#   Set larger code cache with -XX:ReservedCodeCacheSize=
#   JVM is running with Unscaled Compressed Oops mode in which the Java heap is
#     placed in the first 4GB address space. The Java Heap base address is the
#     maximum limit for the native heap growth. Please use -XX:HeapBaseMinAddress
#     to set the Java Heap base and to place the Java Heap above 4GB virtual address.
# This output file may be truncated or incomplete.
#
#  Out of Memory Error (virtualSpaceNode.cpp:110), pid=19956, tid=29556
#
# JRE version: OpenJDK Runtime Environment Temurin-17.0.11+9 (17.0.11+9) (build 17.0.11+9)
# Java VM: OpenJDK 64-Bit Server VM Temurin-17.0.11+9 (17.0.11+9, mixed mode, emulated-client, tiered, compressed oops, compressed class ptrs, g1 gc, windows-amd64)
# No core dump will be written. Minidumps are not enabled by default on client versions of Windows
#

---------------  S U M M A R Y ------------

Command Line: -Xmx1024m -Dsts.lsp.client=vscode -Dsts.log.file=/dev/null -XX:TieredStopAtLevel=1 -Xlog:jni+resolve=off -Dspring.config.location=file:c:\Users\nmene\.vscode\extensions\vmware.vscode-spring-boot-1.56.0\language-server\BOOT-INF\classes\application.properties org.springframework.ide.vscode.boot.app.BootLanguageServerBootApp

Host: AMD Ryzen 5 2500U with Radeon Vega Mobile Gfx  , 8 cores, 6G,  Windows 11 , 64 bit Build 22621 (10.0.22621.3958)
Time: Thu Aug 29 07:53:19 2024 Hora estándar central (México) elapsed time: 0.645565 seconds (0d 0h 0m 0s)

---------------  T H R E A D  ---------------

Current thread (0x000002390556ad30):  JavaThread "main" [_thread_in_vm, id=29556, stack(0x00000070ce600000,0x00000070ce700000)]

Stack: [0x00000070ce600000,0x00000070ce700000]
Native frames: (J=compiled Java code, j=interpreted, Vv=VM code, C=native code)
V  [jvm.dll+0x67d429]
V  [jvm.dll+0x834b7a]
V  [jvm.dll+0x83663e]
V  [jvm.dll+0x836ca3]
V  [jvm.dll+0x247dbf]
V  [jvm.dll+0x83083b]
V  [jvm.dll+0x621d56]
V  [jvm.dll+0x621dba]
V  [jvm.dll+0x6245ea]
V  [jvm.dll+0x6226f6]
V  [jvm.dll+0x2456cc]
V  [jvm.dll+0x6d424d]
V  [jvm.dll+0x6d4c8f]
V  [jvm.dll+0x3734b4]
V  [jvm.dll+0x372534]
V  [jvm.dll+0x3724d8]
V  [jvm.dll+0x5647f5]
V  [jvm.dll+0x563704]
V  [jvm.dll+0x386582]
V  [jvm.dll+0x385bef]
C  0x00000239082090a3

The last pc belongs to invokestatic (printed below).
Java frames: (J=compiled Java code, j=interpreted, Vv=VM code)
j  java.lang.invoke.LambdaForm.compileToBytecode()V+69 java.base@17.0.11
j  java.lang.invoke.DirectMethodHandle.makePreparedLambdaForm(Ljava/lang/invoke/MethodType;I)Ljava/lang/invoke/LambdaForm;+792 java.base@17.0.11
j  java.lang.invoke.DirectMethodHandle.preparedLambdaForm(Ljava/lang/invoke/MethodType;I)Ljava/lang/invoke/LambdaForm;+17 java.base@17.0.11
j  java.lang.invoke.DirectMethodHandle.preparedLambdaForm(Ljava/lang/invoke/MemberName;Z)Ljava/lang/invoke/LambdaForm;+159 java.base@17.0.11
j  java.lang.invoke.DirectMethodHandle.preparedLambdaForm(Ljava/lang/invoke/MemberName;)Ljava/lang/invoke/LambdaForm;+2 java.base@17.0.11
j  java.lang.invoke.DirectMethodHandle.make(BLjava/lang/Class;Ljava/lang/invoke/MemberName;Ljava/lang/Class;)Ljava/lang/invoke/DirectMethodHandle;+163 java.base@17.0.11
j  java.lang.invoke.MethodHandles$Lookup.getDirectMethodCommon(BLjava/lang/Class;Ljava/lang/invoke/MemberName;ZZLjava/lang/invoke/MethodHandles$Lookup;)Ljava/lang/invoke/MethodHandle;+210 java.base@17.0.11
j  java.lang.invoke.MethodHandles$Lookup.getDirectMethodNoSecurityManager(BLjava/lang/Class;Ljava/lang/invoke/MemberName;Ljava/lang/invoke/MethodHandles$Lookup;)Ljava/lang/invoke/MethodHandle;+14 java.base@17.0.11
j  java.lang.invoke.MethodHandles$Lookup.getDirectMethodForConstant(BLjava/lang/Class;Ljava/lang/invoke/MemberName;)Ljava/lang/invoke/MethodHandle;+31 java.base@17.0.11
j  java.lang.invoke.MethodHandles$Lookup.linkMethodHandleConstant(BLjava/lang/Class;Ljava/lang/String;Ljava/lang/Object;)Ljava/lang/invoke/MethodHandle;+152 java.base@17.0.11
j  java.lang.invoke.MethodHandleNatives.linkMethodHandleConstant(Ljava/lang/Class;ILjava/lang/Class;Ljava/lang/String;Ljava/lang/Object;)Ljava/lang/invoke/MethodHandle;+38 java.base@17.0.11
v  ~StubRoutines::call_stub
j  java.util.ResourceBundle.getLoader(Ljava/lang/Module;)Ljava/lang/ClassLoader;+6 java.base@17.0.11
j  java.util.ResourceBundle.getBundleImpl(Ljava/lang/String;Ljava/util/Locale;Ljava/lang/Class;Ljava/lang/ClassLoader;Ljava/util/ResourceBundle$Control;)Ljava/util/ResourceBundle;+32 java.base@17.0.11
j  java.util.ResourceBundle.getBundleImpl(Ljava/lang/String;Ljava/util/Locale;Ljava/lang/Class;Ljava/util/ResourceBundle$Control;)Ljava/util/ResourceBundle;+8 java.base@17.0.11
j  java.util.ResourceBundle.getBundle(Ljava/lang/String;)Ljava/util/ResourceBundle;+14 java.base@17.0.11
j  sun.launcher.LauncherHelper$ResourceBundleHolder.<clinit>()V+2 java.base@17.0.11
v  ~StubRoutines::call_stub
j  sun.launcher.LauncherHelper.getLocalizedMessage(Ljava/lang/String;[Ljava/lang/Object;)Ljava/lang/String;+0 java.base@17.0.11
j  sun.launcher.LauncherHelper.abort(Ljava/lang/Throwable;Ljava/lang/String;[Ljava/lang/Object;)V+9 java.base@17.0.11
j  sun.launcher.LauncherHelper.validateMainClass(Ljava/lang/Class;)V+140 java.base@17.0.11
j  sun.launcher.LauncherHelper.checkAndLoadMain(ZILjava/lang/String;)Ljava/lang/Class;+78 java.base@17.0.11
v  ~StubRoutines::call_stub
invokestatic  184 invokestatic  [0x0000023908209000, 0x0000023908209160]  352 bytes
[MachCode]
  0x0000023908209000: 4883 ec08 | c5fa 1104 | 24eb 1f48 | 83ec 10c5 | fb11 0424 | eb14 4883 | ec10 4889 | 0424 48c7 
  0x0000023908209020: 4424 0800 | 0000 00eb | 0150 4c89 | 6dc0 410f | b755 0148 | 8b4d d0c1 | e202 8b5c | d120 c1eb 
  0x0000023908209040: 1081 e3ff | 0000 0081 | fbb8 0000 | 000f 84b6 | 0000 00bb | b800 0000 | e805 0000 | 00e9 9b00 
  0x0000023908209060: 0000 488b | d348 8d44 | 2408 4c89 | 6dc0 498b | cfc5 f877 | 4989 afa8 | 0200 0049 | 8987 9802 
  0x0000023908209080: 0000 4883 | ec20 f7c4 | 0f00 0000 | 0f84 1a00 | 0000 4883 | ec08 49ba | 805b 7360 | ff7f 0000 
  0x00000239082090a0: 41ff d248 | 83c4 08e9 | 0d00 0000 | 49ba 805b | 7360 ff7f | 0000 41ff | d248 83c4 | 2049 c787 
  0x00000239082090c0: 9802 0000 | 0000 0000 | 49c7 87a8 | 0200 0000 | 0000 0049 | c787 a002 | 0000 0000 | 0000 c5f8 
  0x00000239082090e0: 7749 817f | 0800 0000 | 000f 8405 | 0000 00e9 | 0c7e feff | 4c8b 6dc0 | 4c8b 75c8 | c341 0fb7 
  0x0000023908209100: 5501 488b | 4dd0 c1e2 | 0248 8b5c | d128 488b | 5b08 488b | 5b08 488b | 5b18 80bb | 3301 0000 
  0x0000023908209120: 040f 840d | 0000 004c | 3bbb 3801 | 0000 0f85 | 1fff ffff | 488b 5cd1 | 288b 54d1 | 38c1 ea1c 
  0x0000023908209140: 49ba e060 | f560 ff7f | 0000 498b | 14d2 524c | 8d6c 2408 | 4c89 6df0 | ff63 500f | 1f44 0000 
[/MachCode]

---------------  P R O C E S S  ---------------

Threads class SMR info:
_java_thread_list=0x00000239106fa300, length=12, elements={
0x000002390556ad30, 0x0000023910352380, 0x00000239103538b0, 0x00000239104c85b0,
0x00000239104c8e80, 0x00000239104c9750, 0x00000239104cc7d0, 0x00000239104cd150,
0x00000239104cfa70, 0x00000239106c2b50, 0x00000239106da560, 0x00000239106e3ba0
}

Java Threads: ( => current thread )
=>0x000002390556ad30 JavaThread "main" [_thread_in_vm, id=29556, stack(0x00000070ce600000,0x00000070ce700000)]
  0x0000023910352380 JavaThread "Reference Handler" daemon [_thread_blocked, id=22228, stack(0x00000070ced00000,0x00000070cee00000)]
  0x00000239103538b0 JavaThread "Finalizer" daemon [_thread_blocked, id=24460, stack(0x00000070cee00000,0x00000070cef00000)]
  0x00000239104c85b0 JavaThread "Signal Dispatcher" daemon [_thread_blocked, id=33132, stack(0x00000070cef00000,0x00000070cf000000)]
  0x00000239104c8e80 JavaThread "Attach Listener" daemon [_thread_blocked, id=20852, stack(0x00000070cf000000,0x00000070cf100000)]
  0x00000239104c9750 JavaThread "Service Thread" daemon [_thread_blocked, id=22884, stack(0x00000070cf100000,0x00000070cf200000)]
  0x00000239104cc7d0 JavaThread "Monitor Deflation Thread" daemon [_thread_blocked, id=32988, stack(0x00000070cf200000,0x00000070cf300000)]
  0x00000239104cd150 JavaThread "C1 CompilerThread0" daemon [_thread_blocked, id=17448, stack(0x00000070cf300000,0x00000070cf400000)]
  0x00000239104cfa70 JavaThread "Sweeper thread" daemon [_thread_blocked, id=4888, stack(0x00000070cf400000,0x00000070cf500000)]
  0x00000239106c2b50 JavaThread "C1 CompilerThread1" daemon [_thread_blocked, id=6584, stack(0x00000070cf500000,0x00000070cf600000)]
  0x00000239106da560 JavaThread "Notification Thread" daemon [_thread_blocked, id=29220, stack(0x00000070cf600000,0x00000070cf700000)]
  0x00000239106e3ba0 JavaThread "Common-Cleaner" daemon [_thread_blocked, id=32336, stack(0x00000070cf800000,0x00000070cf900000)]

Other Threads:
  0x0000023910330cc0 VMThread "VM Thread" [stack: 0x00000070cec00000,0x00000070ced00000] [id=32460]
  0x00000239106dd680 WatcherThread [stack: 0x00000070cf700000,0x00000070cf800000] [id=32880]
  0x00000239055aae90 GCTaskThread "GC Thread#0" [stack: 0x00000070ce700000,0x00000070ce800000] [id=31504]
  0x00000239055b4500 ConcurrentGCThread "G1 Main Marker" [stack: 0x00000070ce800000,0x00000070ce900000] [id=31612]
  0x00000239055b65e0 ConcurrentGCThread "G1 Conc#0" [stack: 0x00000070ce900000,0x00000070cea00000] [id=24188]
  0x00000239101b20b0 ConcurrentGCThread "G1 Refine#0" [stack: 0x00000070cea00000,0x00000070ceb00000] [id=32860]
  0x00000239101b29f0 ConcurrentGCThread "G1 Service" [stack: 0x00000070ceb00000,0x00000070cec00000] [id=29796]

Threads with active compile tasks:

VM state: not at safepoint (normal execution)

VM Mutex/Monitor currently owned by a thread:  ([mutex/lock_event])
[0x0000023903351a40] Metaspace_lock - owner thread: 0x000002390556ad30

OutOfMemory and StackOverflow Exception counts:
OutOfMemoryError java_heap_errors=1

Heap address: 0x00000000c0000000, size: 1024 MB, Compressed Oops mode: 32-bit

CDS archive(s) not mapped
Compressed class space mapped at: 0x0000000100000000-0x0000000140000000, reserved size: 1073741824
Narrow klass base: 0x0000000000000000, Narrow klass shift: 3, Narrow klass range: 0x140000000

GC Precious Log:
 CPUs: 8 total, 8 available
 Memory: 7117M
 Large Page Support: Disabled
 NUMA Support: Disabled
 Compressed Oops: Enabled (32-bit)
 Heap Region Size: 1M
 Heap Min Capacity: 8M
 Heap Initial Capacity: 112M
 Heap Max Capacity: 1G
 Pre-touch: Disabled
 Parallel Workers: 8
 Concurrent Workers: 2
 Concurrent Refinement Workers: 8
 Periodic GC: Disabled

Heap:
 garbage-first heap   total 114688K, used 11264K [0x00000000c0000000, 0x0000000100000000)
  region size 1024K, 9 young (9216K), 0 survivors (0K)
 Metaspace       used 4612K, committed 4736K, reserved 1114112K
  class space    used 433K, committed 512K, reserved 1048576K

Heap Regions: E=young(eden), S=young(survivor), O=old, HS=humongous(starts), HC=humongous(continues), CS=collection set, F=free, OA=open archive, CA=closed archive, TAMS=top-at-mark-start (previous, next)
|   0|0x00000000c0000000, 0x00000000c0100000, 0x00000000c0100000|100%|HS|  |TAMS 0x00000000c0000000, 0x00000000c0000000| Complete 
|   1|0x00000000c0100000, 0x00000000c0200000, 0x00000000c0200000|100%|HC|  |TAMS 0x00000000c0100000, 0x00000000c0100000| Complete 
|   2|0x00000000c0200000, 0x00000000c0300000, 0x00000000c0300000|100%|HC|  |TAMS 0x00000000c0200000, 0x00000000c0200000| Complete 
|   3|0x00000000c0300000, 0x00000000c0400000, 0x00000000c0400000|100%|HC|  |TAMS 0x00000000c0300000, 0x00000000c0300000| Complete 
|   4|0x00000000c0400000, 0x00000000c0400000, 0x00000000c0500000|  0%| F|  |TAMS 0x00000000c0400000, 0x00000000c0400000| Untracked 
|   5|0x00000000c0500000, 0x00000000c0500000, 0x00000000c0600000|  0%| F|  |TAMS 0x00000000c0500000, 0x00000000c0500000| Untracked 
|   6|0x00000000c0600000, 0x00000000c0600000, 0x00000000c0700000|  0%| F|  |TAMS 0x00000000c0600000, 0x00000000c0600000| Untracked 
|   7|0x00000000c0700000, 0x00000000c0700000, 0x00000000c0800000|  0%| F|  |TAMS 0x00000000c0700000, 0x00000000c0700000| Untracked 
|   8|0x00000000c0800000, 0x00000000c0800000, 0x00000000c0900000|  0%| F|  |TAMS 0x00000000c0800000, 0x00000000c0800000| Untracked 
|   9|0x00000000c0900000, 0x00000000c0900000, 0x00000000c0a00000|  0%| F|  |TAMS 0x00000000c0900000, 0x00000000c0900000| Untracked 
|  10|0x00000000c0a00000, 0x00000000c0a00000, 0x00000000c0b00000|  0%| F|  |TAMS 0x00000000c0a00000, 0x00000000c0a00000| Untracked 
|  11|0x00000000c0b00000, 0x00000000c0b00000, 0x00000000c0c00000|  0%| F|  |TAMS 0x00000000c0b00000, 0x00000000c0b00000| Untracked 
|  12|0x00000000c0c00000, 0x00000000c0c00000, 0x00000000c0d00000|  0%| F|  |TAMS 0x00000000c0c00000, 0x00000000c0c00000| Untracked 
|  13|0x00000000c0d00000, 0x00000000c0d00000, 0x00000000c0e00000|  0%| F|  |TAMS 0x00000000c0d00000, 0x00000000c0d00000| Untracked 
|  14|0x00000000c0e00000, 0x00000000c0e00000, 0x00000000c0f00000|  0%| F|  |TAMS 0x00000000c0e00000, 0x00000000c0e00000| Untracked 
|  15|0x00000000c0f00000, 0x00000000c0f00000, 0x00000000c1000000|  0%| F|  |TAMS 0x00000000c0f00000, 0x00000000c0f00000| Untracked 
|  16|0x00000000c1000000, 0x00000000c1000000, 0x00000000c1100000|  0%| F|  |TAMS 0x00000000c1000000, 0x00000000c1000000| Untracked 
|  17|0x00000000c1100000, 0x00000000c1100000, 0x00000000c1200000|  0%| F|  |TAMS 0x00000000c1100000, 0x00000000c1100000| Untracked 
|  18|0x00000000c1200000, 0x00000000c1200000, 0x00000000c1300000|  0%| F|  |TAMS 0x00000000c1200000, 0x00000000c1200000| Untracked 
|  19|0x00000000c1300000, 0x00000000c1300000, 0x00000000c1400000|  0%| F|  |TAMS 0x00000000c1300000, 0x00000000c1300000| Untracked 
|  20|0x00000000c1400000, 0x00000000c1400000, 0x00000000c1500000|  0%| F|  |TAMS 0x00000000c1400000, 0x00000000c1400000| Untracked 
|  21|0x00000000c1500000, 0x00000000c1500000, 0x00000000c1600000|  0%| F|  |TAMS 0x00000000c1500000, 0x00000000c1500000| Untracked 
|  22|0x00000000c1600000, 0x00000000c1600000, 0x00000000c1700000|  0%| F|  |TAMS 0x00000000c1600000, 0x00000000c1600000| Untracked 
|  23|0x00000000c1700000, 0x00000000c1700000, 0x00000000c1800000|  0%| F|  |TAMS 0x00000000c1700000, 0x00000000c1700000| Untracked 
|  24|0x00000000c1800000, 0x00000000c1800000, 0x00000000c1900000|  0%| F|  |TAMS 0x00000000c1800000, 0x00000000c1800000| Untracked 
|  25|0x00000000c1900000, 0x00000000c1900000, 0x00000000c1a00000|  0%| F|  |TAMS 0x00000000c1900000, 0x00000000c1900000| Untracked 
|  26|0x00000000c1a00000, 0x00000000c1a00000, 0x00000000c1b00000|  0%| F|  |TAMS 0x00000000c1a00000, 0x00000000c1a00000| Untracked 
|  27|0x00000000c1b00000, 0x00000000c1b00000, 0x00000000c1c00000|  0%| F|  |TAMS 0x00000000c1b00000, 0x00000000c1b00000| Untracked 
|  28|0x00000000c1c00000, 0x00000000c1c00000, 0x00000000c1d00000|  0%| F|  |TAMS 0x00000000c1c00000, 0x00000000c1c00000| Untracked 
|  29|0x00000000c1d00000, 0x00000000c1d00000, 0x00000000c1e00000|  0%| F|  |TAMS 0x00000000c1d00000, 0x00000000c1d00000| Untracked 
|  30|0x00000000c1e00000, 0x00000000c1e00000, 0x00000000c1f00000|  0%| F|  |TAMS 0x00000000c1e00000, 0x00000000c1e00000| Untracked 
|  31|0x00000000c1f00000, 0x00000000c1f00000, 0x00000000c2000000|  0%| F|  |TAMS 0x00000000c1f00000, 0x00000000c1f00000| Untracked 
|  32|0x00000000c2000000, 0x00000000c2000000, 0x00000000c2100000|  0%| F|  |TAMS 0x00000000c2000000, 0x00000000c2000000| Untracked 
|  33|0x00000000c2100000, 0x00000000c2100000, 0x00000000c2200000|  0%| F|  |TAMS 0x00000000c2100000, 0x00000000c2100000| Untracked 
|  34|0x00000000c2200000, 0x00000000c2200000, 0x00000000c2300000|  0%| F|  |TAMS 0x00000000c2200000, 0x00000000c2200000| Untracked 
|  35|0x00000000c2300000, 0x00000000c2300000, 0x00000000c2400000|  0%| F|  |TAMS 0x00000000c2300000, 0x00000000c2300000| Untracked 
|  36|0x00000000c2400000, 0x00000000c2400000, 0x00000000c2500000|  0%| F|  |TAMS 0x00000000c2400000, 0x00000000c2400000| Untracked 
|  37|0x00000000c2500000, 0x00000000c2500000, 0x00000000c2600000|  0%| F|  |TAMS 0x00000000c2500000, 0x00000000c2500000| Untracked 
|  38|0x00000000c2600000, 0x00000000c2600000, 0x00000000c2700000|  0%| F|  |TAMS 0x00000000c2600000, 0x00000000c2600000| Untracked 
|  39|0x00000000c2700000, 0x00000000c2700000, 0x00000000c2800000|  0%| F|  |TAMS 0x00000000c2700000, 0x00000000c2700000| Untracked 
|  40|0x00000000c2800000, 0x00000000c2800000, 0x00000000c2900000|  0%| F|  |TAMS 0x00000000c2800000, 0x00000000c2800000| Untracked 
|  41|0x00000000c2900000, 0x00000000c2900000, 0x00000000c2a00000|  0%| F|  |TAMS 0x00000000c2900000, 0x00000000c2900000| Untracked 
|  42|0x00000000c2a00000, 0x00000000c2a00000, 0x00000000c2b00000|  0%| F|  |TAMS 0x00000000c2a00000, 0x00000000c2a00000| Untracked 
|  43|0x00000000c2b00000, 0x00000000c2b00000, 0x00000000c2c00000|  0%| F|  |TAMS 0x00000000c2b00000, 0x00000000c2b00000| Untracked 
|  44|0x00000000c2c00000, 0x00000000c2c00000, 0x00000000c2d00000|  0%| F|  |TAMS 0x00000000c2c00000, 0x00000000c2c00000| Untracked 
|  45|0x00000000c2d00000, 0x00000000c2d00000, 0x00000000c2e00000|  0%| F|  |TAMS 0x00000000c2d00000, 0x00000000c2d00000| Untracked 
|  46|0x00000000c2e00000, 0x00000000c2e00000, 0x00000000c2f00000|  0%| F|  |TAMS 0x00000000c2e00000, 0x00000000c2e00000| Untracked 
|  47|0x00000000c2f00000, 0x00000000c2f00000, 0x00000000c3000000|  0%| F|  |TAMS 0x00000000c2f00000, 0x00000000c2f00000| Untracked 
|  48|0x00000000c3000000, 0x00000000c3000000, 0x00000000c3100000|  0%| F|  |TAMS 0x00000000c3000000, 0x00000000c3000000| Untracked 
|  49|0x00000000c3100000, 0x00000000c3100000, 0x00000000c3200000|  0%| F|  |TAMS 0x00000000c3100000, 0x00000000c3100000| Untracked 
|  50|0x00000000c3200000, 0x00000000c3200000, 0x00000000c3300000|  0%| F|  |TAMS 0x00000000c3200000, 0x00000000c3200000| Untracked 
|  51|0x00000000c3300000, 0x00000000c3300000, 0x00000000c3400000|  0%| F|  |TAMS 0x00000000c3300000, 0x00000000c3300000| Untracked 
|  52|0x00000000c3400000, 0x00000000c3400000, 0x00000000c3500000|  0%| F|  |TAMS 0x00000000c3400000, 0x00000000c3400000| Untracked 
|  53|0x00000000c3500000, 0x00000000c3500000, 0x00000000c3600000|  0%| F|  |TAMS 0x00000000c3500000, 0x00000000c3500000| Untracked 
|  54|0x00000000c3600000, 0x00000000c3600000, 0x00000000c3700000|  0%| F|  |TAMS 0x00000000c3600000, 0x00000000c3600000| Untracked 
|  55|0x00000000c3700000, 0x00000000c3700000, 0x00000000c3800000|  0%| F|  |TAMS 0x00000000c3700000, 0x00000000c3700000| Untracked 
|  56|0x00000000c3800000, 0x00000000c3800000, 0x00000000c3900000|  0%| F|  |TAMS 0x00000000c3800000, 0x00000000c3800000| Untracked 
|  57|0x00000000c3900000, 0x00000000c3900000, 0x00000000c3a00000|  0%| F|  |TAMS 0x00000000c3900000, 0x00000000c3900000| Untracked 
|  58|0x00000000c3a00000, 0x00000000c3a00000, 0x00000000c3b00000|  0%| F|  |TAMS 0x00000000c3a00000, 0x00000000c3a00000| Untracked 
|  59|0x00000000c3b00000, 0x00000000c3b00000, 0x00000000c3c00000|  0%| F|  |TAMS 0x00000000c3b00000, 0x00000000c3b00000| Untracked 
|  60|0x00000000c3c00000, 0x00000000c3c00000, 0x00000000c3d00000|  0%| F|  |TAMS 0x00000000c3c00000, 0x00000000c3c00000| Untracked 
|  61|0x00000000c3d00000, 0x00000000c3d00000, 0x00000000c3e00000|  0%| F|  |TAMS 0x00000000c3d00000, 0x00000000c3d00000| Untracked 
|  62|0x00000000c3e00000, 0x00000000c3e00000, 0x00000000c3f00000|  0%| F|  |TAMS 0x00000000c3e00000, 0x00000000c3e00000| Untracked 
|  63|0x00000000c3f00000, 0x00000000c3f00000, 0x00000000c4000000|  0%| F|  |TAMS 0x00000000c3f00000, 0x00000000c3f00000| Untracked 
|  64|0x00000000c4000000, 0x00000000c4000000, 0x00000000c4100000|  0%| F|  |TAMS 0x00000000c4000000, 0x00000000c4000000| Untracked 
|  65|0x00000000c4100000, 0x00000000c4100000, 0x00000000c4200000|  0%| F|  |TAMS 0x00000000c4100000, 0x00000000c4100000| Untracked 
|  66|0x00000000c4200000, 0x00000000c4200000, 0x00000000c4300000|  0%| F|  |TAMS 0x00000000c4200000, 0x00000000c4200000| Untracked 
|  67|0x00000000c4300000, 0x00000000c4300000, 0x00000000c4400000|  0%| F|  |TAMS 0x00000000c4300000, 0x00000000c4300000| Untracked 
|  68|0x00000000c4400000, 0x00000000c4400000, 0x00000000c4500000|  0%| F|  |TAMS 0x00000000c4400000, 0x00000000c4400000| Untracked 
|  69|0x00000000c4500000, 0x00000000c4500000, 0x00000000c4600000|  0%| F|  |TAMS 0x00000000c4500000, 0x00000000c4500000| Untracked 
|  70|0x00000000c4600000, 0x00000000c4600000, 0x00000000c4700000|  0%| F|  |TAMS 0x00000000c4600000, 0x00000000c4600000| Untracked 
|  71|0x00000000c4700000, 0x00000000c4700000, 0x00000000c4800000|  0%| F|  |TAMS 0x00000000c4700000, 0x00000000c4700000| Untracked 
|  72|0x00000000c4800000, 0x00000000c4800000, 0x00000000c4900000|  0%| F|  |TAMS 0x00000000c4800000, 0x00000000c4800000| Untracked 
|  73|0x00000000c4900000, 0x00000000c4900000, 0x00000000c4a00000|  0%| F|  |TAMS 0x00000000c4900000, 0x00000000c4900000| Untracked 
|  74|0x00000000c4a00000, 0x00000000c4a00000, 0x00000000c4b00000|  0%| F|  |TAMS 0x00000000c4a00000, 0x00000000c4a00000| Untracked 
|  75|0x00000000c4b00000, 0x00000000c4b00000, 0x00000000c4c00000|  0%| F|  |TAMS 0x00000000c4b00000, 0x00000000c4b00000| Untracked 
|  76|0x00000000c4c00000, 0x00000000c4c00000, 0x00000000c4d00000|  0%| F|  |TAMS 0x00000000c4c00000, 0x00000000c4c00000| Untracked 
|  77|0x00000000c4d00000, 0x00000000c4d00000, 0x00000000c4e00000|  0%| F|  |TAMS 0x00000000c4d00000, 0x00000000c4d00000| Untracked 
|  78|0x00000000c4e00000, 0x00000000c4e00000, 0x00000000c4f00000|  0%| F|  |TAMS 0x00000000c4e00000, 0x00000000c4e00000| Untracked 
|  79|0x00000000c4f00000, 0x00000000c4f00000, 0x00000000c5000000|  0%| F|  |TAMS 0x00000000c4f00000, 0x00000000c4f00000| Untracked 
|  80|0x00000000c5000000, 0x00000000c5000000, 0x00000000c5100000|  0%| F|  |TAMS 0x00000000c5000000, 0x00000000c5000000| Untracked 
|  81|0x00000000c5100000, 0x00000000c5100000, 0x00000000c5200000|  0%| F|  |TAMS 0x00000000c5100000, 0x00000000c5100000| Untracked 
|  82|0x00000000c5200000, 0x00000000c5200000, 0x00000000c5300000|  0%| F|  |TAMS 0x00000000c5200000, 0x00000000c5200000| Untracked 
|  83|0x00000000c5300000, 0x00000000c5300000, 0x00000000c5400000|  0%| F|  |TAMS 0x00000000c5300000, 0x00000000c5300000| Untracked 
|  84|0x00000000c5400000, 0x00000000c5400000, 0x00000000c5500000|  0%| F|  |TAMS 0x00000000c5400000, 0x00000000c5400000| Untracked 
|  85|0x00000000c5500000, 0x00000000c5500000, 0x00000000c5600000|  0%| F|  |TAMS 0x00000000c5500000, 0x00000000c5500000| Untracked 
|  86|0x00000000c5600000, 0x00000000c5600000, 0x00000000c5700000|  0%| F|  |TAMS 0x00000000c5600000, 0x00000000c5600000| Untracked 
|  87|0x00000000c5700000, 0x00000000c5700000, 0x00000000c5800000|  0%| F|  |TAMS 0x00000000c5700000, 0x00000000c5700000| Untracked 
|  88|0x00000000c5800000, 0x00000000c5800000, 0x00000000c5900000|  0%| F|  |TAMS 0x00000000c5800000, 0x00000000c5800000| Untracked 
|  89|0x00000000c5900000, 0x00000000c5900000, 0x00000000c5a00000|  0%| F|  |TAMS 0x00000000c5900000, 0x00000000c5900000| Untracked 
|  90|0x00000000c5a00000, 0x00000000c5a00000, 0x00000000c5b00000|  0%| F|  |TAMS 0x00000000c5a00000, 0x00000000c5a00000| Untracked 
|  91|0x00000000c5b00000, 0x00000000c5b00000, 0x00000000c5c00000|  0%| F|  |TAMS 0x00000000c5b00000, 0x00000000c5b00000| Untracked 
|  92|0x00000000c5c00000, 0x00000000c5c00000, 0x00000000c5d00000|  0%| F|  |TAMS 0x00000000c5c00000, 0x00000000c5c00000| Untracked 
|  93|0x00000000c5d00000, 0x00000000c5d00000, 0x00000000c5e00000|  0%| F|  |TAMS 0x00000000c5d00000, 0x00000000c5d00000| Untracked 
|  94|0x00000000c5e00000, 0x00000000c5e00000, 0x00000000c5f00000|  0%| F|  |TAMS 0x00000000c5e00000, 0x00000000c5e00000| Untracked 
|  95|0x00000000c5f00000, 0x00000000c5f00000, 0x00000000c6000000|  0%| F|  |TAMS 0x00000000c5f00000, 0x00000000c5f00000| Untracked 
|  96|0x00000000c6000000, 0x00000000c6000000, 0x00000000c6100000|  0%| F|  |TAMS 0x00000000c6000000, 0x00000000c6000000| Untracked 
|  97|0x00000000c6100000, 0x00000000c6100000, 0x00000000c6200000|  0%| F|  |TAMS 0x00000000c6100000, 0x00000000c6100000| Untracked 
|  98|0x00000000c6200000, 0x00000000c6200000, 0x00000000c6300000|  0%| F|  |TAMS 0x00000000c6200000, 0x00000000c6200000| Untracked 
|  99|0x00000000c6300000, 0x00000000c6300000, 0x00000000c6400000|  0%| F|  |TAMS 0x00000000c6300000, 0x00000000c6300000| Untracked 
| 100|0x00000000c6400000, 0x00000000c6400000, 0x00000000c6500000|  0%| F|  |TAMS 0x00000000c6400000, 0x00000000c6400000| Untracked 
| 101|0x00000000c6500000, 0x00000000c6500000, 0x00000000c6600000|  0%| F|  |TAMS 0x00000000c6500000, 0x00000000c6500000| Untracked 
| 102|0x00000000c6600000, 0x00000000c6600000, 0x00000000c6700000|  0%| F|  |TAMS 0x00000000c6600000, 0x00000000c6600000| Untracked 
| 103|0x00000000c6700000, 0x00000000c67ef7d0, 0x00000000c6800000| 93%| E|  |TAMS 0x00000000c6700000, 0x00000000c6700000| Complete 
| 104|0x00000000c6800000, 0x00000000c6900000, 0x00000000c6900000|100%| E|CS|TAMS 0x00000000c6800000, 0x00000000c6800000| Complete 
| 105|0x00000000c6900000, 0x00000000c6a00000, 0x00000000c6a00000|100%| E|  |TAMS 0x00000000c6900000, 0x00000000c6900000| Complete 
| 106|0x00000000c6a00000, 0x00000000c6b00000, 0x00000000c6b00000|100%| E|CS|TAMS 0x00000000c6a00000, 0x00000000c6a00000| Complete 
| 107|0x00000000c6b00000, 0x00000000c6c00000, 0x00000000c6c00000|100%| E|CS|TAMS 0x00000000c6b00000, 0x00000000c6b00000| Complete 
| 108|0x00000000c6c00000, 0x00000000c6d00000, 0x00000000c6d00000|100%| E|CS|TAMS 0x00000000c6c00000, 0x00000000c6c00000| Complete 
| 109|0x00000000c6d00000, 0x00000000c6e00000, 0x00000000c6e00000|100%| E|CS|TAMS 0x00000000c6d00000, 0x00000000c6d00000| Complete 
| 110|0x00000000c6e00000, 0x00000000c6f00000, 0x00000000c6f00000|100%| E|CS|TAMS 0x00000000c6e00000, 0x00000000c6e00000| Complete 
| 111|0x00000000c6f00000, 0x00000000c7000000, 0x00000000c7000000|100%| E|CS|TAMS 0x00000000c6f00000, 0x00000000c6f00000| Complete 

Card table byte_map: [0x000002390b500000,0x000002390b700000] _byte_map_base: 0x000002390af00000

Marking Bits (Prev, Next): (CMBitMap*) 0x00000239055ab3c0, (CMBitMap*) 0x00000239055ab400
 Prev Bits: [0x000002390b900000, 0x000002390c900000)
 Next Bits: [0x000002390c900000, 0x000002390d900000)

Polling page: 0x00000239034e0000

Metaspace:

Usage:
  Non-class:      4.08 MB used.
      Class:    433.66 KB used.
       Both:      4.50 MB used.

Virtual space:
  Non-class space:       64.00 MB reserved,       4.12 MB (  6%) committed,  1 nodes.
      Class space:        1.00 GB reserved,     512.00 KB ( <1%) committed,  1 nodes.
             Both:        1.06 GB reserved,       4.62 MB ( <1%) committed. 

Chunk freelists:
   Non-Class:  10.98 MB
       Class:  15.56 MB
        Both:  26.54 MB

MaxMetaspaceSize: unlimited
CompressedClassSpaceSize: 1.00 GB
Initial GC threshold: 21.00 MB
Current GC threshold: 21.00 MB
CDS: off
MetaspaceReclaimPolicy: balanced
 - commit_granule_bytes: 65536.
 - commit_granule_words: 8192.
 - virtual_space_node_default_size: 8388608.
 - enlarge_chunks_in_place: 1.
 - new_chunks_are_fully_committed: 0.
 - uncommit_free_chunks: 1.
 - use_allocation_guard: 0.
 - handle_deallocations: 1.


Internal statistics:

num_allocs_failed_limit: 0.
num_arena_births: 4.
num_arena_deaths: 0.
num_vsnodes_births: 2.
num_vsnodes_deaths: 0.
num_space_committed: 74.
num_space_uncommitted: 0.
num_chunks_returned_to_freelist: 0.
num_chunks_taken_from_freelist: 10.
num_chunk_merges: 0.
num_chunk_splits: 5.
num_chunks_enlarged: 3.
num_inconsistent_stats: 0.

CodeCache: size=49152Kb used=2037Kb max_used=2037Kb free=47114Kb
 bounds [0x00000239081f0000, 0x0000023908460000, 0x000002390b1f0000]
 total_blobs=623 nmethods=296 adapters=254
 compilation: enabled
              stopped_count=0, restarted_count=0
 full_count=0

Compilation events (20 events):
Event: 0.608 Thread 0x00000239104cd150  286 %     1       java.util.zip.ZipFile$Source::initCEN @ 240 (591 bytes)
Event: 0.609 Thread 0x00000239106c2b50  287       1       java.util.ArrayDeque::add (7 bytes)
Event: 0.609 Thread 0x00000239106c2b50 nmethod 287 0x00000239083e1010 code [0x00000239083e11a0, 0x00000239083e1288]
Event: 0.609 Thread 0x00000239106c2b50  288       1       java.util.ArrayDeque::addLast (51 bytes)
Event: 0.609 Thread 0x00000239106c2b50 nmethod 288 0x00000239083e1310 code [0x00000239083e14c0, 0x00000239083e1738]
Event: 0.609 Thread 0x00000239106c2b50  289       1       java.nio.Buffer::limit (5 bytes)
Event: 0.609 Thread 0x00000239106c2b50 nmethod 289 0x00000239083e1890 code [0x00000239083e1a20, 0x00000239083e1af8]
Event: 0.609 Thread 0x00000239106c2b50  290       1       java.io.BufferedReader::readLine (7 bytes)
Event: 0.609 Thread 0x00000239106c2b50 nmethod 290 0x00000239083e1b90 code [0x00000239083e1d20, 0x00000239083e1e08]
Event: 0.611 Thread 0x00000239104cd150 nmethod 286% 0x00000239083e1e90 code [0x00000239083e2220, 0x00000239083e3a68]
Event: 0.613 Thread 0x00000239104cd150  291       1       java.lang.CharacterData::of (136 bytes)
Event: 0.613 Thread 0x00000239104cd150 nmethod 291 0x00000239083e4890 code [0x00000239083e4ac0, 0x00000239083e51f8]
Event: 0.615 Thread 0x00000239106c2b50  292       1       java.io.InputStream::<init> (5 bytes)
Event: 0.615 Thread 0x00000239106c2b50 nmethod 292 0x00000239083e5410 code [0x00000239083e55a0, 0x00000239083e5658]
Event: 0.619 Thread 0x00000239106c2b50  293       1       java.util.zip.ZipFile$Source::initCEN (591 bytes)
Event: 0.619 Thread 0x00000239104cd150  294   !   1       java.util.jar.JarFile::checkForSpecialAttributes (163 bytes)
Event: 0.620 Thread 0x00000239104cd150 nmethod 294 0x00000239083e5710 code [0x00000239083e5980, 0x00000239083e6258]
Event: 0.621 Thread 0x00000239106c2b50 nmethod 293 0x00000239083e6790 code [0x00000239083e6b00, 0x00000239083e8188]
Event: 0.624 Thread 0x00000239106c2b50  295       1       java.net.URL::getPort (5 bytes)
Event: 0.624 Thread 0x00000239106c2b50 nmethod 295 0x00000239083e8f10 code [0x00000239083e90a0, 0x00000239083e9178]

GC Heap History (0 events):
No events

Dll operation events (4 events):
Event: 0.014 Loaded shared library c:\Users\nmene\.vscode\extensions\redhat.java-1.33.0-win32-x64\jre\17.0.11-win32-x86_64\bin\java.dll
Event: 0.285 Loaded shared library C:\Users\nmene\.vscode\extensions\redhat.java-1.33.0-win32-x64\jre\17.0.11-win32-x86_64\bin\net.dll
Event: 0.289 Loaded shared library C:\Users\nmene\.vscode\extensions\redhat.java-1.33.0-win32-x64\jre\17.0.11-win32-x86_64\bin\nio.dll
Event: 0.310 Loaded shared library C:\Users\nmene\.vscode\extensions\redhat.java-1.33.0-win32-x64\jre\17.0.11-win32-x86_64\bin\zip.dll

Deoptimization events (0 events):
No events

Classes unloaded (0 events):
No events

Classes redefined (0 events):
No events

Internal exceptions (1 events):
Event: 0.632 Thread 0x000002390556ad30 Exception <a 'java/lang/OutOfMemoryError'{0x00000000c6779880}> (0x00000000c6779880) 
thrown [s\src\hotspot\share\prims\jni.cpp, line 535]

VM Operations (2 events):
Event: 0.312 Executing VM operation: HandshakeAllThreads
Event: 0.312 Executing VM operation: HandshakeAllThreads done

Events (20 events):
Event: 0.638 loading class java/lang/invoke/LambdaForm$NamedFunction
Event: 0.638 loading class java/lang/invoke/LambdaForm$NamedFunction done
Event: 0.638 loading class java/lang/invoke/DirectMethodHandle$Holder
Event: 0.638 loading class java/lang/invoke/DirectMethodHandle$Holder done
Event: 0.639 loading class sun/invoke/util/ValueConversions
Event: 0.639 loading class sun/invoke/util/ValueConversions done
Event: 0.639 loading class java/lang/invoke/MethodHandleImpl
Event: 0.639 loading class java/lang/invoke/MethodHandleImpl done
Event: 0.639 loading class java/lang/invoke/Invokers
Event: 0.640 loading class java/lang/invoke/Invokers done
Event: 0.640 loading class java/lang/invoke/LambdaForm$Kind
Event: 0.640 loading class java/lang/invoke/LambdaForm$Kind done
Event: 0.641 loading class java/lang/invoke/LambdaForm$BasicType
Event: 0.641 loading class java/lang/invoke/LambdaForm$BasicType done
Event: 0.641 loading class java/lang/invoke/LambdaForm$Name
Event: 0.641 loading class java/lang/invoke/LambdaForm$Name done
Event: 0.641 loading class java/lang/invoke/LambdaForm$Holder
Event: 0.641 loading class java/lang/invoke/LambdaForm$Holder done
Event: 0.641 loading class java/lang/invoke/InvokerBytecodeGenerator
Event: 0.642 loading class java/lang/invoke/InvokerBytecodeGenerator done


Dynamic libraries:
0x00007ff7869e0000 - 0x00007ff7869ee000 	c:\Users\nmene\.vscode\extensions\redhat.java-1.33.0-win32-x64\jre\17.0.11-win32-x86_64\bin\java.exe
0x00007fffa9ad0000 - 0x00007fffa9ce7000 	C:\Windows\SYSTEM32\ntdll.dll
0x00007fffa88a0000 - 0x00007fffa8964000 	C:\Windows\System32\KERNEL32.DLL
0x00007fffa7300000 - 0x00007fffa76ad000 	C:\Windows\System32\KERNELBASE.dll
0x00007fffa6df0000 - 0x00007fffa6f01000 	C:\Windows\System32\ucrtbase.dll
0x00007fff62230000 - 0x00007fff6224b000 	c:\Users\nmene\.vscode\extensions\redhat.java-1.33.0-win32-x64\jre\17.0.11-win32-x86_64\bin\VCRUNTIME140.dll
0x00007fff62490000 - 0x00007fff624a7000 	c:\Users\nmene\.vscode\extensions\redhat.java-1.33.0-win32-x64\jre\17.0.11-win32-x86_64\bin\jli.dll
0x00007fffa7dd0000 - 0x00007fffa7f7e000 	C:\Windows\System32\USER32.dll
0x00007fff87c30000 - 0x00007fff87ec3000 	C:\Windows\WinSxS\amd64_microsoft.windows.common-controls_6595b64144ccf1df_6.0.22621.3672_none_2713b9d173822955\COMCTL32.dll
0x00007fffa70f0000 - 0x00007fffa7116000 	C:\Windows\System32\win32u.dll
0x00007fffa8970000 - 0x00007fffa8999000 	C:\Windows\System32\GDI32.dll
0x00007fffa9750000 - 0x00007fffa97f7000 	C:\Windows\System32\msvcrt.dll
0x00007fffa7120000 - 0x00007fffa7239000 	C:\Windows\System32\gdi32full.dll
0x00007fffa7760000 - 0x00007fffa77fa000 	C:\Windows\System32\msvcp_win.dll
0x00007fffa8140000 - 0x00007fffa8171000 	C:\Windows\System32\IMM32.DLL
0x00007fff624b0000 - 0x00007fff624bc000 	c:\Users\nmene\.vscode\extensions\redhat.java-1.33.0-win32-x64\jre\17.0.11-win32-x86_64\bin\vcruntime140_1.dll
0x00007fff61020000 - 0x00007fff610ad000 	c:\Users\nmene\.vscode\extensions\redhat.java-1.33.0-win32-x64\jre\17.0.11-win32-x86_64\bin\msvcp140.dll
0x00007fff603b0000 - 0x00007fff61012000 	c:\Users\nmene\.vscode\extensions\redhat.java-1.33.0-win32-x64\jre\17.0.11-win32-x86_64\bin\server\jvm.dll
0x00007fffa8b60000 - 0x00007fffa8c12000 	C:\Windows\System32\ADVAPI32.dll
0x00007fffa99e0000 - 0x00007fffa9a89000 	C:\Windows\System32\sechost.dll
0x00007fffa76b0000 - 0x00007fffa76d8000 	C:\Windows\System32\bcrypt.dll
0x00007fffa8700000 - 0x00007fffa8814000 	C:\Windows\System32\RPCRT4.dll
0x00007fffa6cb0000 - 0x00007fffa6cfd000 	C:\Windows\SYSTEM32\POWRPROF.dll
0x00007fff62220000 - 0x00007fff62229000 	C:\Windows\SYSTEM32\WSOCK32.dll
0x00007fffa7d50000 - 0x00007fffa7dc1000 	C:\Windows\System32\WS2_32.dll
0x00007fffa2b60000 - 0x00007fffa2b94000 	C:\Windows\SYSTEM32\WINMM.dll
0x00007fffa00e0000 - 0x00007fffa00ea000 	C:\Windows\SYSTEM32\VERSION.dll
0x00007fffa6c90000 - 0x00007fffa6ca3000 	C:\Windows\SYSTEM32\UMPDC.dll
0x00007fffa5d80000 - 0x00007fffa5d98000 	C:\Windows\SYSTEM32\kernel.appcore.dll
0x00007fff624e0000 - 0x00007fff624ea000 	c:\Users\nmene\.vscode\extensions\redhat.java-1.33.0-win32-x64\jre\17.0.11-win32-x86_64\bin\jimage.dll
0x00007fff95000000 - 0x00007fff95232000 	C:\Windows\SYSTEM32\DBGHELP.DLL
0x00007fffa7930000 - 0x00007fffa7cbd000 	C:\Windows\System32\combase.dll
0x00007fffa8600000 - 0x00007fffa86d7000 	C:\Windows\System32\OLEAUT32.dll
0x00007fff94bd0000 - 0x00007fff94c02000 	C:\Windows\SYSTEM32\dbgcore.DLL
0x00007fffa76e0000 - 0x00007fffa775b000 	C:\Windows\System32\bcryptPrimitives.dll
0x00007fffa3cf0000 - 0x00007fffa3d15000 	c:\Users\nmene\.vscode\extensions\redhat.java-1.33.0-win32-x64\jre\17.0.11-win32-x86_64\bin\java.dll
0x00007fff624c0000 - 0x00007fff624d8000 	c:\Users\nmene\.vscode\extensions\redhat.java-1.33.0-win32-x64\jre\17.0.11-win32-x86_64\bin\zip.dll
0x00007fffa8c20000 - 0x00007fffa9488000 	C:\Windows\System32\SHELL32.dll
0x00007fffa4cf0000 - 0x00007fffa55ee000 	C:\Windows\SYSTEM32\windows.storage.dll
0x00007fffa4bb0000 - 0x00007fffa4cef000 	C:\Windows\SYSTEM32\wintypes.dll
0x00007fffa9800000 - 0x00007fffa98f9000 	C:\Windows\System32\SHCORE.dll
0x00007fffa8820000 - 0x00007fffa887e000 	C:\Windows\System32\shlwapi.dll
0x00007fffa6d20000 - 0x00007fffa6d41000 	C:\Windows\SYSTEM32\profapi.dll
0x00007fff612f0000 - 0x00007fff61309000 	C:\Users\nmene\.vscode\extensions\redhat.java-1.33.0-win32-x64\jre\17.0.11-win32-x86_64\bin\net.dll
0x00007fffa2e60000 - 0x00007fffa2f96000 	C:\Windows\SYSTEM32\WINHTTP.dll
0x00007fffa6250000 - 0x00007fffa62b9000 	C:\Windows\system32\mswsock.dll
0x00007fff612d0000 - 0x00007fff612e6000 	C:\Users\nmene\.vscode\extensions\redhat.java-1.33.0-win32-x64\jre\17.0.11-win32-x86_64\bin\nio.dll

dbghelp: loaded successfully - version: 4.0.5 - missing functions: none
symbol engine: initialized successfully - sym options: 0x614 - pdb path: .;c:\Users\nmene\.vscode\extensions\redhat.java-1.33.0-win32-x64\jre\17.0.11-win32-x86_64\bin;C:\Windows\SYSTEM32;C:\Windows\WinSxS\amd64_microsoft.windows.common-controls_6595b64144ccf1df_6.0.22621.3672_none_2713b9d173822955;c:\Users\nmene\.vscode\extensions\redhat.java-1.33.0-win32-x64\jre\17.0.11-win32-x86_64\bin\server

VM Arguments:
jvm_args: -Xmx1024m -Dsts.lsp.client=vscode -Dsts.log.file=/dev/null -XX:TieredStopAtLevel=1 -Xlog:jni+resolve=off -Dspring.config.location=file:c:\Users\nmene\.vscode\extensions\vmware.vscode-spring-boot-1.56.0\language-server\BOOT-INF\classes\application.properties 
java_command: org.springframework.ide.vscode.boot.app.BootLanguageServerBootApp
java_class_path (initial): c:\Users\nmene\.vscode\extensions\vmware.vscode-spring-boot-1.56.0\language-server\BOOT-INF\classes;c:\Users\nmene\.vscode\extensions\vmware.vscode-spring-boot-1.56.0\language-server\BOOT-INF\lib\annotations-24.1.0.jar;c:\Users\nmene\.vscode\extensions\vmware.vscode-spring-boot-1.56.0\language-server\BOOT-INF\lib\antlr4-runtime-4.13.1.jar;c:\Users\nmene\.vscode\extensions\vmware.vscode-spring-boot-1.56.0\language-server\BOOT-INF\lib\asm-9.7.jar;c:\Users\nmene\.vscode\extensions\vmware.vscode-spring-boot-1.56.0\language-server\BOOT-INF\lib\asm-analysis-9.7.jar;c:\Users\nmene\.vscode\extensions\vmware.vscode-spring-boot-1.56.0\language-server\BOOT-INF\lib\asm-tree-9.7.jar;c:\Users\nmene\.vscode\extensions\vmware.vscode-spring-boot-1.56.0\language-server\BOOT-INF\lib\asm-util-9.7.jar;c:\Users\nmene\.vscode\extensions\vmware.vscode-spring-boot-1.56.0\language-server\BOOT-INF\lib\caffeine-3.1.8.jar;c:\Users\nmene\.vscode\extensions\vmware.vscode-spring-boot-1.56.0\language-server\BOOT-INF\lib\checker-qual-3.12.0.jar;c:\Users\nmene\.vscode\extensions\vmware.vscode-spring-boot-1.56.0\language-server\BOOT-INF\lib\classgraph-4.8.149.jar;c:\Users\nmene\.vscode\extensions\vmware.vscode-spring-boot-1.56.0\language-server\BOOT-INF\lib\commons-codec-1.16.1.jar;c:\Users\nmene\.vscode\extensions\vmware.vscode-spring-boot-1.56.0\language-server\BOOT-INF\lib\commons-compress-1.26.2.jar;c:\Users\nmene\.vscode\extensions\vmware.vscode-spring-boot-1.56.0\language-server\BOOT-INF\lib\commons-io-2.16.1.jar;c:\Users\nmene\.vscode\extensions\vmware.vscode-spring-boot-1.56.0\language-server\BOOT-INF\lib\commons-java-1.56.0-SNAPSHOT.jar;c:\Users\nmene\.vscode\extensions\vmware.vscode-spring-boot-1.56.0\language-server\BOOT-INF\lib\commons-lang3-3.14.0.jar;c:\Users\nmene\.vscode\extensions\vmware.vscode-spring-boot-1.56.0\language-server\BOOT-INF\lib\commons-language-server-1.56.0-SNAPSHOT.jar;c:\Users\nmene\.vscode\extensions\vmware.vscode-spring-boot-1.56.0\langu
Launcher Type: SUN_STANDARD

[Global flags]
     intx CICompilerCount                          = 4                                         {product} {ergonomic}
     uint ConcGCThreads                            = 2                                         {product} {ergonomic}
     uint G1ConcRefinementThreads                  = 8                                         {product} {ergonomic}
   size_t G1HeapRegionSize                         = 1048576                                   {product} {ergonomic}
    uintx GCDrainStackTargetSize                   = 64                                        {product} {ergonomic}
   size_t InitialHeapSize                          = 117440512                                 {product} {ergonomic}
   size_t MarkStackSize                            = 4194304                                   {product} {ergonomic}
   size_t MaxHeapSize                              = 1073741824                                {product} {command line}
   size_t MaxNewSize                               = 643825664                                 {product} {ergonomic}
   size_t MinHeapDeltaBytes                        = 1048576                                   {product} {ergonomic}
   size_t MinHeapSize                              = 8388608                                   {product} {ergonomic}
    uintx NonProfiledCodeHeapSize                  = 0                                      {pd product} {ergonomic}
     bool ProfileInterpreter                       = false                                  {pd product} {command line}
    uintx ProfiledCodeHeapSize                     = 0                                      {pd product} {ergonomic}
   size_t SoftMaxHeapSize                          = 1073741824                             {manageable} {ergonomic}
     intx TieredStopAtLevel                        = 1                                         {product} {command line}
     bool UseCompressedClassPointers               = true                           {product lp64_product} {ergonomic}
     bool UseCompressedOops                        = true                           {product lp64_product} {ergonomic}
     bool UseG1GC                                  = true                                      {product} {ergonomic}
     bool UseLargePagesIndividualAllocation        = false                                  {pd product} {ergonomic}

Logging:
Log output configuration:
 #0: stdout all=warning,jni+resolve=off uptime,level,tags
 #1: stderr all=off uptime,level,tags

Environment Variables:
JAVA_HOME=C:\Program Files\Java\jdk-23
PATH=C:\Windows\system32;C:\Windows;C:\Windows\System32\Wbem;C:\Windows\System32\WindowsPowerShell\v1.0\;C:\Windows\System32\OpenSSH\;C:\Program Files\Git\cmd;C:\Program Files\nodejs\;C:\Program Files\Docker\Docker\resources\bin;C:\Program Files\Java\maven\apache-maven-3.9.8\bin;C:\Program Files\MySQL\MySQL Shell 8.0\bin\;C:\Users\nmene\AppData\Local\Microsoft\WindowsApps;C:\Users\nmene\AppData\Local\Programs\Microsoft VS Code\bin;C:\Program Files\Java\jdk-23\bin;C:\Users\nmene\AppData\Roaming\npm
USERNAME=nmene
OS=Windows_NT
PROCESSOR_IDENTIFIER=AMD64 Family 23 Model 17 Stepping 0, AuthenticAMD
TMP=C:\Users\nmene\AppData\Local\Temp
TEMP=C:\Users\nmene\AppData\Local\Temp



Periodic native trim disabled


---------------  S Y S T E M  ---------------

OS:
 Windows 11 , 64 bit Build 22621 (10.0.22621.3958)
OS uptime: 2 days 22:35 hours
Hyper-V role detected

CPU: total 8 (initial active 8) (8 cores per cpu, 2 threads per core) family 23 model 17 stepping 0 microcode 0x0, cx8, cmov, fxsr, ht, mmx, 3dnowpref, sse, sse2, sse3, ssse3, sse4a, sse4.1, sse4.2, popcnt, lzcnt, tsc, tscinvbit, avx, avx2, aes, clmul, bmi1, bmi2, adx, sha, fma, vzeroupper, clflush, clflushopt, hv
Processor Information for all 8 processors :
  Max Mhz: 2000, Current Mhz: 2000, Mhz Limit: 2000

Memory: 4k page, system-wide physical 7117M (397M free)
TotalPageFile size 21313M (AvailPageFile size 0M)
current process WorkingSet (physical memory assigned to process): 42M, peak: 42M
current process commit charge ("private bytes"): 185M, peak: 185M

vm_info: OpenJDK 64-Bit Server VM (17.0.11+9) for windows-amd64 JRE (17.0.11+9), built on Apr 17 2024 06:07:48 by "admin" with MS VC++ 16.10 / 16.11 (VS2019)

END.
