#
# There is insufficient memory for the Java Runtime Environment to continue.
# Native memory allocation (mmap) failed to map 65536 bytes. Error detail: Failed to commit metaspace.
# Possible reasons:
#   The system is out of physical RAM or swap space
#   This process is running with CompressedOops enabled, and the Java Heap may be blocking the growth of the native heap
# Possible solutions:
#   Reduce memory load on the system
#   Increase physical memory or swap space
#   Check if swap backing store is full
#   Decrease Java heap size (-Xmx/-Xms)
#   Decrease number of Java threads
#   Decrease Java thread stack sizes (-Xss)
#   Set larger code cache with -XX:ReservedCodeCacheSize=
#   JVM is running with Unscaled Compressed Oops mode in which the Java heap is
#     placed in the first 4GB address space. The Java Heap base address is the
#     maximum limit for the native heap growth. Please use -XX:HeapBaseMinAddress
#     to set the Java Heap base and to place the Java Heap above 4GB virtual address.
# This output file may be truncated or incomplete.
#
#  Out of Memory Error (virtualSpaceNode.cpp:113), pid=142368, tid=82952
#
# JRE version: OpenJDK Runtime Environment (23.0+27) (build 23-ea+27-2275)
# Java VM: OpenJDK 64-Bit Server VM (23-ea+27-2275, mixed mode, sharing, tiered, compressed oops, compressed class ptrs, g1 gc, windows-amd64)
# No core dump will be written. Minidumps are not enabled by default on client versions of Windows
#

---------------  S U M M A R Y ------------

Command Line: -XX:+ShowCodeDetailsInExceptionMessages com.catalog.plants.plants.PlantsApplication

Host: AMD Ryzen 5 2500U with Radeon Vega Mobile Gfx  , 8 cores, 6G,  Windows 11 , 64 bit Build 22621 (10.0.22621.3672)
Time: Wed Aug 14 17:31:37 2024 Hora estándar central (México) elapsed time: 2.755150 seconds (0d 0h 0m 2s)

---------------  T H R E A D  ---------------

Current thread (0x000001deeea99f90):  JavaThread "main"             [_thread_in_vm, id=82952, stack(0x0000002270100000,0x0000002270200000) (1024K)]

Stack: [0x0000002270100000,0x0000002270200000]
Native frames: (J=compiled Java code, j=interpreted, Vv=VM code, C=native code)
V  [jvm.dll+0x6e0959]  (no source info available)
V  [jvm.dll+0x87d843]  (no source info available)
V  [jvm.dll+0x87fcce]  (no source info available)
V  [jvm.dll+0x8803a3]  (no source info available)
V  [jvm.dll+0x27af76]  (no source info available)
V  [jvm.dll+0x87944e]  (no source info available)
V  [jvm.dll+0x681ee5]  (no source info available)
V  [jvm.dll+0x1e09bc]  (no source info available)
V  [jvm.dll+0x1e078e]  (no source info available)
V  [jvm.dll+0x684838]  (no source info available)
V  [jvm.dll+0x221cdc]  (no source info available)
V  [jvm.dll+0x6828fe]  (no source info available)
V  [jvm.dll+0x3bbf4f]  (no source info available)
V  [jvm.dll+0x209fcb]  (no source info available)
V  [jvm.dll+0x5be5a9]  (no source info available)
V  [jvm.dll+0x7f3896]  (no source info available)
V  [jvm.dll+0x475b96]  (no source info available)
V  [jvm.dll+0x47ba38]  (no source info available)
C  [java.dll+0x17d4]  (no source info available)
C  0x000001de87af68fc  (no source info available)

The last pc belongs to native nmethod (printed below).
Java frames: (J=compiled Java code, j=interpreted, Vv=VM code)
J 627  java.lang.ClassLoader.defineClass1(Ljava/lang/ClassLoader;Ljava/lang/String;[BIILjava/security/ProtectionDomain;Ljava/lang/String;)Ljava/lang/Class; java.base@23-ea (0 bytes) @ 0x000001de87af6861 [0x000001de87af67a0+0x00000000000000c1]
J 1190 c1 java.lang.ClassLoader.defineClass(Ljava/lang/String;[BIILjava/security/ProtectionDomain;)Ljava/lang/Class; java.base@23-ea (43 bytes) @ 0x000001de801868cc [0x000001de80186580+0x000000000000034c]
J 1118 c1 java.security.SecureClassLoader.defineClass(Ljava/lang/String;[BIILjava/security/CodeSource;)Ljava/lang/Class; java.base@23-ea (16 bytes) @ 0x000001de8016d21c [0x000001de8016d140+0x00000000000000dc]
J 940 c1 jdk.internal.loader.BuiltinClassLoader.defineClass(Ljava/lang/String;Ljdk/internal/loader/Resource;)Ljava/lang/Class; java.base@23-ea (121 bytes) @ 0x000001de80127014 [0x000001de801260a0+0x0000000000000f74]
J 1059 c1 jdk.internal.loader.BuiltinClassLoader.findClassOnClassPathOrNull(Ljava/lang/String;)Ljava/lang/Class; java.base@23-ea (64 bytes) @ 0x000001de80153994 [0x000001de80152d00+0x0000000000000c94]
J 478 c1 jdk.internal.loader.BuiltinClassLoader.loadClassOrNull(Ljava/lang/String;Z)Ljava/lang/Class; java.base@23-ea (143 bytes) @ 0x000001de80085d84 [0x000001de80085360+0x0000000000000a24]
J 736 c1 jdk.internal.loader.ClassLoaders$AppClassLoader.loadClass(Ljava/lang/String;Z)Ljava/lang/Class; java.base@23-ea (40 bytes) @ 0x000001de800cef44 [0x000001de800ced60+0x00000000000001e4]
J 735 c1 java.lang.ClassLoader.loadClass(Ljava/lang/String;)Ljava/lang/Class; java.base@23-ea (7 bytes) @ 0x000001de800ceb34 [0x000001de800cea20+0x0000000000000114]
v  ~StubRoutines::call_stub 0x000001de87530fcd
j  org.springframework.boot.context.properties.bind.BindConverter$TypeConverterConverter.<clinit>()V+27
v  ~StubRoutines::call_stub 0x000001de87530fcd
j  org.springframework.boot.context.properties.bind.BindConverter$TypeConverterConversionService.<init>(Ljava/util/function/Consumer;)V+9
j  org.springframework.boot.context.properties.bind.BindConverter.<init>(Ljava/util/List;Ljava/util/function/Consumer;)V+18
j  org.springframework.boot.context.properties.bind.BindConverter.getSharedInstance()Lorg/springframework/boot/context/properties/bind/BindConverter;+12
j  org.springframework.boot.context.properties.bind.BindConverter.get(Ljava/util/List;Ljava/util/function/Consumer;)Lorg/springframework/boot/context/properties/bind/BindConverter;+41
j  org.springframework.boot.context.properties.bind.Binder.<init>(Ljava/lang/Iterable;Lorg/springframework/boot/context/properties/bind/PlaceholdersResolver;Ljava/util/List;Ljava/util/function/Consumer;Lorg/springframework/boot/context/properties/bind/BindHandler;Lorg/springframework/boot/context/properties/bind/BindConstructorProvider;)V+74
j  org.springframework.boot.context.properties.bind.Binder.<init>(Ljava/lang/Iterable;Lorg/springframework/boot/context/properties/bind/PlaceholdersResolver;Lorg/springframework/core/convert/ConversionService;Ljava/util/function/Consumer;Lorg/springframework/boot/context/properties/bind/BindHandler;Lorg/springframework/boot/context/properties/bind/BindConstructorProvider;)V+24
j  org.springframework.boot.context.properties.bind.Binder.<init>(Ljava/lang/Iterable;Lorg/springframework/boot/context/properties/bind/PlaceholdersResolver;Lorg/springframework/core/convert/ConversionService;Ljava/util/function/Consumer;Lorg/springframework/boot/context/properties/bind/BindHandler;)V+9
j  org.springframework.boot.context.properties.bind.Binder.get(Lorg/springframework/core/env/Environment;Lorg/springframework/boot/context/properties/bind/BindHandler;)Lorg/springframework/boot/context/properties/bind/Binder;+23
j  org.springframework.boot.context.properties.bind.Binder.get(Lorg/springframework/core/env/Environment;)Lorg/springframework/boot/context/properties/bind/Binder;+2
j  org.springframework.boot.context.config.ConfigDataEnvironment.<init>(Lorg/springframework/boot/logging/DeferredLogFactory;Lorg/springframework/boot/ConfigurableBootstrapContext;Lorg/springframework/core/env/ConfigurableEnvironment;Lorg/springframework/core/io/ResourceLoader;Ljava/util/Collection;Lorg/springframework/boot/context/config/ConfigDataEnvironmentUpdateListener;)V+5
j  org.springframework.boot.context.config.ConfigDataEnvironmentPostProcessor.getConfigDataEnvironment(Lorg/springframework/core/env/ConfigurableEnvironment;Lorg/springframework/core/io/ResourceLoader;Ljava/util/Collection;)Lorg/springframework/boot/context/config/ConfigDataEnvironment;+19
j  org.springframework.boot.context.config.ConfigDataEnvironmentPostProcessor.postProcessEnvironment(Lorg/springframework/core/env/ConfigurableEnvironment;Lorg/springframework/core/io/ResourceLoader;Ljava/util/Collection;)V+31
j  org.springframework.boot.context.config.ConfigDataEnvironmentPostProcessor.postProcessEnvironment(Lorg/springframework/core/env/ConfigurableEnvironment;Lorg/springframework/boot/SpringApplication;)V+10
j  org.springframework.boot.env.EnvironmentPostProcessorApplicationListener.onApplicationEnvironmentPreparedEvent(Lorg/springframework/boot/context/event/ApplicationEnvironmentPreparedEvent;)V+55
j  org.springframework.boot.env.EnvironmentPostProcessorApplicationListener.onApplicationEvent(Lorg/springframework/context/ApplicationEvent;)V+14
j  org.springframework.context.event.SimpleApplicationEventMulticaster.doInvokeListener(Lorg/springframework/context/ApplicationListener;Lorg/springframework/context/ApplicationEvent;)V+2
j  org.springframework.context.event.SimpleApplicationEventMulticaster.invokeListener(Lorg/springframework/context/ApplicationListener;Lorg/springframework/context/ApplicationEvent;)V+34
j  org.springframework.context.event.SimpleApplicationEventMulticaster.multicastEvent(Lorg/springframework/context/ApplicationEvent;Lorg/springframework/core/ResolvableType;)V+104
j  org.springframework.context.event.SimpleApplicationEventMulticaster.multicastEvent(Lorg/springframework/context/ApplicationEvent;)V+3
j  org.springframework.boot.context.event.EventPublishingRunListener.multicastInitialEvent(Lorg/springframework/context/ApplicationEvent;)V+9
j  org.springframework.boot.context.event.EventPublishingRunListener.environmentPrepared(Lorg/springframework/boot/ConfigurableBootstrapContext;Lorg/springframework/core/env/ConfigurableEnvironment;)V+18
j  org.springframework.boot.SpringApplicationRunListeners.lambda$environmentPrepared$2(Lorg/springframework/boot/ConfigurableBootstrapContext;Lorg/springframework/core/env/ConfigurableEnvironment;Lorg/springframework/boot/SpringApplicationRunListener;)V+3
j  org.springframework.boot.SpringApplicationRunListeners$$Lambda+0x000001de900b2158.accept(Ljava/lang/Object;)V+12
j  java.lang.Iterable.forEach(Ljava/util/function/Consumer;)V+30 java.base@23-ea
j  org.springframework.boot.SpringApplicationRunListeners.doWithListeners(Ljava/lang/String;Ljava/util/function/Consumer;Ljava/util/function/Consumer;)V+17
j  org.springframework.boot.SpringApplicationRunListeners.doWithListeners(Ljava/lang/String;Ljava/util/function/Consumer;)V+4
j  org.springframework.boot.SpringApplicationRunListeners.environmentPrepared(Lorg/springframework/boot/ConfigurableBootstrapContext;Lorg/springframework/core/env/ConfigurableEnvironment;)V+10
j  org.springframework.boot.SpringApplication.prepareEnvironment(Lorg/springframework/boot/SpringApplicationRunListeners;Lorg/springframework/boot/DefaultBootstrapContext;Lorg/springframework/boot/ApplicationArguments;)Lorg/springframework/core/env/ConfigurableEnvironment;+27
j  org.springframework.boot.SpringApplication.run([Ljava/lang/String;)Lorg/springframework/context/ConfigurableApplicationContext;+62
j  org.springframework.boot.SpringApplication.run([Ljava/lang/Class;[Ljava/lang/String;)Lorg/springframework/context/ConfigurableApplicationContext;+9
j  org.springframework.boot.SpringApplication.run(Ljava/lang/Class;[Ljava/lang/String;)Lorg/springframework/context/ConfigurableApplicationContext;+9
j  com.catalog.plants.plants.PlantsApplication.main([Ljava/lang/String;)V+3
v  ~StubRoutines::call_stub 0x000001de87530fcd
Lock stack of current Java thread (top to bottom):
LockStack[0]: java.lang.Object 
{0x00000000967d6870} - klass: 'java/lang/Object'
 - ---- fields (total size 2 words):


Compiled method (n/a) 3122  627     n 0       java.lang.ClassLoader::defineClass1 (native)
 total in heap  [0x000001de87af6688,0x000001de87af6c40] = 1464
 relocation     [0x000001de87af6760,0x000001de87af6798] = 56
 main code      [0x000001de87af67a0,0x000001de87af6c3f] = 1183
 stub code      [0x000001de87af6c3f,0x000001de87af6c40] = 1

[Constant Pool (empty)]

[MachCode]
[Entry Point]
  # {method} {0x000001de8f47ac10} 'defineClass1' '(Ljava/lang/ClassLoader;Ljava/lang/String;[BIILjava/security/ProtectionDomain;Ljava/lang/String;)Ljava/lang/Class;' in 'java/lang/ClassLoader'
  # parm0:    rdx:rdx   = 'java/lang/ClassLoader'
  # parm1:    r8:r8     = 'java/lang/String'
  # parm2:    r9:r9     = '[B'
  # parm3:    rdi       = int
  # parm4:    rsi       = int
  # parm5:    rcx:rcx   = 'java/security/ProtectionDomain'
  # parm6:    [sp+0xa0]   = 'java/lang/String'  (sp of caller)
  0x000001de87af67a0: 6690 448b | 5208 443b 

  0x000001de87af67a8: ;   {runtime_call ic_miss_stub}
  0x000001de87af67a8: 5008 0f85 | 307d a8ff 
[Verified Entry Point]
  0x000001de87af67b0: 8984 2400 | 80ff ff55 | 488b ec48 | 81ec 9000 | 0000 6690 | 4181 7f20 | 0100 0000 

  0x000001de87af67cc: ;   {runtime_call StubRoutines (final stubs)}
  0x000001de87af67cc: 7405 e86d | 0fa7 ff48 | 837d 1000 | 488d 4510 | 480f 4445 | 1048 8944 | 2440 4889 | 4c24 7048 
  0x000001de87af67ec: 83f9 0048 | 8d44 2470 | 480f 4444 | 2470 4889 | 4424 3848 | 8974 2430 | 4889 7c24 | 284c 894c 
  0x000001de87af680c: 2458 4983 | f900 488d | 4424 5848 | 0f44 4424 | 5848 8944 | 2420 4c89 | 4424 5049 | 83f8 004c 
  0x000001de87af682c: 8d4c 2450 | 4c0f 444c | 2450 4889 | 5424 4848 | 83fa 004c | 8d44 2448 | 4c0f 4444 

  0x000001de87af6848: ;   {oop(a 'java/lang/Class'{0x0000000097b01398} = 'java/lang/ClassLoader')}
  0x000001de87af6848: 2448 49be | 9813 b097 | 0000 0000 | 4c89 7424 | 784c 8d74 | 2478 498b | d6c5 f877 

  0x000001de87af6864: ;   {internal_word}
  0x000001de87af6864: 49ba 6168 | af87 de01 | 0000 4d89 | 97a8 0300 | 0049 89a7 | a003 0000 

  0x000001de87af687c: ;   {external_word}
  0x000001de87af687c: 49ba 04ad | 3c56 f87f | 0000 4180 | 3a00 0f84 | 4e00 0000 | 5241 5041 

  0x000001de87af6894: ;   {metadata({method} {0x000001de8f47ac10} 'defineClass1' '(Ljava/lang/ClassLoader;Ljava/lang/String;[BIILjava/security/ProtectionDomain;Ljava/lang/String;)Ljava/lang/Class;' in 'java/lang/ClassLoader')}
  0x000001de87af6894: 5148 ba08 | ac47 8fde | 0100 0049 | 8bcf 4883 | ec20 40f6 | c40f 0f84 | 1900 0000 | 4883 ec08 
  0x000001de87af68b4: ;   {runtime_call}
  0x000001de87af68b4: 48b8 b0ee | ec55 f87f | 0000 ffd0 | 4883 c408 | e90c 0000 

  0x000001de87af68c8: ;   {runtime_call}
  0x000001de87af68c8: 0048 b8b0 | eeec 55f8 | 7f00 00ff | d048 83c4 | 2041 5941 | 585a 498d | 8fc0 0300 | 0041 c787 
  0x000001de87af68e8: 4404 0000 | 0400 0000 

  0x000001de87af68f0: ;   {runtime_call}
  0x000001de87af68f0: 48b8 9416 | d1a3 f87f | 0000 ffd0 | c5f8 7741 | c787 4404 | 0000 0500 | 0000 f083 | 4424 c000 
  0x000001de87af6910: 493b af48 | 0400 000f | 870e 0000 | 0041 83bf | 4004 0000 | 000f 842b | 0000 00c5 | f877 4889 
  0x000001de87af6930: 45f8 498b | cf4c 8be4 | 4883 ec20 | 4883 e4f0 

  0x000001de87af6940: ;   {runtime_call}
  0x000001de87af6940: 48b8 d0ab | b655 f87f | 0000 ffd0 | 498b e44d | 33e4 488b | 45f8 41c7 | 8744 0400 | 0008 0000 
  0x000001de87af6960: 0041 83bf | c804 0000 | 020f 84a3 

  0x000001de87af696c: ;   {external_word}
  0x000001de87af696c: 0200 0049 | ba04 ad3c | 56f8 7f00 | 0041 803a | 000f 844c | 0000 0048 

  0x000001de87af6984: ;   {metadata({method} {0x000001de8f47ac10} 'defineClass1' '(Ljava/lang/ClassLoader;Ljava/lang/String;[BIILjava/security/ProtectionDomain;Ljava/lang/String;)Ljava/lang/Class;' in 'java/lang/ClassLoader')}
  0x000001de87af6984: 8945 f848 | ba08 ac47 | 8fde 0100 | 0049 8bcf | 4883 ec20 | 40f6 c40f | 0f84 1900 | 0000 4883 
  0x000001de87af69a4: ;   {runtime_call}
  0x000001de87af69a4: ec08 48b8 | b0ee ec55 | f87f 0000 | ffd0 4883 | c408 e90c 

  0x000001de87af69b8: ;   {runtime_call}
  0x000001de87af69b8: 0000 0048 | b8b0 eeec | 55f8 7f00 | 00ff d048 | 83c4 2048 | 8b45 f849 | c787 a003 | 0000 0000 
  0x000001de87af69d8: 0000 49c7 | 87a8 0300 | 0000 0000 | 00c5 f877 | 4885 c00f | 84fe 0100 | 00a8 030f | 8508 0000 
  0x000001de87af69f8: 0048 8b00 | e9ee 0100 | 00a8 010f | 8509 0000 | 0048 8b40 | fee9 dd01 | 0000 488b | 40ff 4180 
  0x000001de87af6a18: 7f38 000f | 84ce 0100 | 0048 83f8 | 000f 84c4 | 0100 0049 | 8b4f 2848 | 83f9 000f | 8414 0000 
  0x000001de87af6a38: 0048 83e9 | 0849 894f | 2849 034f | 3048 8901 | e9a2 0100 | 0048 81ec | d000 0000 | 4889 0424 
  0x000001de87af6a58: 4889 4c24 | 0848 8954 | 2410 4889 | 7424 1848 | 897c 2420 | 4c89 4424 | 284c 894c | 2430 4c89 
  0x000001de87af6a78: 5424 384c | 895c 2440 | c5fb 1144 | 2450 c5fb | 114c 2458 | c5fb 1154 | 2460 c5fb | 115c 2468 
  0x000001de87af6a98: c5fb 1164 | 2470 c5fb | 116c 2478 | c5fb 11b4 | 2480 0000 | 00c5 fb11 | bc24 8800 | 0000 c57b 
  0x000001de87af6ab8: ;   {no_reloc}
  0x000001de87af6ab8: 1184 2490 | 0000 00c5 | 7b11 8c24 | 9800 0000 | c57b 1194 | 24a0 0000 | 00c5 7b11 | 9c24 a800 
  0x000001de87af6ad8: 0000 c57b | 11a4 24b0 | 0000 00c5 | 7b11 ac24 | b800 0000 | c57b 11b4 | 24c0 0000 | 00c5 7b11 
  0x000001de87af6af8: bc24 c800 | 0000 498b | d748 8bc8 | 4883 ec20 | 40f6 c40f | 0f84 1900 | 0000 4883 

  0x000001de87af6b14: ;   {runtime_call}
  0x000001de87af6b14: ec08 48b8 | a008 aa55 | f87f 0000 | ffd0 4883 | c408 e90c 

  0x000001de87af6b28: ;   {runtime_call}
  0x000001de87af6b28: 0000 0048 | b8a0 08aa | 55f8 7f00 | 00ff d048 | 83c4 20c5 | 7b10 bc24 | c800 0000 | c57b 10b4 
  0x000001de87af6b48: 24c0 0000 | 00c5 7b10 | ac24 b800 | 0000 c57b | 10a4 24b0 | 0000 00c5 | 7b10 9c24 | a800 0000 
  0x000001de87af6b68: c57b 1094 | 24a0 0000 | 00c5 7b10 | 8c24 9800 | 0000 c57b | 1084 2490 | 0000 00c5 | fb10 bc24 
  0x000001de87af6b88: 8800 0000 | c5fb 10b4 | 2480 0000 | 00c5 fb10 | 6c24 78c5 | fb10 6424 | 70c5 fb10 | 5c24 68c5 
  0x000001de87af6ba8: fb10 5424 | 60c5 fb10 | 4c24 58c5 | fb10 4424 | 504c 8b5c | 2440 4c8b | 5424 384c | 8b4c 2430 
  0x000001de87af6bc8: 4c8b 4424 | 2848 8b7c | 2420 488b | 7424 1848 | 8b54 2410 | 488b 4c24 | 0848 8b04 | 2448 81c4 
  0x000001de87af6be8: d000 0000 | c5f8 7749 | 8b8f 3004 | 0000 c781 | 0001 0000 | 0000 0000 | c949 837f | 0800 0f85 
  0x000001de87af6c08: 0100 0000 

  0x000001de87af6c0c: ;   {runtime_call StubRoutines (initial stubs)}
  0x000001de87af6c0c: c3e9 aea2 | a3ff c5f8 | 7748 8945 | f84c 8be4 | 4883 ec20 | 4883 e4f0 

  0x000001de87af6c24: ;   {runtime_call}
  0x000001de87af6c24: 48b8 6023 | ed55 f87f | 0000 ffd0 | 498b e44d | 33e4 488b | 45f8 e930 | fdff fff4 
[/MachCode]


Compiled method (c1) 3157 1190       3       java.lang.ClassLoader::defineClass (43 bytes)
 total in heap  [0x000001de80186408,0x000001de80186ac8] = 1728
 relocation     [0x000001de801864e0,0x000001de80186580] = 160
 main code      [0x000001de80186580,0x000001de80186a10] = 1168
 stub code      [0x000001de80186a10,0x000001de80186a88] = 120
 metadata       [0x000001de80186a88,0x000001de80186ac8] = 64
 immutable data [0x000001ded48fa3a0,0x000001ded48fa5b0] = 528
 dependencies   [0x000001ded48fa3a0,0x000001ded48fa3b8] = 24
 nul chk table  [0x000001ded48fa3b8,0x000001ded48fa3e0] = 40
 scopes pcs     [0x000001ded48fa3e0,0x000001ded48fa4c0] = 224
 scopes data    [0x000001ded48fa4c0,0x000001ded48fa5b0] = 240

[Constant Pool (empty)]

[MachCode]
[Instructions begin]
  0x000001de80186580: 660f 1f84 | 0000 0000 | 0066 0f1f | 8400 0000 | 0000 448b | 5208 443b 

  0x000001de80186598: ;   {runtime_call ic_miss_stub}
  0x000001de80186598: 5008 0f85 | 407f 3f07 
[Verified Entry Point]
  0x000001de801865a0: 8984 2400 | 80ff ff55 | 4881 ecb0 | 0000 0090 | 4181 7f20 | 0100 0000 

  0x000001de801865b8: ;   {runtime_call StubRoutines (final stubs)}
  0x000001de801865b8: 7405 e881 | 113e 0748 | 8954 2478 

  0x000001de801865c4: ;   {metadata(method data for {method} {0x000001de8f47af90} 'defineClass' '(Ljava/lang/String;[BIILjava/security/ProtectionDomain;)Ljava/lang/Class;' in 'java/lang/ClassLoader')}
  0x000001de801865c4: 48bb f80b | 25d0 de01 | 0000 8b83 | cc00 0000 | 83c0 0289 | 83cc 0000 | 0025 fe07 | 0000 85c0 
  0x000001de801865e4: 0f84 4803 | 0000 89b4 | 2494 0000 | 0089 bc24 | 9000 0000 | 4c89 8c24 | 8800 0000 

  0x000001de80186600: ;   {metadata(method data for {method} {0x000001de8f47af90} 'defineClass' '(Ljava/lang/String;[BIILjava/security/ProtectionDomain;)Ljava/lang/Class;' in 'java/lang/ClassLoader')}
  0x000001de80186600: 488b da48 | b8f8 0b25 | d0de 0100 | 0048 8380 | 1801 0000 | 0149 8bd8 | 4c8b c34c | 8bc9 488b 
  0x000001de80186620: ca48 8bd1 | 4889 9c24 | 8000 0000 

  0x000001de8018662c: ;   {optimized virtual_call}
  0x000001de8018662c: 6666 90e8 

  0x000001de80186630: ; ImmutableOopMap {[120]=Oop [128]=Oop [136]=Oop }
                      ;*invokevirtual preDefineClass {reexecute=0 rethrow=0 return_oop=0}
                      ; - java.lang.ClassLoader::defineClass@4 (line 1024)
  0x000001de80186630: ec07 0000 

  0x000001de80186634: ;   {other}
  0x000001de80186634: 0f1f 8400 | 2c02 0000 | 4889 8424 | 9800 0000 | 488b 5424 

  0x000001de80186648: ;   {metadata(method data for {method} {0x000001de8f47af90} 'defineClass' '(Ljava/lang/String;[BIILjava/security/ProtectionDomain;)Ljava/lang/Class;' in 'java/lang/ClassLoader')}
  0x000001de80186648: 7849 b8f8 | 0b25 d0de | 0100 0049 | 8380 4801 

  0x000001de80186658: ;   {metadata(method data for {method} {0x000001de8f47ac78} 'defineClassSourceLocation' '(Ljava/security/ProtectionDomain;)Ljava/lang/String;' in 'java/lang/ClassLoader')}
  0x000001de80186658: 0000 0149 | b898 c52a | d0de 0100 | 0041 8b90 | cc00 0000 | 83c2 0241 | 8990 cc00 | 0000 81e2 
  0x000001de80186678: feff 1f00 | 85d2 0f84 | cf02 0000 

  0x000001de80186684: ; implicit exception: dispatches to 0x000001de80186974
  0x000001de80186684: 483b 004c 

  0x000001de80186688: ;   {metadata(method data for {method} {0x000001de8f47ac78} 'defineClassSourceLocation' '(Ljava/security/ProtectionDomain;)Ljava/lang/String;' in 'java/lang/ClassLoader')}
  0x000001de80186688: 8bc0 48ba | 98c5 2ad0 | de01 0000 | 4883 8218 | 0100 0001 | 448b 4010 

  0x000001de801866a0: ;   {metadata(method data for {method} {0x000001de8f47ac78} 'defineClassSourceLocation' '(Ljava/security/ProtectionDomain;)Ljava/lang/String;' in 'java/lang/ClassLoader')}
  0x000001de801866a0: 4d85 c048 | ba98 c52a | d0de 0100 | 00be 5801 | 0000 7505 | be48 0100 | 0048 8b3c | 3248 8d7f 
  0x000001de801866c0: 0148 893c | 320f 850f 

  0x000001de801866c8: ;   {oop(nullptr)}
  0x000001de801866c8: 0000 0048 | bb00 0000 | 0000 0000 | 00e9 9d01 | 0000 493b | 0049 8bd0 

  0x000001de801866e0: ;   {metadata(method data for {method} {0x000001de8f47ac78} 'defineClassSourceLocation' '(Ljava/security/ProtectionDomain;)Ljava/lang/String;' in 'java/lang/ClassLoader')}
  0x000001de801866e0: 48be 98c5 | 2ad0 de01 | 0000 4883 | 8668 0100 | 0001 418b | 500c 4885 

  0x000001de801866f8: ;   {metadata(method data for {method} {0x000001de8f47ac78} 'defineClassSourceLocation' '(Ljava/security/ProtectionDomain;)Ljava/lang/String;' in 'java/lang/ClassLoader')}
  0x000001de801866f8: d248 be98 | c52a d0de | 0100 00bf | a801 0000 | 7505 bf98 | 0100 0048 | 8b1c 3e48 | 8d5b 0148 
  0x000001de80186718: 891c 3e0f | 850f 0000 

  0x000001de80186720: ;   {oop(nullptr)}
  0x000001de80186720: 0048 bb00 | 0000 0000 | 0000 00e9 | 4701 0000 

  0x000001de80186730: ;   {metadata(method data for {method} {0x000001de8f47ac78} 'defineClassSourceLocation' '(Ljava/security/ProtectionDomain;)Ljava/lang/String;' in 'java/lang/ClassLoader')}
  0x000001de80186730: 48be 98c5 | 2ad0 de01 | 0000 4883 | 86b8 0100 | 0001 483b | 024c 8bc2 

  0x000001de80186748: ;   {metadata(method data for {method} {0x000001de8f47ac78} 'defineClassSourceLocation' '(Ljava/security/ProtectionDomain;)Ljava/lang/String;' in 'java/lang/ClassLoader')}
  0x000001de80186748: 48be 98c5 | 2ad0 de01 | 0000 4883 | 86e8 0100 

  0x000001de80186758: ;   {metadata(method data for {method} {0x000001de8f17d6b0} 'toString' '()Ljava/lang/String;' in 'java/net/URL')}
  0x000001de80186758: 0001 49b8 | c042 17d0 | de01 0000 | 418b b0cc | 0000 0083 | c602 4189 | b0cc 0000 | 0081 e6fe 
  0x000001de80186778: ff1f 0085 | f60f 8400 | 0200 004c 

  0x000001de80186784: ;   {metadata(method data for {method} {0x000001de8f17d6b0} 'toString' '()Ljava/lang/String;' in 'java/net/URL')}
  0x000001de80186784: 8bc2 48be | c042 17d0 | de01 0000 | 4883 8618 | 0100 0001 

  0x000001de80186798: ;   {metadata(method data for {method} {0x000001de8f473a60} 'toExternalForm' '()Ljava/lang/String;' in 'java/net/URL')}
  0x000001de80186798: 49b8 4844 | 17d0 de01 | 0000 418b | b0cc 0000 | 0083 c602 | 4189 b0cc | 0000 0081 | e6fe ff1f 
  0x000001de801867b8: 0085 f60f | 84e3 0100 | 008b 7238 

  0x000001de801867c4: ; implicit exception: dispatches to 0x000001de801869c5
  0x000001de801867c4: 483b 064c 

  0x000001de801867c8: ;   {metadata(method data for {method} {0x000001de8f473a60} 'toExternalForm' '()Ljava/lang/String;' in 'java/net/URL')}
  0x000001de801867c8: 8bc6 48bf | 4844 17d0 | de01 0000 | 458b 4008 | 49ba 0000 | 008f de01 | 0000 4d03 | c24c 3b87 
  0x000001de801867e8: 2001 0000 | 750d 4883 | 8728 0100 | 0001 e960 | 0000 004c | 3b87 3001 | 0000 750d | 4883 8738 
  0x000001de80186808: 0100 0001 | e94a 0000 | 0048 83bf | 2001 0000 | 0075 174c | 8987 2001 | 0000 48c7 | 8728 0100 
  0x000001de80186828: 0001 0000 | 00e9 2900 | 0000 4883 | bf30 0100 | 0000 7517 | 4c89 8730 | 0100 0048 | c787 3801 
  0x000001de80186848: 0000 0100 | 0000 e908 | 0000 0048 | 8387 1801 | 0000 014c | 8bc2 488b | d666 0f1f 

  0x000001de80186864: ;   {optimized virtual_call}
  0x000001de80186864: 4400 00e8 

  0x000001de80186868: ; ImmutableOopMap {[120]=Oop [128]=Oop [136]=Oop [152]=Oop }
                      ;*invokevirtual toExternalForm {reexecute=0 rethrow=0 return_oop=0}
                      ; - java.net.URL::toExternalForm@5 (line 1203)
                      ; - java.net.URL::toString@1 (line 1189)
                      ; - java.lang.ClassLoader::defineClassSourceLocation@22 (line 928)
                      ; - java.lang.ClassLoader::defineClass@12 (line 1025)
  0x000001de80186868: 34a9 fbff 

  0x000001de8018686c: ;   {other}
  0x000001de8018686c: 0f1f 8400 | 6404 0001 | 488b d848 | 8b84 2498 | 0000 008b | b424 9400 | 0000 8bbc | 2490 0000 
  0x000001de8018688c: 004c 8b8c | 2488 0000 | 004c 8b84 | 2480 0000 | 0048 8b54 

  0x000001de801868a0: ;   {metadata(method data for {method} {0x000001de8f47af90} 'defineClass' '(Ljava/lang/String;[BIILjava/security/ProtectionDomain;)Ljava/lang/Class;' in 'java/lang/ClassLoader')}
  0x000001de801868a0: 2478 48b9 | f80b 25d0 | de01 0000 | 4883 8178 | 0100 0001 | 4c8b da49 | 8bd3 488b | c848 891c 
  0x000001de801868c0: 2466 0f1f 

  0x000001de801868c4: ;   {static_call}
  0x000001de801868c4: 4400 00e8 

  0x000001de801868c8: ; ImmutableOopMap {[120]=Oop [152]=Oop }
                      ;*invokestatic defineClass1 {reexecute=0 rethrow=0 return_oop=0}
                      ; - java.lang.ClassLoader::defineClass@27 (line 1026)
  0x000001de801868c8: e4fe 9607 

  0x000001de801868cc: ;   {other}
  0x000001de801868cc: 0f1f 8400 | c404 0002 | 488b 5424 

  0x000001de801868d8: ;   {metadata(method data for {method} {0x000001de8f47af90} 'defineClass' '(Ljava/lang/String;[BIILjava/security/ProtectionDomain;)Ljava/lang/Class;' in 'java/lang/ClassLoader')}
  0x000001de801868d8: 7849 b8f8 | 0b25 d0de | 0100 0049 | 8380 8801 | 0000 014c | 8bc0 4c8b | 8c24 9800 | 0000 488b 
  0x000001de801868f8: 5424 7848 | 8984 24a0 | 0000 000f 

  0x000001de80186904: ;   {optimized virtual_call}
  0x000001de80186904: 1f40 00e8 

  0x000001de80186908: ; ImmutableOopMap {[160]=Oop }
                      ;*invokevirtual postDefineClass {reexecute=0 rethrow=0 return_oop=0}
                      ; - java.lang.ClassLoader::defineClass@37 (line 1027)
  0x000001de80186908: 9434 0000 

  0x000001de8018690c: ;   {other}
  0x000001de8018690c: 0f1f 8400 | 0405 0003 | 488b 8424 | a000 0000 | 4881 c4b0 | 0000 005d 

  0x000001de80186924: ;   {poll_return}
  0x000001de80186924: 493b a748 | 0400 000f | 8799 0000 

  0x000001de80186930: ;   {metadata({method} {0x000001de8f47af90} 'defineClass' '(Ljava/lang/String;[BIILjava/security/ProtectionDomain;)Ljava/lang/Class;' in 'java/lang/ClassLoader')}
  0x000001de80186930: 00c3 49ba | 88af 478f | de01 0000 | 4c89 5424 | 0848 c704 | 24ff ffff 

  0x000001de80186948: ;   {runtime_call counter_overflow Runtime1 stub}
  0x000001de80186948: ffe8 921b 

  0x000001de8018694c: ; ImmutableOopMap {rdx=Oop r8=Oop r9=Oop rcx=Oop [120]=Oop }
                      ;*synchronization entry
                      ; - java.lang.ClassLoader::defineClass@-1 (line 1024)
  0x000001de8018694c: 4c07 e997 

  0x000001de80186950: ;   {metadata({method} {0x000001de8f47ac78} 'defineClassSourceLocation' '(Ljava/security/ProtectionDomain;)Ljava/lang/String;' in 'java/lang/ClassLoader')}
  0x000001de80186950: fcff ff49 | ba70 ac47 | 8fde 0100 | 004c 8954 | 2408 48c7 | 0424 ffff 

  0x000001de80186968: ;   {runtime_call counter_overflow Runtime1 stub}
  0x000001de80186968: ffff e871 

  0x000001de8018696c: ; ImmutableOopMap {rax=Oop [120]=Oop [128]=Oop [136]=Oop [152]=Oop }
                      ;*synchronization entry
                      ; - java.lang.ClassLoader::defineClassSourceLocation@-1 (line 925)
                      ; - java.lang.ClassLoader::defineClass@12 (line 1025)
  0x000001de8018696c: 1b4c 07e9 | 10fd ffff 

  0x000001de80186974: ;   {runtime_call throw_null_pointer_exception Runtime1 stub}
  0x000001de80186974: e8e7 a14b 

  0x000001de80186978: ; ImmutableOopMap {rax=Oop [120]=Oop [128]=Oop [136]=Oop [152]=Oop }
                      ;*invokevirtual getCodeSource {reexecute=0 rethrow=0 return_oop=0}
                      ; - java.lang.ClassLoader::defineClassSourceLocation@1 (line 925)
                      ; - java.lang.ClassLoader::defineClass@12 (line 1025)
                      ;   {runtime_call throw_null_pointer_exception Runtime1 stub}
  0x000001de80186978: 07e8 e2a1 

  0x000001de8018697c: ; ImmutableOopMap {rax=Oop r8=Oop [120]=Oop [128]=Oop [136]=Oop [152]=Oop }
                      ;*invokevirtual getLocation {reexecute=0 rethrow=0 return_oop=0}
                      ; - java.lang.ClassLoader::defineClassSourceLocation@12 (line 927)
                      ; - java.lang.ClassLoader::defineClass@12 (line 1025)
                      ;   {runtime_call throw_null_pointer_exception Runtime1 stub}
  0x000001de8018697c: 4b07 e8dd 

  0x000001de80186980: ; ImmutableOopMap {rdx=Oop [120]=Oop [128]=Oop [136]=Oop [152]=Oop }
                      ;*invokevirtual toString {reexecute=0 rethrow=0 return_oop=0}
                      ; - java.lang.ClassLoader::defineClassSourceLocation@22 (line 928)
                      ; - java.lang.ClassLoader::defineClass@12 (line 1025)
                      ;   {metadata({method} {0x000001de8f17d6b0} 'toString' '()Ljava/lang/String;' in 'java/net/URL')}
  0x000001de80186980: a14b 0749 | baa8 d617 | 8fde 0100 | 004c 8954 | 2408 48c7 | 0424 ffff 

  0x000001de80186998: ;   {runtime_call counter_overflow Runtime1 stub}
  0x000001de80186998: ffff e841 

  0x000001de8018699c: ; ImmutableOopMap {rdx=Oop [120]=Oop [128]=Oop [136]=Oop [152]=Oop }
                      ;*synchronization entry
                      ; - java.net.URL::toString@-1 (line 1189)
                      ; - java.lang.ClassLoader::defineClassSourceLocation@22 (line 928)
                      ; - java.lang.ClassLoader::defineClass@12 (line 1025)
  0x000001de8018699c: 1b4c 07e9 | dffd ffff 

  0x000001de801869a4: ;   {metadata({method} {0x000001de8f473a60} 'toExternalForm' '()Ljava/lang/String;' in 'java/net/URL')}
  0x000001de801869a4: 49ba 583a | 478f de01 | 0000 4c89 | 5424 0848 | c704 24ff 

  0x000001de801869b8: ;   {runtime_call counter_overflow Runtime1 stub}
  0x000001de801869b8: ffff ffe8 

  0x000001de801869bc: ; ImmutableOopMap {rdx=Oop [120]=Oop [128]=Oop [136]=Oop [152]=Oop }
                      ;*synchronization entry
                      ; - java.net.URL::toExternalForm@-1 (line 1203)
                      ; - java.net.URL::toString@1 (line 1189)
                      ; - java.lang.ClassLoader::defineClassSourceLocation@22 (line 928)
                      ; - java.lang.ClassLoader::defineClass@12 (line 1025)
  0x000001de801869bc: 201b 4c07 | e9fc fdff 

  0x000001de801869c4: ;   {runtime_call throw_null_pointer_exception Runtime1 stub}
  0x000001de801869c4: ffe8 96a1 

  0x000001de801869c8: ; ImmutableOopMap {rdx=Oop rsi=Oop [120]=Oop [128]=Oop [136]=Oop [152]=Oop }
                      ;*invokevirtual toExternalForm {reexecute=0 rethrow=0 return_oop=0}
                      ; - java.net.URL::toExternalForm@5 (line 1203)
                      ; - java.net.URL::toString@1 (line 1189)
                      ; - java.lang.ClassLoader::defineClassSourceLocation@22 (line 928)
                      ; - java.lang.ClassLoader::defineClass@12 (line 1025)
                      ;   {internal_word}
  0x000001de801869c8: 4b07 49ba | 2469 1880 | de01 0000 | 4d89 9760 

  0x000001de801869d8: ;   {runtime_call SafepointBlob}
  0x000001de801869d8: 0400 00e9 | 00ea 3f07 | 498b 8700 | 0500 0049 | c787 0005 | 0000 0000 | 0000 49c7 | 8708 0500 
  0x000001de801869f8: 0000 0000 | 0048 81c4 | b000 0000 

  0x000001de80186a04: ;   {runtime_call unwind_exception Runtime1 stub}
  0x000001de80186a04: 5de9 5689 | 4b07 f4f4 | f4f4 f4f4 
[Stub Code]
  0x000001de80186a10: ;   {no_reloc}
  0x000001de80186a10: 0f1f 4400 

  0x000001de80186a14: ;   {static_stub}
  0x000001de80186a14: 0048 bb00 | 0000 0000 

  0x000001de80186a1c: ;   {runtime_call nmethod}
  0x000001de80186a1c: 0000 00e9 | fbff ffff 

  0x000001de80186a24: ;   {static_stub}
  0x000001de80186a24: 48bb 0000 | 0000 0000 

  0x000001de80186a2c: ;   {runtime_call nmethod}
  0x000001de80186a2c: 0000 e9fb 

  0x000001de80186a30: ;   {static_stub}
  0x000001de80186a30: ffff ff48 | bb00 0000 | 0000 0000 

  0x000001de80186a3c: ;   {runtime_call nmethod}
  0x000001de80186a3c: 00e9 fbff 

  0x000001de80186a40: ;   {static_stub}
  0x000001de80186a40: ffff 48bb | b0ab 478f | de01 0000 

  0x000001de80186a4c: ;   {runtime_call I2C/C2I adapters}
  0x000001de80186a4c: e969 693f 

  0x000001de80186a50: ;   {runtime_call handle_exception_from_callee Runtime1 stub}
  0x000001de80186a50: 07e8 8acc 

  0x000001de80186a54: ;   {external_word}
  0x000001de80186a54: 4b07 48b9 | 30d5 1456 | f87f 0000 | 4883 e4f0 

  0x000001de80186a64: ;   {runtime_call}
  0x000001de80186a64: 48b8 9049 | db55 f87f | 0000 ffd0 

  0x000001de80186a70: ;   {section_word}
  0x000001de80186a70: f449 ba71 | 6a18 80de | 0100 0041 

  0x000001de80186a7c: ;   {runtime_call DeoptimizationBlob}
  0x000001de80186a7c: 52e9 fedb | 3f07 f4f4 | f4f4 f4f4 
[/MachCode]


Compiled method (c1) 4171 1118       3       java.security.SecureClassLoader::defineClass (16 bytes)
 total in heap  [0x000001de8016d008,0x000001de8016d2f0] = 744
 relocation     [0x000001de8016d0e0,0x000001de8016d130] = 80
 main code      [0x000001de8016d140,0x000001de8016d298] = 344
 stub code      [0x000001de8016d298,0x000001de8016d2e8] = 80
 metadata       [0x000001de8016d2e8,0x000001de8016d2f0] = 8
 immutable data [0x000001ded4c72bd0,0x000001ded4c72c70] = 160
 dependencies   [0x000001ded4c72bd0,0x000001ded4c72bd8] = 8
 scopes pcs     [0x000001ded4c72bd8,0x000001ded4c72c28] = 80
 scopes data    [0x000001ded4c72c28,0x000001ded4c72c70] = 72

[Constant Pool (empty)]

[MachCode]
[Instructions begin]
  0x000001de8016d140: 660f 1f84 | 0000 0000 | 0066 0f1f | 8400 0000 | 0000 448b | 5208 443b 

  0x000001de8016d158: ;   {runtime_call ic_miss_stub}
  0x000001de8016d158: 5008 0f85 | 8013 4107 
[Verified Entry Point]
  0x000001de8016d160: 8984 2400 | 80ff ff55 | 4883 ec70 | 4181 7f20 | 0100 0000 

  0x000001de8016d174: ;   {runtime_call StubRoutines (final stubs)}
  0x000001de8016d174: 7405 e8c5 

  0x000001de8016d178: ;   {metadata(method data for {method} {0x000001de8f1a0f40} 'defineClass' '(Ljava/lang/String;[BIILjava/security/CodeSource;)Ljava/lang/Class;' in 'java/security/SecureClassLoader')}
  0x000001de8016d178: a53f 0748 | bbf0 5720 | d0de 0100 | 008b 83cc | 0000 0083 | c002 8983 | cc00 0000 | 25fe 0700 
  0x000001de8016d198: 0085 c00f | 8496 0000 | 0089 7424 | 5c89 7c24 | 584c 894c | 2450 4c89 | 4424 4848 

  0x000001de8016d1b4: ;   {metadata(method data for {method} {0x000001de8f1a0f40} 'defineClass' '(Ljava/lang/String;[BIILjava/security/CodeSource;)Ljava/lang/Class;' in 'java/security/SecureClassLoader')}
  0x000001de8016d1b4: 8bda 48b8 | f057 20d0 | de01 0000 | 4883 8018 | 0100 0001 | 4c8b c148 | 8bc2 488b | d048 8944 
  0x000001de8016d1d4: ;   {optimized virtual_call}
  0x000001de8016d1d4: 2440 90e8 

  0x000001de8016d1d8: ; ImmutableOopMap {[64]=Oop [72]=Oop [80]=Oop }
                      ;*invokevirtual getProtectionDomain {reexecute=0 rethrow=0 return_oop=0}
                      ; - java.security.SecureClassLoader::defineClass@9 (line 150)
  0x000001de8016d1d8: 4416 0000 

  0x000001de8016d1dc: ;   {other}
  0x000001de8016d1dc: 0f1f 8400 | d401 0000 | 488b 5424 

  0x000001de8016d1e8: ;   {metadata(method data for {method} {0x000001de8f1a0f40} 'defineClass' '(Ljava/lang/String;[BIILjava/security/CodeSource;)Ljava/lang/Class;' in 'java/security/SecureClassLoader')}
  0x000001de8016d1e8: 4049 b8f0 | 5720 d0de | 0100 0049 | 8380 4801 | 0000 014c | 8b44 2448 | 4c8b 4c24 | 508b 7c24 
  0x000001de8016d208: 588b 7424 | 5c48 8bc8 | 488b 5424 

  0x000001de8016d214: ;   {optimized virtual_call}
  0x000001de8016d214: 4066 90e8 

  0x000001de8016d218: ; ImmutableOopMap {}
                      ;*invokevirtual defineClass {reexecute=0 rethrow=0 return_oop=0}
                      ; - java.security.SecureClassLoader::defineClass@12 (line 150)
  0x000001de8016d218: 8493 0100 

  0x000001de8016d21c: ;   {other}
  0x000001de8016d21c: 0f1f 8400 | 1402 0001 | 4883 c470 

  0x000001de8016d228: ;   {poll_return}
  0x000001de8016d228: 5d49 3ba7 | 4804 0000 | 0f87 2200 

  0x000001de8016d234: ;   {metadata({method} {0x000001de8f1a0f40} 'defineClass' '(Ljava/lang/String;[BIILjava/security/CodeSource;)Ljava/lang/Class;' in 'java/security/SecureClassLoader')}
  0x000001de8016d234: 0000 c349 | ba38 0f1a | 8fde 0100 | 004c 8954 | 2408 48c7 | 0424 ffff 

  0x000001de8016d24c: ;   {runtime_call counter_overflow Runtime1 stub}
  0x000001de8016d24c: ffff e88d 

  0x000001de8016d250: ; ImmutableOopMap {rdx=Oop r8=Oop r9=Oop rcx=Oop }
                      ;*synchronization entry
                      ; - java.security.SecureClassLoader::defineClass@-1 (line 150)
  0x000001de8016d250: b24d 07e9 | 49ff ffff 

  0x000001de8016d258: ;   {internal_word}
  0x000001de8016d258: 49ba 29d2 | 1680 de01 | 0000 4d89 | 9760 0400 

  0x000001de8016d268: ;   {runtime_call SafepointBlob}
  0x000001de8016d268: 00e9 7281 | 4107 498b | 8700 0500 | 0049 c787 | 0005 0000 | 0000 0000 | 49c7 8708 | 0500 0000 
  0x000001de8016d288: 0000 0048 | 83c4 705d 

  0x000001de8016d290: ;   {runtime_call unwind_exception Runtime1 stub}
  0x000001de8016d290: e9cb 204d | 07f4 f4f4 
[Stub Code]
  0x000001de8016d298: ;   {no_reloc}
  0x000001de8016d298: 48bb 880e | 1a8f de01 

  0x000001de8016d2a0: ;   {runtime_call I2C/C2I adapters}
  0x000001de8016d2a0: 0000 e98f 

  0x000001de8016d2a4: ;   {static_stub}
  0x000001de8016d2a4: 6c41 0748 | bb88 af47 | 8fde 0100 

  0x000001de8016d2b0: ;   {runtime_call I2C/C2I adapters}
  0x000001de8016d2b0: 00e9 0e67 

  0x000001de8016d2b4: ;   {runtime_call handle_exception_from_callee Runtime1 stub}
  0x000001de8016d2b4: 4007 e825 

  0x000001de8016d2b8: ;   {external_word}
  0x000001de8016d2b8: 644d 0748 | b930 d514 | 56f8 7f00 | 0048 83e4 

  0x000001de8016d2c8: ;   {runtime_call}
  0x000001de8016d2c8: f048 b890 | 49db 55f8 | 7f00 00ff 

  0x000001de8016d2d4: ;   {section_word}
  0x000001de8016d2d4: d0f4 49ba | d6d2 1680 | de01 0000 

  0x000001de8016d2e0: ;   {runtime_call DeoptimizationBlob}
  0x000001de8016d2e0: 4152 e999 | 7341 07f4 
[/MachCode]


---------------  P R O C E S S  ---------------

Threads class SMR info:
_java_thread_list=0x000001defc1f89e0, length=11, elements={
0x000001deeea99f90, 0x000001defc1f9f40, 0x000001defc1fae60, 0x000001defc1feed0,
0x000001defc201e50, 0x000001defc2028b0, 0x000001defc203440, 0x000001defc211d50,
0x000001defc214960, 0x000001ded4122ba0, 0x000001ded412a400
}

Java Threads: ( => current thread )
=>0x000001deeea99f90 JavaThread "main"                              [_thread_in_vm, id=82952, stack(0x0000002270100000,0x0000002270200000) (1024K)]
  0x000001defc1f9f40 JavaThread "Reference Handler"          daemon [_thread_blocked, id=142304, stack(0x0000002270900000,0x0000002270a00000) (1024K)]
  0x000001defc1fae60 JavaThread "Finalizer"                  daemon [_thread_blocked, id=139512, stack(0x0000002270a00000,0x0000002270b00000) (1024K)]
  0x000001defc1feed0 JavaThread "Signal Dispatcher"          daemon [_thread_blocked, id=143224, stack(0x0000002270b00000,0x0000002270c00000) (1024K)]
  0x000001defc201e50 JavaThread "Attach Listener"            daemon [_thread_blocked, id=140552, stack(0x0000002270c00000,0x0000002270d00000) (1024K)]
  0x000001defc2028b0 JavaThread "Service Thread"             daemon [_thread_blocked, id=142444, stack(0x0000002270d00000,0x0000002270e00000) (1024K)]
  0x000001defc203440 JavaThread "Monitor Deflation Thread"   daemon [_thread_blocked, id=142876, stack(0x0000002270e00000,0x0000002270f00000) (1024K)]
  0x000001defc211d50 JavaThread "C2 CompilerThread0"         daemon [_thread_blocked, id=138168, stack(0x0000002270f00000,0x0000002271000000) (1024K)]
  0x000001defc214960 JavaThread "C1 CompilerThread0"         daemon [_thread_blocked, id=143216, stack(0x0000002271000000,0x0000002271100000) (1024K)]
  0x000001ded4122ba0 JavaThread "Notification Thread"        daemon [_thread_blocked, id=98528, stack(0x0000002271100000,0x0000002271200000) (1024K)]
  0x000001ded412a400 JavaThread "Common-Cleaner"             daemon [_thread_blocked, id=143256, stack(0x0000002271200000,0x0000002271300000) (1024K)]
Total: 11

Other Threads:
  0x000001defc1dca20 VMThread "VM Thread"                           [id=136344, stack(0x0000002270800000,0x0000002270900000) (1024K)]
  0x000001defc1c56c0 WatcherThread "VM Periodic Task Thread"        [id=132244, stack(0x0000002270700000,0x0000002270800000) (1024K)]
  0x000001deeeaf5180 WorkerThread "GC Thread#0"                     [id=115888, stack(0x0000002270200000,0x0000002270300000) (1024K)]
  0x000001deeeb081b0 ConcurrentGCThread "G1 Main Marker"            [id=124128, stack(0x0000002270300000,0x0000002270400000) (1024K)]
  0x000001deeeb09460 WorkerThread "G1 Conc#0"                       [id=136432, stack(0x0000002270400000,0x0000002270500000) (1024K)]
  0x000001deeeb5e7d0 ConcurrentGCThread "G1 Refine#0"               [id=125260, stack(0x0000002270500000,0x0000002270600000) (1024K)]
  0x000001defc092560 ConcurrentGCThread "G1 Service"                [id=141092, stack(0x0000002270600000,0x0000002270700000) (1024K)]
Total: 7

Threads with active compile tasks:
Total: 0

VM state: not at safepoint (normal execution)

VM Mutex/Monitor currently owned by a thread:  ([mutex/lock_event])
[0x00007ff8563f1880] Metaspace_lock - owner thread: 0x000001deeea99f90

Heap address: 0x0000000090c00000, size: 1780 MB, Compressed Oops mode: 32-bit

CDS archive(s) mapped at: [0x000001de8f000000-0x000001de8fd70000-0x000001de8fd70000), size 14090240, SharedBaseAddress: 0x000001de8f000000, ArchiveRelocationMode: 1.
Compressed class space mapped at: 0x000001de90000000-0x000001ded0000000, reserved size: 1073741824
Narrow klass base: 0x000001de8f000000, Narrow klass shift: 0, Narrow klass range: 0x41000000

GC Precious Log:
 CardTable entry size: 512
 Card Set container configuration: InlinePtr #cards 5 size 8 Array Of Cards #cards 10 size 36 Howl #buckets 4 coarsen threshold 1843 Howl Bitmap #cards 512 size 80 coarsen threshold 460 Card regions per heap region 1 cards per card region 2048
 CPUs: 8 total, 8 available
 Memory: 7117M
 Large Page Support: Disabled
 NUMA Support: Disabled
 Compressed Oops: Enabled (32-bit)
 Heap Region Size: 1M
 Heap Min Capacity: 8M
 Heap Initial Capacity: 112M
 Heap Max Capacity: 1780M
 Pre-touch: Disabled
 Parallel Workers: 8
 Concurrent Workers: 2
 Concurrent Refinement Workers: 8
 Periodic GC: Disabled

Heap:
 garbage-first heap   total reserved 1822720K, committed 114688K, used 20480K [0x0000000090c00000, 0x0000000100000000)
  region size 1024K, 21 young (21504K), 0 survivors (0K)
 Metaspace       used 6396K, committed 6592K, reserved 1114112K
  class space    used 781K, committed 832K, reserved 1048576K

Heap Regions: E=young(eden), S=young(survivor), O=old, HS=humongous(starts), HC=humongous(continues), CS=collection set, F=free, TAMS=top-at-mark-start, PB=parsable bottom
|   0|0x0000000090c00000, 0x0000000090d00000, 0x0000000090d00000|100%|HS|  |TAMS 0x0000000090c00000| PB 0x0000000090c00000| Complete |  0
|   1|0x0000000090d00000, 0x0000000090d00000, 0x0000000090e00000|  0%| F|  |TAMS 0x0000000090d00000| PB 0x0000000090d00000| Untracked |  0
|   2|0x0000000090e00000, 0x0000000090e00000, 0x0000000090f00000|  0%| F|  |TAMS 0x0000000090e00000| PB 0x0000000090e00000| Untracked |  0
|   3|0x0000000090f00000, 0x0000000090f00000, 0x0000000091000000|  0%| F|  |TAMS 0x0000000090f00000| PB 0x0000000090f00000| Untracked |  0
|   4|0x0000000091000000, 0x0000000091000000, 0x0000000091100000|  0%| F|  |TAMS 0x0000000091000000| PB 0x0000000091000000| Untracked |  0
|   5|0x0000000091100000, 0x0000000091100000, 0x0000000091200000|  0%| F|  |TAMS 0x0000000091100000| PB 0x0000000091100000| Untracked |  0
|   6|0x0000000091200000, 0x0000000091200000, 0x0000000091300000|  0%| F|  |TAMS 0x0000000091200000| PB 0x0000000091200000| Untracked |  0
|   7|0x0000000091300000, 0x0000000091300000, 0x0000000091400000|  0%| F|  |TAMS 0x0000000091300000| PB 0x0000000091300000| Untracked |  0
|   8|0x0000000091400000, 0x0000000091400000, 0x0000000091500000|  0%| F|  |TAMS 0x0000000091400000| PB 0x0000000091400000| Untracked |  0
|   9|0x0000000091500000, 0x0000000091500000, 0x0000000091600000|  0%| F|  |TAMS 0x0000000091500000| PB 0x0000000091500000| Untracked |  0
|  10|0x0000000091600000, 0x0000000091600000, 0x0000000091700000|  0%| F|  |TAMS 0x0000000091600000| PB 0x0000000091600000| Untracked |  0
|  11|0x0000000091700000, 0x0000000091700000, 0x0000000091800000|  0%| F|  |TAMS 0x0000000091700000| PB 0x0000000091700000| Untracked |  0
|  12|0x0000000091800000, 0x0000000091800000, 0x0000000091900000|  0%| F|  |TAMS 0x0000000091800000| PB 0x0000000091800000| Untracked |  0
|  13|0x0000000091900000, 0x0000000091900000, 0x0000000091a00000|  0%| F|  |TAMS 0x0000000091900000| PB 0x0000000091900000| Untracked |  0
|  14|0x0000000091a00000, 0x0000000091a00000, 0x0000000091b00000|  0%| F|  |TAMS 0x0000000091a00000| PB 0x0000000091a00000| Untracked |  0
|  15|0x0000000091b00000, 0x0000000091b00000, 0x0000000091c00000|  0%| F|  |TAMS 0x0000000091b00000| PB 0x0000000091b00000| Untracked |  0
|  16|0x0000000091c00000, 0x0000000091c00000, 0x0000000091d00000|  0%| F|  |TAMS 0x0000000091c00000| PB 0x0000000091c00000| Untracked |  0
|  17|0x0000000091d00000, 0x0000000091d00000, 0x0000000091e00000|  0%| F|  |TAMS 0x0000000091d00000| PB 0x0000000091d00000| Untracked |  0
|  18|0x0000000091e00000, 0x0000000091e00000, 0x0000000091f00000|  0%| F|  |TAMS 0x0000000091e00000| PB 0x0000000091e00000| Untracked |  0
|  19|0x0000000091f00000, 0x0000000091f00000, 0x0000000092000000|  0%| F|  |TAMS 0x0000000091f00000| PB 0x0000000091f00000| Untracked |  0
|  20|0x0000000092000000, 0x0000000092000000, 0x0000000092100000|  0%| F|  |TAMS 0x0000000092000000| PB 0x0000000092000000| Untracked |  0
|  21|0x0000000092100000, 0x0000000092100000, 0x0000000092200000|  0%| F|  |TAMS 0x0000000092100000| PB 0x0000000092100000| Untracked |  0
|  22|0x0000000092200000, 0x0000000092200000, 0x0000000092300000|  0%| F|  |TAMS 0x0000000092200000| PB 0x0000000092200000| Untracked |  0
|  23|0x0000000092300000, 0x0000000092300000, 0x0000000092400000|  0%| F|  |TAMS 0x0000000092300000| PB 0x0000000092300000| Untracked |  0
|  24|0x0000000092400000, 0x0000000092400000, 0x0000000092500000|  0%| F|  |TAMS 0x0000000092400000| PB 0x0000000092400000| Untracked |  0
|  25|0x0000000092500000, 0x0000000092500000, 0x0000000092600000|  0%| F|  |TAMS 0x0000000092500000| PB 0x0000000092500000| Untracked |  0
|  26|0x0000000092600000, 0x0000000092600000, 0x0000000092700000|  0%| F|  |TAMS 0x0000000092600000| PB 0x0000000092600000| Untracked |  0
|  27|0x0000000092700000, 0x0000000092700000, 0x0000000092800000|  0%| F|  |TAMS 0x0000000092700000| PB 0x0000000092700000| Untracked |  0
|  28|0x0000000092800000, 0x0000000092800000, 0x0000000092900000|  0%| F|  |TAMS 0x0000000092800000| PB 0x0000000092800000| Untracked |  0
|  29|0x0000000092900000, 0x0000000092900000, 0x0000000092a00000|  0%| F|  |TAMS 0x0000000092900000| PB 0x0000000092900000| Untracked |  0
|  30|0x0000000092a00000, 0x0000000092a00000, 0x0000000092b00000|  0%| F|  |TAMS 0x0000000092a00000| PB 0x0000000092a00000| Untracked |  0
|  31|0x0000000092b00000, 0x0000000092b00000, 0x0000000092c00000|  0%| F|  |TAMS 0x0000000092b00000| PB 0x0000000092b00000| Untracked |  0
|  32|0x0000000092c00000, 0x0000000092c00000, 0x0000000092d00000|  0%| F|  |TAMS 0x0000000092c00000| PB 0x0000000092c00000| Untracked |  0
|  33|0x0000000092d00000, 0x0000000092d00000, 0x0000000092e00000|  0%| F|  |TAMS 0x0000000092d00000| PB 0x0000000092d00000| Untracked |  0
|  34|0x0000000092e00000, 0x0000000092e00000, 0x0000000092f00000|  0%| F|  |TAMS 0x0000000092e00000| PB 0x0000000092e00000| Untracked |  0
|  35|0x0000000092f00000, 0x0000000092f00000, 0x0000000093000000|  0%| F|  |TAMS 0x0000000092f00000| PB 0x0000000092f00000| Untracked |  0
|  36|0x0000000093000000, 0x0000000093000000, 0x0000000093100000|  0%| F|  |TAMS 0x0000000093000000| PB 0x0000000093000000| Untracked |  0
|  37|0x0000000093100000, 0x0000000093100000, 0x0000000093200000|  0%| F|  |TAMS 0x0000000093100000| PB 0x0000000093100000| Untracked |  0
|  38|0x0000000093200000, 0x0000000093200000, 0x0000000093300000|  0%| F|  |TAMS 0x0000000093200000| PB 0x0000000093200000| Untracked |  0
|  39|0x0000000093300000, 0x0000000093300000, 0x0000000093400000|  0%| F|  |TAMS 0x0000000093300000| PB 0x0000000093300000| Untracked |  0
|  40|0x0000000093400000, 0x0000000093400000, 0x0000000093500000|  0%| F|  |TAMS 0x0000000093400000| PB 0x0000000093400000| Untracked |  0
|  41|0x0000000093500000, 0x0000000093500000, 0x0000000093600000|  0%| F|  |TAMS 0x0000000093500000| PB 0x0000000093500000| Untracked |  0
|  42|0x0000000093600000, 0x0000000093600000, 0x0000000093700000|  0%| F|  |TAMS 0x0000000093600000| PB 0x0000000093600000| Untracked |  0
|  43|0x0000000093700000, 0x0000000093700000, 0x0000000093800000|  0%| F|  |TAMS 0x0000000093700000| PB 0x0000000093700000| Untracked |  0
|  44|0x0000000093800000, 0x0000000093800000, 0x0000000093900000|  0%| F|  |TAMS 0x0000000093800000| PB 0x0000000093800000| Untracked |  0
|  45|0x0000000093900000, 0x0000000093900000, 0x0000000093a00000|  0%| F|  |TAMS 0x0000000093900000| PB 0x0000000093900000| Untracked |  0
|  46|0x0000000093a00000, 0x0000000093a00000, 0x0000000093b00000|  0%| F|  |TAMS 0x0000000093a00000| PB 0x0000000093a00000| Untracked |  0
|  47|0x0000000093b00000, 0x0000000093b00000, 0x0000000093c00000|  0%| F|  |TAMS 0x0000000093b00000| PB 0x0000000093b00000| Untracked |  0
|  48|0x0000000093c00000, 0x0000000093c00000, 0x0000000093d00000|  0%| F|  |TAMS 0x0000000093c00000| PB 0x0000000093c00000| Untracked |  0
|  49|0x0000000093d00000, 0x0000000093d00000, 0x0000000093e00000|  0%| F|  |TAMS 0x0000000093d00000| PB 0x0000000093d00000| Untracked |  0
|  50|0x0000000093e00000, 0x0000000093e00000, 0x0000000093f00000|  0%| F|  |TAMS 0x0000000093e00000| PB 0x0000000093e00000| Untracked |  0
|  51|0x0000000093f00000, 0x0000000093f00000, 0x0000000094000000|  0%| F|  |TAMS 0x0000000093f00000| PB 0x0000000093f00000| Untracked |  0
|  52|0x0000000094000000, 0x0000000094000000, 0x0000000094100000|  0%| F|  |TAMS 0x0000000094000000| PB 0x0000000094000000| Untracked |  0
|  53|0x0000000094100000, 0x0000000094100000, 0x0000000094200000|  0%| F|  |TAMS 0x0000000094100000| PB 0x0000000094100000| Untracked |  0
|  54|0x0000000094200000, 0x0000000094200000, 0x0000000094300000|  0%| F|  |TAMS 0x0000000094200000| PB 0x0000000094200000| Untracked |  0
|  55|0x0000000094300000, 0x0000000094300000, 0x0000000094400000|  0%| F|  |TAMS 0x0000000094300000| PB 0x0000000094300000| Untracked |  0
|  56|0x0000000094400000, 0x0000000094400000, 0x0000000094500000|  0%| F|  |TAMS 0x0000000094400000| PB 0x0000000094400000| Untracked |  0
|  57|0x0000000094500000, 0x0000000094500000, 0x0000000094600000|  0%| F|  |TAMS 0x0000000094500000| PB 0x0000000094500000| Untracked |  0
|  58|0x0000000094600000, 0x0000000094600000, 0x0000000094700000|  0%| F|  |TAMS 0x0000000094600000| PB 0x0000000094600000| Untracked |  0
|  59|0x0000000094700000, 0x0000000094700000, 0x0000000094800000|  0%| F|  |TAMS 0x0000000094700000| PB 0x0000000094700000| Untracked |  0
|  60|0x0000000094800000, 0x0000000094800000, 0x0000000094900000|  0%| F|  |TAMS 0x0000000094800000| PB 0x0000000094800000| Untracked |  0
|  61|0x0000000094900000, 0x0000000094900000, 0x0000000094a00000|  0%| F|  |TAMS 0x0000000094900000| PB 0x0000000094900000| Untracked |  0
|  62|0x0000000094a00000, 0x0000000094a00000, 0x0000000094b00000|  0%| F|  |TAMS 0x0000000094a00000| PB 0x0000000094a00000| Untracked |  0
|  63|0x0000000094b00000, 0x0000000094b00000, 0x0000000094c00000|  0%| F|  |TAMS 0x0000000094b00000| PB 0x0000000094b00000| Untracked |  0
|  64|0x0000000094c00000, 0x0000000094c00000, 0x0000000094d00000|  0%| F|  |TAMS 0x0000000094c00000| PB 0x0000000094c00000| Untracked |  0
|  65|0x0000000094d00000, 0x0000000094d00000, 0x0000000094e00000|  0%| F|  |TAMS 0x0000000094d00000| PB 0x0000000094d00000| Untracked |  0
|  66|0x0000000094e00000, 0x0000000094e00000, 0x0000000094f00000|  0%| F|  |TAMS 0x0000000094e00000| PB 0x0000000094e00000| Untracked |  0
|  67|0x0000000094f00000, 0x0000000094f00000, 0x0000000095000000|  0%| F|  |TAMS 0x0000000094f00000| PB 0x0000000094f00000| Untracked |  0
|  68|0x0000000095000000, 0x0000000095000000, 0x0000000095100000|  0%| F|  |TAMS 0x0000000095000000| PB 0x0000000095000000| Untracked |  0
|  69|0x0000000095100000, 0x0000000095100000, 0x0000000095200000|  0%| F|  |TAMS 0x0000000095100000| PB 0x0000000095100000| Untracked |  0
|  70|0x0000000095200000, 0x0000000095200000, 0x0000000095300000|  0%| F|  |TAMS 0x0000000095200000| PB 0x0000000095200000| Untracked |  0
|  71|0x0000000095300000, 0x0000000095300000, 0x0000000095400000|  0%| F|  |TAMS 0x0000000095300000| PB 0x0000000095300000| Untracked |  0
|  72|0x0000000095400000, 0x0000000095400000, 0x0000000095500000|  0%| F|  |TAMS 0x0000000095400000| PB 0x0000000095400000| Untracked |  0
|  73|0x0000000095500000, 0x0000000095500000, 0x0000000095600000|  0%| F|  |TAMS 0x0000000095500000| PB 0x0000000095500000| Untracked |  0
|  74|0x0000000095600000, 0x0000000095600000, 0x0000000095700000|  0%| F|  |TAMS 0x0000000095600000| PB 0x0000000095600000| Untracked |  0
|  75|0x0000000095700000, 0x0000000095700000, 0x0000000095800000|  0%| F|  |TAMS 0x0000000095700000| PB 0x0000000095700000| Untracked |  0
|  76|0x0000000095800000, 0x0000000095800000, 0x0000000095900000|  0%| F|  |TAMS 0x0000000095800000| PB 0x0000000095800000| Untracked |  0
|  77|0x0000000095900000, 0x0000000095900000, 0x0000000095a00000|  0%| F|  |TAMS 0x0000000095900000| PB 0x0000000095900000| Untracked |  0
|  78|0x0000000095a00000, 0x0000000095a00000, 0x0000000095b00000|  0%| F|  |TAMS 0x0000000095a00000| PB 0x0000000095a00000| Untracked |  0
|  79|0x0000000095b00000, 0x0000000095b00000, 0x0000000095c00000|  0%| F|  |TAMS 0x0000000095b00000| PB 0x0000000095b00000| Untracked |  0
|  80|0x0000000095c00000, 0x0000000095c00000, 0x0000000095d00000|  0%| F|  |TAMS 0x0000000095c00000| PB 0x0000000095c00000| Untracked |  0
|  81|0x0000000095d00000, 0x0000000095d00000, 0x0000000095e00000|  0%| F|  |TAMS 0x0000000095d00000| PB 0x0000000095d00000| Untracked |  0
|  82|0x0000000095e00000, 0x0000000095e00000, 0x0000000095f00000|  0%| F|  |TAMS 0x0000000095e00000| PB 0x0000000095e00000| Untracked |  0
|  83|0x0000000095f00000, 0x0000000095f00000, 0x0000000096000000|  0%| F|  |TAMS 0x0000000095f00000| PB 0x0000000095f00000| Untracked |  0
|  84|0x0000000096000000, 0x0000000096000000, 0x0000000096100000|  0%| F|  |TAMS 0x0000000096000000| PB 0x0000000096000000| Untracked |  0
|  85|0x0000000096100000, 0x0000000096100000, 0x0000000096200000|  0%| F|  |TAMS 0x0000000096100000| PB 0x0000000096100000| Untracked |  0
|  86|0x0000000096200000, 0x0000000096200000, 0x0000000096300000|  0%| F|  |TAMS 0x0000000096200000| PB 0x0000000096200000| Untracked |  0
|  87|0x0000000096300000, 0x0000000096300000, 0x0000000096400000|  0%| F|  |TAMS 0x0000000096300000| PB 0x0000000096300000| Untracked |  0
|  88|0x0000000096400000, 0x0000000096400000, 0x0000000096500000|  0%| F|  |TAMS 0x0000000096400000| PB 0x0000000096400000| Untracked |  0
|  89|0x0000000096500000, 0x0000000096500000, 0x0000000096600000|  0%| F|  |TAMS 0x0000000096500000| PB 0x0000000096500000| Untracked |  0
|  90|0x0000000096600000, 0x0000000096600000, 0x0000000096700000|  0%| F|  |TAMS 0x0000000096600000| PB 0x0000000096600000| Untracked |  0
|  91|0x0000000096700000, 0x0000000096800000, 0x0000000096800000|100%| E|  |TAMS 0x0000000096700000| PB 0x0000000096700000| Complete |  0
|  92|0x0000000096800000, 0x0000000096900000, 0x0000000096900000|100%| E|CS|TAMS 0x0000000096800000| PB 0x0000000096800000| Complete |  0
|  93|0x0000000096900000, 0x0000000096a00000, 0x0000000096a00000|100%| E|CS|TAMS 0x0000000096900000| PB 0x0000000096900000| Complete |  0
|  94|0x0000000096a00000, 0x0000000096b00000, 0x0000000096b00000|100%| E|CS|TAMS 0x0000000096a00000| PB 0x0000000096a00000| Complete |  0
|  95|0x0000000096b00000, 0x0000000096c00000, 0x0000000096c00000|100%| E|CS|TAMS 0x0000000096b00000| PB 0x0000000096b00000| Complete |  0
|  96|0x0000000096c00000, 0x0000000096d00000, 0x0000000096d00000|100%| E|CS|TAMS 0x0000000096c00000| PB 0x0000000096c00000| Complete |  0
|  97|0x0000000096d00000, 0x0000000096e00000, 0x0000000096e00000|100%| E|CS|TAMS 0x0000000096d00000| PB 0x0000000096d00000| Complete |  0
|  98|0x0000000096e00000, 0x0000000096f00000, 0x0000000096f00000|100%| E|CS|TAMS 0x0000000096e00000| PB 0x0000000096e00000| Complete |  0
|  99|0x0000000096f00000, 0x0000000097000000, 0x0000000097000000|100%| E|CS|TAMS 0x0000000096f00000| PB 0x0000000096f00000| Complete |  0
| 100|0x0000000097000000, 0x0000000097100000, 0x0000000097100000|100%| E|CS|TAMS 0x0000000097000000| PB 0x0000000097000000| Complete |  0
| 101|0x0000000097100000, 0x0000000097200000, 0x0000000097200000|100%| E|CS|TAMS 0x0000000097100000| PB 0x0000000097100000| Complete |  0
| 102|0x0000000097200000, 0x0000000097300000, 0x0000000097300000|100%| E|CS|TAMS 0x0000000097200000| PB 0x0000000097200000| Complete |  0
| 103|0x0000000097300000, 0x0000000097400000, 0x0000000097400000|100%| E|CS|TAMS 0x0000000097300000| PB 0x0000000097300000| Complete |  0
| 104|0x0000000097400000, 0x0000000097500000, 0x0000000097500000|100%| E|CS|TAMS 0x0000000097400000| PB 0x0000000097400000| Complete |  0
| 105|0x0000000097500000, 0x0000000097600000, 0x0000000097600000|100%| E|  |TAMS 0x0000000097500000| PB 0x0000000097500000| Complete |  0
| 106|0x0000000097600000, 0x0000000097700000, 0x0000000097700000|100%| E|CS|TAMS 0x0000000097600000| PB 0x0000000097600000| Complete |  0
| 107|0x0000000097700000, 0x0000000097800000, 0x0000000097800000|100%| E|CS|TAMS 0x0000000097700000| PB 0x0000000097700000| Complete |  0
| 108|0x0000000097800000, 0x0000000097900000, 0x0000000097900000|100%| E|CS|TAMS 0x0000000097800000| PB 0x0000000097800000| Complete |  0
| 109|0x0000000097900000, 0x0000000097a00000, 0x0000000097a00000|100%| E|CS|TAMS 0x0000000097900000| PB 0x0000000097900000| Complete |  0
| 110|0x0000000097a00000, 0x0000000097b00000, 0x0000000097b00000|100%| E|CS|TAMS 0x0000000097a00000| PB 0x0000000097a00000| Complete |  0
| 111|0x0000000097b00000, 0x0000000097c00000, 0x0000000097c00000|100%| E|CS|TAMS 0x0000000097b00000| PB 0x0000000097b00000| Complete |  0

Card table byte_map: [0x000001def7870000,0x000001def7bf0000] _byte_map_base: 0x000001def73ea000

Marking Bits: (CMBitMap*) 0x000001deeeaf60a0
 Bits: [0x000001def7bf0000, 0x000001def97c0000)

Polling page: 0x000001deee260000

Metaspace:

Usage:
  Non-class:      5.48 MB used.
      Class:    781.98 KB used.
       Both:      6.25 MB used.

Virtual space:
  Non-class space:       64.00 MB reserved,       5.62 MB (  9%) committed,  1 nodes.
      Class space:        1.00 GB reserved,     832.00 KB ( <1%) committed,  1 nodes.
             Both:        1.06 GB reserved,       6.44 MB ( <1%) committed. 

Chunk freelists:
   Non-Class:  9.30 MB
       Class:  14.98 MB
        Both:  24.28 MB

MaxMetaspaceSize: unlimited
CompressedClassSpaceSize: 1.00 GB
Initial GC threshold: 21.00 MB
Current GC threshold: 21.00 MB
CDS: on
 - commit_granule_bytes: 65536.
 - commit_granule_words: 8192.
 - virtual_space_node_default_size: 8388608.
 - enlarge_chunks_in_place: 1.
 - use_allocation_guard: 0.


Internal statistics:

num_allocs_failed_limit: 0.
num_arena_births: 152.
num_arena_deaths: 0.
num_vsnodes_births: 2.
num_vsnodes_deaths: 0.
num_space_committed: 103.
num_space_uncommitted: 0.
num_chunks_returned_to_freelist: 0.
num_chunks_taken_from_freelist: 355.
num_chunk_merges: 0.
num_chunk_splits: 198.
num_chunks_enlarged: 111.
num_inconsistent_stats: 0.

CodeHeap 'non-profiled nmethods': size=120064Kb used=402Kb max_used=402Kb free=119661Kb
 bounds [0x000001de87ac0000, 0x000001de87d30000, 0x000001de8f000000]
CodeHeap 'profiled nmethods': size=120000Kb used=1665Kb max_used=1665Kb free=118334Kb
 bounds [0x000001de80000000, 0x000001de80270000, 0x000001de87530000]
CodeHeap 'non-nmethods': size=5696Kb used=1366Kb max_used=1380Kb free=4329Kb
 bounds [0x000001de87530000, 0x000001de877a0000, 0x000001de87ac0000]
CodeCache: size=245760Kb, used=3433Kb, max_used=3447Kb, free=242324Kb
 total_blobs=1748, nmethods=1270, adapters=384, full_count=0
Compilation: enabled, stopped_count=0, restarted_count=0

Compilation events (20 events):
Event: 2.120 Thread 0x000001defc214960 1261       1       java.util.stream.MatchOps$BooleanTerminalSink::cancellationRequested (5 bytes)
Event: 2.120 Thread 0x000001defc214960 nmethod 1261 0x000001de87b23708 code [0x000001de87b23820, 0x000001de87b238f0]
Event: 2.120 Thread 0x000001defc214960 1262       1       java.lang.StringLatin1$CharsSpliterator::characteristics (5 bytes)
Event: 2.120 Thread 0x000001defc214960 nmethod 1262 0x000001de87b23a08 code [0x000001de87b23b20, 0x000001de87b23be8]
Event: 2.121 Thread 0x000001defc214960 1263       1       java.lang.Boolean::booleanValue (5 bytes)
Event: 2.121 Thread 0x000001defc214960 nmethod 1263 0x000001de87b23d08 code [0x000001de87b23e20, 0x000001de87b23ef0]
Event: 2.123 Thread 0x000001defc214960 1264       3       java.lang.Class::getComponentType (14 bytes)
Event: 2.123 Thread 0x000001defc214960 nmethod 1264 0x000001de8019f788 code [0x000001de8019f8c0, 0x000001de8019fa70]
Event: 2.123 Thread 0x000001defc214960 1265       3       java.lang.invoke.InnerClassLambdaMetafactory::getOpcodeOffset (38 bytes)
Event: 2.124 Thread 0x000001defc214960 nmethod 1265 0x000001de8019fa88 code [0x000001de8019fbc0, 0x000001de8019fe68]
Event: 2.131 Thread 0x000001defc211d50 1266       4       jdk.internal.misc.Unsafe::allocateUninitializedArray (55 bytes)
Event: 2.133 Thread 0x000001defc211d50 nmethod 1266 0x000001de87b24008 code [0x000001de87b24120, 0x000001de87b242e0]
Event: 2.138 Thread 0x000001defc214960 1267       3       org.springframework.util.ConcurrentReferenceHashMap::getHash (64 bytes)
Event: 2.139 Thread 0x000001defc214960 nmethod 1267 0x000001de8019fe88 code [0x000001de8019ffc0, 0x000001de801a0220]
Event: 2.139 Thread 0x000001defc214960 1268       3       org.springframework.util.ConcurrentReferenceHashMap::getSegmentForHash (23 bytes)
Event: 2.139 Thread 0x000001defc214960 nmethod 1268 0x000001de801a0288 code [0x000001de801a03a0, 0x000001de801a04e8]
Event: 2.148 Thread 0x000001defc211d50 1269       4       jdk.internal.misc.Unsafe::allocateUninitializedArray0 (90 bytes)
Event: 2.150 Thread 0x000001defc211d50 nmethod 1269 0x000001de87b24308 code [0x000001de87b24420, 0x000001de87b245d0]
Event: 2.156 Thread 0x000001defc214960 1270       1       org.springframework.util.ConcurrentReferenceHashMap$SoftEntryReference::getHash (5 bytes)
Event: 2.156 Thread 0x000001defc214960 nmethod 1270 0x000001de87b24608 code [0x000001de87b24720, 0x000001de87b247e8]

GC Heap History (0 events):
No events

Dll operation events (6 events):
Event: 0.034 Loaded shared library C:\Program Files\Java\jdk-23\bin\java.dll
Event: 0.110 Loaded shared library C:\Program Files\Java\jdk-23\bin\jsvml.dll
Event: 0.256 Loaded shared library C:\Program Files\Java\jdk-23\bin\net.dll
Event: 0.261 Loaded shared library C:\Program Files\Java\jdk-23\bin\nio.dll
Event: 0.270 Loaded shared library C:\Program Files\Java\jdk-23\bin\zip.dll
Event: 0.538 Loaded shared library C:\Program Files\Java\jdk-23\bin\jimage.dll

Deoptimization events (20 events):
Event: 1.622 Thread 0x000001deeea99f90 DEOPT PACKING pc=0x000001de87b16ed4 sp=0x00000022701feb10
Event: 1.622 Thread 0x000001deeea99f90 DEOPT UNPACKING pc=0x000001de87584402 sp=0x00000022701fea70 mode 2
Event: 1.874 Thread 0x000001deeea99f90 DEOPT PACKING pc=0x000001de8005c871 sp=0x00000022701fe6e0
Event: 1.874 Thread 0x000001deeea99f90 DEOPT UNPACKING pc=0x000001de87584b22 sp=0x00000022701fdbe8 mode 0
Event: 2.134 Thread 0x000001deeea99f90 Uncommon trap: trap_request=0xffffffde fr.pc=0x000001de87b24220 relative=0x0000000000000100
Event: 2.134 Thread 0x000001deeea99f90 Uncommon trap: reason=class_check action=maybe_recompile pc=0x000001de87b24220 method=jdk.internal.misc.Unsafe.allocateUninitializedArray(Ljava/lang/Class;I)Ljava/lang/Object; @ 51 c2
Event: 2.134 Thread 0x000001deeea99f90 DEOPT PACKING pc=0x000001de87b24220 sp=0x00000022701fab70
Event: 2.134 Thread 0x000001deeea99f90 DEOPT UNPACKING pc=0x000001de87584402 sp=0x00000022701faae8 mode 2
Event: 2.134 Thread 0x000001deeea99f90 Uncommon trap: trap_request=0xffffffde fr.pc=0x000001de87b24220 relative=0x0000000000000100
Event: 2.134 Thread 0x000001deeea99f90 Uncommon trap: reason=class_check action=maybe_recompile pc=0x000001de87b24220 method=jdk.internal.misc.Unsafe.allocateUninitializedArray(Ljava/lang/Class;I)Ljava/lang/Object; @ 51 c2
Event: 2.134 Thread 0x000001deeea99f90 DEOPT PACKING pc=0x000001de87b24220 sp=0x00000022701fac10
Event: 2.134 Thread 0x000001deeea99f90 DEOPT UNPACKING pc=0x000001de87584402 sp=0x00000022701fab88 mode 2
Event: 2.134 Thread 0x000001deeea99f90 Uncommon trap: trap_request=0xffffffde fr.pc=0x000001de87b24220 relative=0x0000000000000100
Event: 2.134 Thread 0x000001deeea99f90 Uncommon trap: reason=class_check action=maybe_recompile pc=0x000001de87b24220 method=jdk.internal.misc.Unsafe.allocateUninitializedArray(Ljava/lang/Class;I)Ljava/lang/Object; @ 51 c2
Event: 2.134 Thread 0x000001deeea99f90 DEOPT PACKING pc=0x000001de87b24220 sp=0x00000022701fa570
Event: 2.134 Thread 0x000001deeea99f90 DEOPT UNPACKING pc=0x000001de87584402 sp=0x00000022701fa4e8 mode 2
Event: 2.134 Thread 0x000001deeea99f90 Uncommon trap: trap_request=0xffffffde fr.pc=0x000001de87b24220 relative=0x0000000000000100
Event: 2.134 Thread 0x000001deeea99f90 Uncommon trap: reason=class_check action=maybe_recompile pc=0x000001de87b24220 method=jdk.internal.misc.Unsafe.allocateUninitializedArray(Ljava/lang/Class;I)Ljava/lang/Object; @ 51 c2
Event: 2.134 Thread 0x000001deeea99f90 DEOPT PACKING pc=0x000001de87b24220 sp=0x00000022701faa20
Event: 2.134 Thread 0x000001deeea99f90 DEOPT UNPACKING pc=0x000001de87584402 sp=0x00000022701fa998 mode 2

Classes loaded (20 events):
Event: 2.104 Loading class java/lang/ProcessEnvironment$CheckedKeySet
Event: 2.105 Loading class java/lang/ProcessEnvironment$CheckedKeySet done
Event: 2.106 Loading class java/lang/StringLatin1$CharsSpliterator
Event: 2.106 Loading class java/lang/StringLatin1$CharsSpliterator done
Event: 2.106 Loading class java/util/stream/IntPipeline$Head
Event: 2.107 Loading class java/util/stream/IntPipeline
Event: 2.108 Loading class java/util/stream/IntStream
Event: 2.109 Loading class java/util/stream/IntStream done
Event: 2.109 Loading class java/util/stream/IntPipeline done
Event: 2.109 Loading class java/util/stream/IntPipeline$Head done
Event: 2.109 Loading class java/util/function/IntPredicate
Event: 2.110 Loading class java/util/function/IntPredicate done
Event: 2.111 Loading class java/util/stream/MatchOps$2MatchSink
Event: 2.112 Loading class java/util/stream/Sink$OfInt
Event: 2.113 Loading class java/util/stream/Sink$OfInt done
Event: 2.113 Loading class java/util/stream/MatchOps$2MatchSink done
Event: 2.182 Loading class java/beans/PropertyEditorSupport
Event: 2.191 Loading class java/beans/PropertyEditor
Event: 2.194 Loading class java/beans/PropertyEditor done
Event: 2.194 Loading class java/beans/PropertyEditorSupport done

Classes unloaded (0 events):
No events

Classes redefined (0 events):
No events

Internal exceptions (18 events):
Event: 0.683 Thread 0x000001deeea99f90 Exception <a 'java/lang/ClassNotFoundException'{0x00000000974b9380}: javax/smartcardio/CardPermission> (0x00000000974b9380) 
thrown [s\open\src\hotspot\share\classfile\systemDictionary.cpp, line 313]
Event: 0.692 Thread 0x000001deeea99f90 Exception <a 'java/io/FileNotFoundException'{0x00000000974c75a0}> (0x00000000974c75a0) 
thrown [s\open\src\hotspot\share\prims\jni.cpp, line 520]
Event: 0.766 Thread 0x000001deeea99f90 Exception <a 'java/lang/NoSuchMethodError'{0x0000000097356668}: 'java.lang.Object java.lang.invoke.DirectMethodHandle$Holder.invokeSpecial(java.lang.Object, java.lang.Object, java.lang.Object, long, java.lang.Object)'> (0x0000000097356668) 
thrown [s\open\src\hotspot\share\interpreter\linkResolver.cpp, line 796]
Event: 0.767 Thread 0x000001deeea99f90 Exception <a 'java/lang/NoSuchMethodError'{0x0000000097359fd0}: 'java.lang.Object java.lang.invoke.Invokers$Holder.linkToTargetMethod(java.lang.Object, long, java.lang.Object, java.lang.Object)'> (0x0000000097359fd0) 
thrown [s\open\src\hotspot\share\interpreter\linkResolver.cpp, line 796]
Event: 1.000 Thread 0x000001deeea99f90 Exception <a 'java/lang/NoSuchMethodError'{0x00000000971477b8}: 'void java.lang.invoke.DirectMethodHandle$Holder.invokeStatic(java.lang.Object, java.lang.Object, java.lang.Object, java.lang.Object)'> (0x00000000971477b8) 
thrown [s\open\src\hotspot\share\interpreter\linkResolver.cpp, line 796]
Event: 1.074 Thread 0x000001deeea99f90 Exception <a 'java/lang/NoSuchMethodError'{0x000000009705ae70}: 'int java.lang.invoke.DirectMethodHandle$Holder.invokeStaticInit(java.lang.Object, java.lang.Object)'> (0x000000009705ae70) 
thrown [s\open\src\hotspot\share\interpreter\linkResolver.cpp, line 796]
Event: 1.092 Thread 0x000001deeea99f90 Exception <a 'java/lang/NoSuchMethodError'{0x0000000097098518}: 'void java.lang.invoke.DirectMethodHandle$Holder.invokeInterface(java.lang.Object, java.lang.Object, java.lang.Object, java.lang.Object)'> (0x0000000097098518) 
thrown [s\open\src\hotspot\share\interpreter\linkResolver.cpp, line 796]
Event: 1.252 Thread 0x000001deeea99f90 Exception <a 'java/lang/NoSuchMethodError'{0x0000000096f84660}: 'void java.lang.invoke.DirectMethodHandle$Holder.invokeSpecial(java.lang.Object, java.lang.Object, java.lang.Object)'> (0x0000000096f84660) 
thrown [s\open\src\hotspot\share\interpreter\linkResolver.cpp, line 796]
Event: 1.259 Thread 0x000001deeea99f90 Exception <a 'java/lang/NoSuchMethodError'{0x0000000096f95bb0}: 'java.lang.Object java.lang.invoke.DirectMethodHandle$Holder.newInvokeSpecial(java.lang.Object, java.lang.Object, java.lang.Object, java.lang.Object, java.lang.Object, java.lang.Object)'> (0x0000000096f95bb0) 
thrown [s\open\src\hotspot\share\interpreter\linkResolver.cpp, line 796]
Event: 1.262 Thread 0x000001deeea99f90 Exception <a 'java/lang/NoSuchMethodError'{0x0000000096f9a660}: 'void java.lang.invoke.DirectMethodHandle$Holder.invokeSpecial(java.lang.Object, java.lang.Object, java.lang.Object, java.lang.Object, java.lang.Object, java.lang.Object)'> (0x0000000096f9a660) 
thrown [s\open\src\hotspot\share\interpreter\linkResolver.cpp, line 796]
Event: 1.454 Thread 0x000001deeea99f90 Exception <a 'java/lang/NoSuchMethodError'{0x0000000096ecc818}: 'java.lang.Object java.lang.invoke.DirectMethodHandle$Holder.invokeInterface(java.lang.Object, java.lang.Object)'> (0x0000000096ecc818) 
thrown [s\open\src\hotspot\share\interpreter\linkResolver.cpp, line 796]
Event: 1.477 Thread 0x000001deeea99f90 Exception <a 'java/lang/NoSuchMethodError'{0x0000000096d10ed8}: 'java.lang.Object java.lang.invoke.DirectMethodHandle$Holder.invokeSpecialIFC(java.lang.Object, java.lang.Object, java.lang.Object, java.lang.Object)'> (0x0000000096d10ed8) 
thrown [s\open\src\hotspot\share\interpreter\linkResolver.cpp, line 796]
Event: 1.484 Thread 0x000001deeea99f90 Exception <a 'java/lang/NoSuchMethodError'{0x0000000096d2b1a8}: 'java.lang.Object java.lang.invoke.DirectMethodHandle$Holder.invokeInterface(java.lang.Object, java.lang.Object, java.lang.Object)'> (0x0000000096d2b1a8) 
thrown [s\open\src\hotspot\share\interpreter\linkResolver.cpp, line 796]
Event: 1.550 Thread 0x000001deeea99f90 Exception <a 'java/lang/NoSuchMethodError'{0x0000000096c17e60}: 'int java.lang.invoke.DirectMethodHandle$Holder.invokeStaticInit(java.lang.Object, java.lang.Object, java.lang.Object)'> (0x0000000096c17e60) 
thrown [s\open\src\hotspot\share\interpreter\linkResolver.cpp, line 796]
Event: 1.595 Thread 0x000001deeea99f90 Exception <a 'java/lang/NoSuchMethodError'{0x0000000096ccf090}: 'java.lang.Object java.lang.invoke.DirectMethodHandle$Holder.invokeStaticInit(java.lang.Object, java.lang.Object, java.lang.Object)'> (0x0000000096ccf090) 
thrown [s\open\src\hotspot\share\interpreter\linkResolver.cpp, line 796]
Event: 1.650 Thread 0x000001deeea99f90 Exception <a 'java/lang/IncompatibleClassChangeError'{0x0000000096b52fb8}: Found class java.lang.Object, but interface was expected> (0x0000000096b52fb8) 
thrown [s\open\src\hotspot\share\interpreter\linkResolver.cpp, line 863]
Event: 1.746 Thread 0x000001deeea99f90 Exception <a 'sun/nio/fs/WindowsException'{0x0000000096bca628}> (0x0000000096bca628) 
thrown [s\open\src\hotspot\share\prims\jni.cpp, line 520]
Event: 2.074 Thread 0x000001deeea99f90 Exception <a 'java/lang/NoSuchMethodError'{0x00000000968be7b0}: 'int java.lang.invoke.DirectMethodHandle$Holder.invokeSpecial(java.lang.Object, java.lang.Object, java.lang.Object)'> (0x00000000968be7b0) 
thrown [s\open\src\hotspot\share\interpreter\linkResolver.cpp, line 796]

VM Operations (8 events):
Event: 0.319 Executing VM operation: HandshakeAllThreads (Deoptimize)
Event: 0.319 Executing VM operation: HandshakeAllThreads (Deoptimize) done
Event: 0.547 Executing VM operation: HandshakeAllThreads (Deoptimize)
Event: 0.547 Executing VM operation: HandshakeAllThreads (Deoptimize) done
Event: 1.444 Executing VM operation: HandshakeAllThreads (Deoptimize)
Event: 1.444 Executing VM operation: HandshakeAllThreads (Deoptimize) done
Event: 1.751 Executing VM operation: HandshakeAllThreads (Deoptimize)
Event: 1.751 Executing VM operation: HandshakeAllThreads (Deoptimize) done

Memory protections (0 events):
No events

Nmethod flushes (0 events):
No events

Events (15 events):
Event: 0.075 Thread 0x000001deeea99f90 Thread added: 0x000001deeea99f90
Event: 0.105 Thread 0x000001deeea99f90 Thread added: 0x000001defc1f9f40
Event: 0.105 Thread 0x000001deeea99f90 Thread added: 0x000001defc1fae60
Event: 0.106 Thread 0x000001deeea99f90 Thread added: 0x000001defc1feed0
Event: 0.106 Thread 0x000001deeea99f90 Thread added: 0x000001defc201e50
Event: 0.106 Thread 0x000001deeea99f90 Thread added: 0x000001defc2028b0
Event: 0.106 Thread 0x000001deeea99f90 Thread added: 0x000001defc203440
Event: 0.106 Thread 0x000001deeea99f90 Thread added: 0x000001defc211d50
Event: 0.106 Thread 0x000001deeea99f90 Thread added: 0x000001defc214960
Event: 0.240 Thread 0x000001deeea99f90 Thread added: 0x000001ded4122ba0
Event: 0.245 Thread 0x000001deeea99f90 Thread added: 0x000001ded412a400
Event: 0.304 Thread 0x000001defc211d50 Thread added: 0x000001ded41c54f0
Event: 0.304 Thread 0x000001defc211d50 Thread added: 0x000001ded41ab360
Event: 1.145 Thread 0x000001ded41ab360 Thread exited: 0x000001ded41ab360
Event: 1.215 Thread 0x000001ded41c54f0 Thread exited: 0x000001ded41c54f0


Dynamic libraries:
0x00007ff713890000 - 0x00007ff71389e000 	C:\Program Files\Java\jdk-23\bin\java.exe
0x00007ff8ac0d0000 - 0x00007ff8ac2e7000 	C:\Windows\SYSTEM32\ntdll.dll
0x00007ff8aab20000 - 0x00007ff8aabe4000 	C:\Windows\System32\KERNEL32.DLL
0x00007ff8a97d0000 - 0x00007ff8a9b7d000 	C:\Windows\System32\KERNELBASE.dll
0x00007ff8a9680000 - 0x00007ff8a9791000 	C:\Windows\System32\ucrtbase.dll
0x00007ff8a3d30000 - 0x00007ff8a3d47000 	C:\Program Files\Java\jdk-23\bin\jli.dll
0x00007ff8a3d50000 - 0x00007ff8a3d6b000 	C:\Program Files\Java\jdk-23\bin\VCRUNTIME140.dll
0x00007ff8aa950000 - 0x00007ff8aaafe000 	C:\Windows\System32\USER32.dll
0x00007ff8a97a0000 - 0x00007ff8a97c6000 	C:\Windows\System32\win32u.dll
0x00007ff8aabf0000 - 0x00007ff8aac19000 	C:\Windows\System32\GDI32.dll
0x00007ff8a9560000 - 0x00007ff8a9679000 	C:\Windows\System32\gdi32full.dll
0x00007ff8a9400000 - 0x00007ff8a949a000 	C:\Windows\System32\msvcp_win.dll
0x00007ff891350000 - 0x00007ff8915e3000 	C:\Windows\WinSxS\amd64_microsoft.windows.common-controls_6595b64144ccf1df_6.0.22621.3672_none_2713b9d173822955\COMCTL32.dll
0x00007ff8aa7a0000 - 0x00007ff8aa847000 	C:\Windows\System32\msvcrt.dll
0x00007ff8ac050000 - 0x00007ff8ac081000 	C:\Windows\System32\IMM32.DLL
0x00007ff8a6660000 - 0x00007ff8a666c000 	C:\Program Files\Java\jdk-23\bin\vcruntime140_1.dll
0x00007ff89f4f0000 - 0x00007ff89f57e000 	C:\Program Files\Java\jdk-23\bin\msvcp140.dll
0x00007ff855780000 - 0x00007ff8564cf000 	C:\Program Files\Java\jdk-23\bin\server\jvm.dll
0x00007ff8abf10000 - 0x00007ff8abfc2000 	C:\Windows\System32\ADVAPI32.dll
0x00007ff8aac20000 - 0x00007ff8aacc9000 	C:\Windows\System32\sechost.dll
0x00007ff8a9cf0000 - 0x00007ff8a9d18000 	C:\Windows\System32\bcrypt.dll
0x00007ff8aa680000 - 0x00007ff8aa794000 	C:\Windows\System32\RPCRT4.dll
0x00007ff8ab590000 - 0x00007ff8ab601000 	C:\Windows\System32\WS2_32.dll
0x00007ff8a92c0000 - 0x00007ff8a930d000 	C:\Windows\SYSTEM32\POWRPROF.dll
0x00007ff8a1380000 - 0x00007ff8a138a000 	C:\Windows\SYSTEM32\VERSION.dll
0x00007ff8a3420000 - 0x00007ff8a3454000 	C:\Windows\SYSTEM32\WINMM.dll
0x00007ff8a9290000 - 0x00007ff8a92a3000 	C:\Windows\SYSTEM32\UMPDC.dll
0x00007ff8a8430000 - 0x00007ff8a8448000 	C:\Windows\SYSTEM32\kernel.appcore.dll
0x00007ff8a4730000 - 0x00007ff8a473a000 	C:\Program Files\Java\jdk-23\bin\jimage.dll
0x00007ff8949f0000 - 0x00007ff894c22000 	C:\Windows\SYSTEM32\DBGHELP.DLL
0x00007ff8aa2e0000 - 0x00007ff8aa668000 	C:\Windows\System32\combase.dll
0x00007ff8abe00000 - 0x00007ff8abed7000 	C:\Windows\System32\OLEAUT32.dll
0x00007ff893d80000 - 0x00007ff893db2000 	C:\Windows\SYSTEM32\dbgcore.DLL
0x00007ff8a9d20000 - 0x00007ff8a9d9b000 	C:\Windows\System32\bcryptPrimitives.dll
0x00007ff8a3d10000 - 0x00007ff8a3d2e000 	C:\Program Files\Java\jdk-23\bin\java.dll
0x00007ff8a9f70000 - 0x00007ff8aa115000 	C:\Windows\System32\ole32.dll
0x00007ff8aacd0000 - 0x00007ff8ab52f000 	C:\Windows\System32\SHELL32.dll
0x00007ff8a7350000 - 0x00007ff8a7c4c000 	C:\Windows\SYSTEM32\windows.storage.dll
0x00007ff8a7210000 - 0x00007ff8a734f000 	C:\Windows\SYSTEM32\wintypes.dll
0x00007ff8aa120000 - 0x00007ff8aa214000 	C:\Windows\System32\SHCORE.dll
0x00007ff8aa280000 - 0x00007ff8aa2de000 	C:\Windows\System32\shlwapi.dll
0x00007ff8a9330000 - 0x00007ff8a9351000 	C:\Windows\SYSTEM32\profapi.dll
0x00007ff874bc0000 - 0x00007ff874c97000 	C:\Program Files\Java\jdk-23\bin\jsvml.dll
0x00007ff8a6680000 - 0x00007ff8a6690000 	C:\Program Files\Java\jdk-23\bin\net.dll
0x00007ff8a88a0000 - 0x00007ff8a8909000 	C:\Windows\system32\mswsock.dll
0x00007ff8a3cf0000 - 0x00007ff8a3d06000 	C:\Program Files\Java\jdk-23\bin\nio.dll
0x00007ff8a3cd0000 - 0x00007ff8a3ce7000 	C:\Program Files\Java\jdk-23\bin\zip.dll

dbghelp: loaded successfully - version: 4.0.5 - missing functions: none
symbol engine: initialized successfully - sym options: 0x614 - pdb path: .;C:\Program Files\Java\jdk-23\bin;C:\Windows\SYSTEM32;C:\Windows\WinSxS\amd64_microsoft.windows.common-controls_6595b64144ccf1df_6.0.22621.3672_none_2713b9d173822955;C:\Program Files\Java\jdk-23\bin\server

VM Arguments:
jvm_args: -XX:+ShowCodeDetailsInExceptionMessages 
java_command: com.catalog.plants.plants.PlantsApplication
java_class_path (initial): C:\Users\nmene\Documents\spring\plants\back-end-plants\plants\target\classes;C:\Users\nmene\.m2\repository\org\springframework\boot\spring-boot-starter-data-jpa\3.3.2\spring-boot-starter-data-jpa-3.3.2.jar;C:\Users\nmene\.m2\repository\org\springframework\boot\spring-boot-starter-aop\3.3.2\spring-boot-starter-aop-3.3.2.jar;C:\Users\nmene\.m2\repository\org\springframework\spring-aop\6.1.11\spring-aop-6.1.11.jar;C:\Users\nmene\.m2\repository\org\aspectj\aspectjweaver\1.9.22.1\aspectjweaver-1.9.22.1.jar;C:\Users\nmene\.m2\repository\org\springframework\boot\spring-boot-starter-jdbc\3.3.2\spring-boot-starter-jdbc-3.3.2.jar;C:\Users\nmene\.m2\repository\com\zaxxer\HikariCP\5.1.0\HikariCP-5.1.0.jar;C:\Users\nmene\.m2\repository\org\springframework\spring-jdbc\6.1.11\spring-jdbc-6.1.11.jar;C:\Users\nmene\.m2\repository\org\hibernate\orm\hibernate-core\6.5.2.Final\hibernate-core-6.5.2.Final.jar;C:\Users\nmene\.m2\repository\jakarta\persistence\jakarta.persistence-api\3.1.0\jakarta.persistence-api-3.1.0.jar;C:\Users\nmene\.m2\repository\jakarta\transaction\jakarta.transaction-api\2.0.1\jakarta.transaction-api-2.0.1.jar;C:\Users\nmene\.m2\repository\org\jboss\logging\jboss-logging\3.5.3.Final\jboss-logging-3.5.3.Final.jar;C:\Users\nmene\.m2\repository\org\hibernate\common\hibernate-commons-annotations\6.0.6.Final\hibernate-commons-annotations-6.0.6.Final.jar;C:\Users\nmene\.m2\repository\io\smallrye\jandex\3.1.2\jandex-3.1.2.jar;C:\Users\nmene\.m2\repository\com\fasterxml\classmate\1.7.0\classmate-1.7.0.jar;C:\Users\nmene\.m2\repository\net\bytebuddy\byte-buddy\1.14.18\byte-buddy-1.14.18.jar;C:\Users\nmene\.m2\repository\org\glassfish\jaxb\jaxb-runtime\4.0.5\jaxb-runtime-4.0.5.jar;C:\Users\nmene\.m2\repository\org\glassfish\jaxb\jaxb-core\4.0.5\jaxb-core-4.0.5.jar;C:\Users\nmene\.m2\repository\org\eclipse\angus\angus-activation\2.0.2\angus-activation-2.0.2.jar;C:\Users\nmene\.m2\repository\org\glassfish\jaxb\txw2\4.0.5\txw2-4.0.5.jar;C:\Users\nmene\.m2\repository\com\sun\istack\istack-commons-runtime\4.1.2\istack-commons-runtime-4.1.2.jar;C:\Users\nmene\.m2\repository\jakarta\inject\jakarta.inject-api\2.0.1\jakarta.inject-api-2.0.1.jar;C:\Users\nmene\.m2\repository\org\antlr\antlr4-runtime\4.13.0\antlr4-runtime-4.13.0.jar;C:\Users\nmene\.m2\repository\org\springframework\data\spring-data-jpa\3.3.2\spring-data-jpa-3.3.2.jar;C:\Users\nmene\.m2\repository\org\springframework\data\spring-data-commons\3.3.2\spring-data-commons-3.3.2.jar;C:\Users\nmene\.m2\repository\org\springframework\spring-orm\6.1.11\spring-orm-6.1.11.jar;C:\Users\nmene\.m2\repository\org\springframework\spring-context\6.1.11\spring-context-6.1.11.jar;C:\Users\nmene\.m2\repository\org\springframework\spring-tx\6.1.11\spring-tx-6.1.11.jar;C:\Users\nmene\.m2\repository\org\springframework\spring-beans\6.1.11\spring-beans-6.1.11.jar;C:\Users\nmene\.m2\repository\jakarta\annotation\jakarta.annotation-api\2.1.1\jakarta.annotation-api-2.1.1.jar;C:\Users\nmene\.m2\repository\org\slf4j\slf4j-api\2.0.13\slf4j-api-2.0.13.jar;C:\Users\nmene\.m2\repository\org\springframework\spring-aspects\6.1.11\spring-aspects-6.1.11.jar;C:\Users\nmene\.m2\repository\org\springframework\boot\spring-boot-starter-web\3.3.2\spring-boot-starter-web-3.3.2.jar;C:\Users\nmene\.m2\repository\org\springframework\boot\spring-boot-starter\3.3.2\spring-boot-starter-3.3.2.jar;C:\Users\nmene\.m2\repository\org\springframework\boot\spring-boot\3.3.2\spring-boot-3.3.2.jar;C:\Users\nmene\.m2\repository\org\springframework\boot\spring-boot-autoconfigure\3.3.2\spring-boot-autoconfigure-3.3.2.jar;C:\Users\nmene\.m2\repository\org\springframework\boot\spring-boot-starter-logging\3.3.2\spring-boot-starter-logging-3.3.2.jar;C:\Users\nmene\.m2\repository\ch\qos\logback\logback-classic\1.5.6\logback-classic-1.5.6.jar;C:\Users\nmene\.m2\repository\ch\qos\logback\logback-core\1.5.6\logback-core-1.5.6.jar;C:\Users\nmene\.m2\repository\org\apache\logging\log4j\log4j-to-slf4j\2.23.1\log4j-to-slf4j-2.23.1.jar;C:\Users\nmene\.m2\repository\org\apache\logging\log4j\log4j-api\2.23.1\log4j-api-2.23.1.jar;C:\Users\nmene\.m2\repository\org\slf4j\jul-to-slf4j\2.0.13\jul-to-slf4j-2.0.13.jar;C:\Users\nmene\.m2\repository\org\yaml\snakeyaml\2.2\snakeyaml-2.2.jar;C:\Users\nmene\.m2\repository\org\springframework\boot\spring-boot-starter-json\3.3.2\spring-boot-starter-json-3.3.2.jar;C:\Users\nmene\.m2\repository\com\fasterxml\jackson\core\jackson-databind\2.17.2\jackson-databind-2.17.2.jar;C:\Users\nmene\.m2\repository\com\fasterxml\jackson\core\jackson-annotations\2.17.2\jackson-annotations-2.17.2.jar;C:\Users\nmene\.m2\repository\com\fasterxml\jackson\core\jackson-core\2.17.2\jackson-core-2.17.2.jar;C:\Users\nmene\.m2\repository\com\fasterxml\jackson\datatype\jackson-datatype-jdk8\2.17.2\jackson-datatype-jdk8-2.17.2.jar;C:\Users\nmene\.m2\repository\com\fasterxml\jackson\datatype\jackson-datatype-jsr310\2.17.2\jackson-datatype-jsr310-2.17.2.jar;C:\Users\nmene\.m2\repository\com\fasterxml\jackson\module\jackson-module-parameter-names\2.17.2\jackson-module-parameter-names-2.17.2.jar;C:\Users\nmene\.m2\repository\org\springframework\boot\spring-boot-starter-tomcat\3.3.2\spring-boot-starter-tomcat-3.3.2.jar;C:\Users\nmene\.m2\repository\org\apache\tomcat\embed\tomcat-embed-core\10.1.26\tomcat-embed-core-10.1.26.jar;C:\Users\nmene\.m2\repository\org\apache\tomcat\embed\tomcat-embed-el\10.1.26\tomcat-embed-el-10.1.26.jar;C:\Users\nmene\.m2\repository\org\apache\tomcat\embed\tomcat-embed-websocket\10.1.26\tomcat-embed-websocket-10.1.26.jar;C:\Users\nmene\.m2\repository\org\springframework\spring-web\6.1.11\spring-web-6.1.11.jar;C:\Users\nmene\.m2\repository\io\micrometer\micrometer-observation\1.13.2\micrometer-observation-1.13.2.jar;C:\Users\nmene\.m2\repository\io\micrometer\micrometer-commons\1.13.2\micrometer-commons-1.13.2.jar;C:\Users\nmene\.m2\repository\org\springframework\spring-webmvc\6.1.11\spring-webmvc-6.1.11.jar;C:\Users\nmene\.m2\repository\org\springframework\spring-expression\6.1.11\spring-expression-6.1.11.jar;C:\Users\nmene\.m2\repository\com\mysql\mysql-connector-j\8.3.0\mysql-connector-j-8.3.0.jar;C:\Users\nmene\.m2\repository\org\projectlombok\lombok\1.18.34\lombok-1.18.34.jar;C:\Users\nmene\.m2\repository\jakarta\xml\bind\jakarta.xml.bind-api\4.0.2\jakarta.xml.bind-api-4.0.2.jar;C:\Users\nmene\.m2\repository\jakarta\activation\jakarta.activation-api\2.1.3\jakarta.activation-api-2.1.3.jar;C:\Users\nmene\.m2\repository\org\springframework\spring-core\6.1.11\spring-core-6.1.11.jar;C:\Users\nmene\.m2\repository\org\springframework\spring-jcl\6.1.11\spring-jcl-6.1.11.jar
Launcher Type: SUN_STANDARD

[Global flags]
     intx CICompilerCount                          = 4                                         {product} {ergonomic}
     uint ConcGCThreads                            = 2                                         {product} {ergonomic}
     uint G1ConcRefinementThreads                  = 8                                         {product} {ergonomic}
   size_t G1HeapRegionSize                         = 1048576                                   {product} {ergonomic}
   size_t InitialHeapSize                          = 117440512                                 {product} {ergonomic}
   size_t MarkStackSize                            = 4194304                                   {product} {ergonomic}
   size_t MarkStackSizeMax                         = 536870912                                 {product} {ergonomic}
   size_t MaxHeapSize                              = 1866465280                                {product} {ergonomic}
   size_t MaxNewSize                               = 1119879168                                {product} {ergonomic}
   size_t MinHeapDeltaBytes                        = 1048576                                   {product} {ergonomic}
   size_t MinHeapSize                              = 8388608                                   {product} {ergonomic}
    uintx NonNMethodCodeHeapSize                   = 5832704                                {pd product} {ergonomic}
    uintx NonProfiledCodeHeapSize                  = 122945536                              {pd product} {ergonomic}
    uintx ProfiledCodeHeapSize                     = 122880000                              {pd product} {ergonomic}
    uintx ReservedCodeCacheSize                    = 251658240                              {pd product} {ergonomic}
     bool SegmentedCodeCache                       = true                                      {product} {ergonomic}
     bool ShowCodeDetailsInExceptionMessages       = true                                   {manageable} {command line}
   size_t SoftMaxHeapSize                          = 1866465280                             {manageable} {ergonomic}
     bool UseCompressedOops                        = true                           {product lp64_product} {ergonomic}
     bool UseG1GC                                  = true                                      {product} {ergonomic}
     bool UseLargePagesIndividualAllocation        = false                                  {pd product} {ergonomic}

Logging:
Log output configuration:
 #0: stdout all=warning uptime,level,tags foldmultilines=false
 #1: stderr all=off uptime,level,tags foldmultilines=false

Environment Variables:
JAVA_HOME=C:\Program Files\Java\jdk-23
PATH=C:\Windows\system32;C:\Windows;C:\Windows\System32\Wbem;C:\Windows\System32\WindowsPowerShell\v1.0\;C:\Windows\System32\OpenSSH\;C:\Program Files\Git\cmd;C:\Program Files\nodejs\;C:\Program Files\MySQL\MySQL Shell 8.0\bin\;C:\Users\nmene\AppData\Local\Microsoft\WindowsApps;C:\Users\nmene\AppData\Local\Programs\Microsoft VS Code\bin;C:\Program Files\Java\jdk-23\bin;C:\Users\nmene\AppData\Roaming\npm
USERNAME=nmene
LANG=en_US.UTF-8
OS=Windows_NT
PROCESSOR_IDENTIFIER=AMD64 Family 23 Model 17 Stepping 0, AuthenticAMD
TMP=C:\Users\nmene\AppData\Local\Temp
TEMP=C:\Users\nmene\AppData\Local\Temp




Periodic native trim disabled

---------------  S Y S T E M  ---------------

OS:
 Windows 11 , 64 bit Build 22621 (10.0.22621.3672)
OS uptime: 25 days 6:49 hours

CPU: total 8 (initial active 8) (8 cores per cpu, 2 threads per core) family 23 model 17 stepping 0 microcode 0x0, cx8, cmov, fxsr, ht, mmx, 3dnowpref, sse, sse2, sse3, ssse3, sse4a, sse4.1, sse4.2, popcnt, lzcnt, tsc, tscinvbit, avx, avx2, aes, clmul, bmi1, bmi2, adx, sha, fma, vzeroupper, clflush, clflushopt, rdtscp, f16c
Processor Information for the first 8 processors :
  Max Mhz: 2000, Current Mhz: 2000, Mhz Limit: 2000

Memory: 4k page, system-wide physical 7117M (439M free)
TotalPageFile size 21313M (AvailPageFile size 173M)
current process WorkingSet (physical memory assigned to process): 77M, peak: 77M
current process commit charge ("private bytes"): 211M, peak: 211M

vm_info: OpenJDK 64-Bit Server VM (23-ea+27-2275) for windows-amd64 JRE (23-ea+27-2275), built on 2024-06-13T08:24:49Z with MS VC++ 17.6 (VS2022)

END.
